Determining if the include file pthread.h exists failed with the following output:
Change Dir: C:/Users/Nancy/source/repos/curl-7.61.1/CMakeFiles/CMakeTmp

Run Build Command:"C:/Program Files (x86)/Microsoft Visual Studio/2017/Community/MSBuild/15.0/Bin/MSBuild.exe" "cmTC_49386.vcxproj" "/p:Configuration=Debug" "/p:VisualStudioVersion=15.0"
Microsoft (R) Build Engine version 15.8.169+g1ccb72aefa for .NET Framework
Copyright (C) Microsoft Corporation. All rights reserved.

Build started 10/28/2018 6:13:06 AM.
Project "C:\Users\Nancy\source\repos\curl-7.61.1\CMakeFiles\CMakeTmp\cmTC_49386.vcxproj" on node 1 (default targets).
PrepareForBuild:
  Creating directory "cmTC_49386.dir\Debug\".
  Creating directory "C:\Users\Nancy\source\repos\curl-7.61.1\CMakeFiles\CMakeTmp\Debug\".
  Creating directory "cmTC_49386.dir\Debug\cmTC_49386.tlog\".
InitializeBuildStatus:
  Creating "cmTC_49386.dir\Debug\cmTC_49386.tlog\unsuccessfulbuild" because "AlwaysCreate" was specified.
ClCompile:
  C:\Program Files (x86)\Microsoft Visual Studio\2017\Community\VC\Tools\MSVC\14.15.26726\bin\HostX86\x86\CL.exe /c /Zi /W3 /WX- /diagnostics:classic /Od /Ob0 /Oy- /D WIN32 /D _WINDOWS /D _WINSOCKAPI_= /D "CMAKE_INTDIR=\"Debug\"" /D _MBCS /Gm- /RTC1 /MDd /GS /fp:precise /Zc:wchar_t /Zc:forScope /Zc:inline /Fo"cmTC_49386.dir\Debug\\" /Fd"cmTC_49386.dir\Debug\vc141.pdb" /Gd /TC /analyze- /FC /errorReport:queue "C:\Users\Nancy\source\repos\curl-7.61.1\CMakeFiles\CMakeTmp\CheckIncludeFile.c"
  Microsoft (R) C/C++ Optimizing Compiler Version 19.15.26730 for x86
  Copyright (C) Microsoft Corporation.  All rights reserved.
  
  cl /c /Zi /W3 /WX- /diagnostics:classic /Od /Ob0 /Oy- /D WIN32 /D _WINDOWS /D _WINSOCKAPI_= /D "CMAKE_INTDIR=\"Debug\"" /D _MBCS /Gm- /RTC1 /MDd /GS /fp:precise /Zc:wchar_t /Zc:forScope /Zc:inline /Fo"cmTC_49386.dir\Debug\\" /Fd"cmTC_49386.dir\Debug\vc141.pdb" /Gd /TC /analyze- /FC /errorReport:queue "C:\Users\Nancy\source\repos\curl-7.61.1\CMakeFiles\CMakeTmp\CheckIncludeFile.c"
  CheckIncludeFile.c
  
c:\users\nancy\source\repos\curl-7.61.1\cmakefiles\cmaketmp\checkincludefile.c(1): fatal error C1083: Cannot open include file: 'pthread.h': No such file or directory [C:\Users\Nancy\source\repos\curl-7.61.1\CMakeFiles\CMakeTmp\cmTC_49386.vcxproj]
Done Building Project "C:\Users\Nancy\source\repos\curl-7.61.1\CMakeFiles\CMakeTmp\cmTC_49386.vcxproj" (default targets) -- FAILED.

Build FAILED.

"C:\Users\Nancy\source\repos\curl-7.61.1\CMakeFiles\CMakeTmp\cmTC_49386.vcxproj" (default target) (1) ->
(ClCompile target) -> 
  c:\users\nancy\source\repos\curl-7.61.1\cmakefiles\cmaketmp\checkincludefile.c(1): fatal error C1083: Cannot open include file: 'pthread.h': No such file or directory [C:\Users\Nancy\source\repos\curl-7.61.1\CMakeFiles\CMakeTmp\cmTC_49386.vcxproj]

    0 Warning(s)
    1 Error(s)

Time Elapsed 00:00:01.51


Determining if files ;winldap.h exist failed with the following output:
Change Dir: C:/Users/Nancy/source/repos/curl-7.61.1/CMakeFiles/CMakeTmp

Run Build Command:"C:/Program Files (x86)/Microsoft Visual Studio/2017/Community/MSBuild/15.0/Bin/MSBuild.exe" "cmTC_5b4fc.vcxproj" "/p:Configuration=Debug" "/p:VisualStudioVersion=15.0"
Microsoft (R) Build Engine version 15.8.169+g1ccb72aefa for .NET Framework
Copyright (C) Microsoft Corporation. All rights reserved.

Build started 10/28/2018 6:13:19 AM.
Project "C:\Users\Nancy\source\repos\curl-7.61.1\CMakeFiles\CMakeTmp\cmTC_5b4fc.vcxproj" on node 1 (default targets).
PrepareForBuild:
  Creating directory "cmTC_5b4fc.dir\Debug\".
  Creating directory "C:\Users\Nancy\source\repos\curl-7.61.1\CMakeFiles\CMakeTmp\Debug\".
  Creating directory "cmTC_5b4fc.dir\Debug\cmTC_5b4fc.tlog\".
InitializeBuildStatus:
  Creating "cmTC_5b4fc.dir\Debug\cmTC_5b4fc.tlog\unsuccessfulbuild" because "AlwaysCreate" was specified.
ClCompile:
  C:\Program Files (x86)\Microsoft Visual Studio\2017\Community\VC\Tools\MSVC\14.15.26726\bin\HostX86\x86\CL.exe /c /Zi /W3 /WX- /diagnostics:classic /Od /Ob0 /Oy- /D WIN32 /D _WINDOWS /D _WINSOCKAPI_= /D "CMAKE_INTDIR=\"Debug\"" /D _MBCS /Gm- /RTC1 /MDd /GS /fp:precise /Zc:wchar_t /Zc:forScope /Zc:inline /Fo"cmTC_5b4fc.dir\Debug\\" /Fd"cmTC_5b4fc.dir\Debug\vc141.pdb" /Gd /TC /analyze- /FC /errorReport:queue "C:\Users\Nancy\source\repos\curl-7.61.1\CMakeFiles\CheckIncludeFiles\HAVE_WINLDAP_H.c"
  Microsoft (R) C/C++ Optimizing Compiler Version 19.15.26730 for x86
  Copyright (C) Microsoft Corporation.  All rights reserved.
  
  cl /c /Zi /W3 /WX- /diagnostics:classic /Od /Ob0 /Oy- /D WIN32 /D _WINDOWS /D _WINSOCKAPI_= /D "CMAKE_INTDIR=\"Debug\"" /D _MBCS /Gm- /RTC1 /MDd /GS /fp:precise /Zc:wchar_t /Zc:forScope /Zc:inline /Fo"cmTC_5b4fc.dir\Debug\\" /Fd"cmTC_5b4fc.dir\Debug\vc141.pdb" /Gd /TC /analyze- /FC /errorReport:queue "C:\Users\Nancy\source\repos\curl-7.61.1\CMakeFiles\CheckIncludeFiles\HAVE_WINLDAP_H.c"
  HAVE_WINLDAP_H.c
  
c:\program files (x86)\windows kits\8.1\include\um\winnt.h(147): fatal error C1189: #error:  "No Target Architecture" [C:\Users\Nancy\source\repos\curl-7.61.1\CMakeFiles\CMakeTmp\cmTC_5b4fc.vcxproj]
Done Building Project "C:\Users\Nancy\source\repos\curl-7.61.1\CMakeFiles\CMakeTmp\cmTC_5b4fc.vcxproj" (default targets) -- FAILED.

Build FAILED.

"C:\Users\Nancy\source\repos\curl-7.61.1\CMakeFiles\CMakeTmp\cmTC_5b4fc.vcxproj" (default target) (1) ->
(ClCompile target) -> 
  c:\program files (x86)\windows kits\8.1\include\um\winnt.h(147): fatal error C1189: #error:  "No Target Architecture" [C:\Users\Nancy\source\repos\curl-7.61.1\CMakeFiles\CMakeTmp\cmTC_5b4fc.vcxproj]

    0 Warning(s)
    1 Error(s)

Time Elapsed 00:00:01.48

Source:
/* */
#include <winldap.h>


int main(void){return 0;}

Determining if files ;winber.h exist failed with the following output:
Change Dir: C:/Users/Nancy/source/repos/curl-7.61.1/CMakeFiles/CMakeTmp

Run Build Command:"C:/Program Files (x86)/Microsoft Visual Studio/2017/Community/MSBuild/15.0/Bin/MSBuild.exe" "cmTC_28225.vcxproj" "/p:Configuration=Debug" "/p:VisualStudioVersion=15.0"
Microsoft (R) Build Engine version 15.8.169+g1ccb72aefa for .NET Framework
Copyright (C) Microsoft Corporation. All rights reserved.

Build started 10/28/2018 6:13:22 AM.
Project "C:\Users\Nancy\source\repos\curl-7.61.1\CMakeFiles\CMakeTmp\cmTC_28225.vcxproj" on node 1 (default targets).
PrepareForBuild:
  Creating directory "cmTC_28225.dir\Debug\".
  Creating directory "C:\Users\Nancy\source\repos\curl-7.61.1\CMakeFiles\CMakeTmp\Debug\".
  Creating directory "cmTC_28225.dir\Debug\cmTC_28225.tlog\".
InitializeBuildStatus:
  Creating "cmTC_28225.dir\Debug\cmTC_28225.tlog\unsuccessfulbuild" because "AlwaysCreate" was specified.
ClCompile:
  C:\Program Files (x86)\Microsoft Visual Studio\2017\Community\VC\Tools\MSVC\14.15.26726\bin\HostX86\x86\CL.exe /c /Zi /W3 /WX- /diagnostics:classic /Od /Ob0 /Oy- /D WIN32 /D _WINDOWS /D _WINSOCKAPI_= /D "CMAKE_INTDIR=\"Debug\"" /D _MBCS /Gm- /RTC1 /MDd /GS /fp:precise /Zc:wchar_t /Zc:forScope /Zc:inline /Fo"cmTC_28225.dir\Debug\\" /Fd"cmTC_28225.dir\Debug\vc141.pdb" /Gd /TC /analyze- /FC /errorReport:queue "C:\Users\Nancy\source\repos\curl-7.61.1\CMakeFiles\CheckIncludeFiles\HAVE_WINBER_H.c"
  Microsoft (R) C/C++ Optimizing Compiler Version 19.15.26730 for x86
  Copyright (C) Microsoft Corporation.  All rights reserved.
  
  cl /c /Zi /W3 /WX- /diagnostics:classic /Od /Ob0 /Oy- /D WIN32 /D _WINDOWS /D _WINSOCKAPI_= /D "CMAKE_INTDIR=\"Debug\"" /D _MBCS /Gm- /RTC1 /MDd /GS /fp:precise /Zc:wchar_t /Zc:forScope /Zc:inline /Fo"cmTC_28225.dir\Debug\\" /Fd"cmTC_28225.dir\Debug\vc141.pdb" /Gd /TC /analyze- /FC /errorReport:queue "C:\Users\Nancy\source\repos\curl-7.61.1\CMakeFiles\CheckIncludeFiles\HAVE_WINBER_H.c"
  HAVE_WINBER_H.c
  
c:\program files (x86)\windows kits\8.1\include\um\winber.h(67): error C2061: syntax error: identifier 'BerElement' [C:\Users\Nancy\source\repos\curl-7.61.1\CMakeFiles\CMakeTmp\cmTC_28225.vcxproj]
c:\program files (x86)\windows kits\8.1\include\um\winber.h(67): error C2059: syntax error: ';' [C:\Users\Nancy\source\repos\curl-7.61.1\CMakeFiles\CMakeTmp\cmTC_28225.vcxproj]
c:\program files (x86)\windows kits\8.1\include\um\winber.h(67): error C2143: syntax error: missing ')' before '*' [C:\Users\Nancy\source\repos\curl-7.61.1\CMakeFiles\CMakeTmp\cmTC_28225.vcxproj]
c:\program files (x86)\windows kits\8.1\include\um\winber.h(67): error C2143: syntax error: missing '{' before '*' [C:\Users\Nancy\source\repos\curl-7.61.1\CMakeFiles\CMakeTmp\cmTC_28225.vcxproj]
c:\program files (x86)\windows kits\8.1\include\um\winber.h(67): error C2059: syntax error: ')' [C:\Users\Nancy\source\repos\curl-7.61.1\CMakeFiles\CMakeTmp\cmTC_28225.vcxproj]
c:\program files (x86)\windows kits\8.1\include\um\winber.h(76): error C2061: syntax error: identifier 'VOID' [C:\Users\Nancy\source\repos\curl-7.61.1\CMakeFiles\CMakeTmp\cmTC_28225.vcxproj]
c:\program files (x86)\windows kits\8.1\include\um\winber.h(76): error C2059: syntax error: ';' [C:\Users\Nancy\source\repos\curl-7.61.1\CMakeFiles\CMakeTmp\cmTC_28225.vcxproj]
c:\program files (x86)\windows kits\8.1\include\um\winber.h(76): error C2143: syntax error: missing ')' before '*' [C:\Users\Nancy\source\repos\curl-7.61.1\CMakeFiles\CMakeTmp\cmTC_28225.vcxproj]
c:\program files (x86)\windows kits\8.1\include\um\winber.h(76): error C2143: syntax error: missing '{' before '*' [C:\Users\Nancy\source\repos\curl-7.61.1\CMakeFiles\CMakeTmp\cmTC_28225.vcxproj]
c:\program files (x86)\windows kits\8.1\include\um\winber.h(76): error C2146: syntax error: missing ';' before identifier 'fbuf' [C:\Users\Nancy\source\repos\curl-7.61.1\CMakeFiles\CMakeTmp\cmTC_28225.vcxproj]
c:\program files (x86)\windows kits\8.1\include\um\winber.h(76): error C2059: syntax error: ')' [C:\Users\Nancy\source\repos\curl-7.61.1\CMakeFiles\CMakeTmp\cmTC_28225.vcxproj]
c:\program files (x86)\windows kits\8.1\include\um\winber.h(84): error C2061: syntax error: identifier 'VOID' [C:\Users\Nancy\source\repos\curl-7.61.1\CMakeFiles\CMakeTmp\cmTC_28225.vcxproj]
c:\program files (x86)\windows kits\8.1\include\um\winber.h(84): error C2059: syntax error: ';' [C:\Users\Nancy\source\repos\curl-7.61.1\CMakeFiles\CMakeTmp\cmTC_28225.vcxproj]
c:\program files (x86)\windows kits\8.1\include\um\winber.h(84): error C2143: syntax error: missing ')' before '*' [C:\Users\Nancy\source\repos\curl-7.61.1\CMakeFiles\CMakeTmp\cmTC_28225.vcxproj]
c:\program files (x86)\windows kits\8.1\include\um\winber.h(84): error C2143: syntax error: missing '{' before '*' [C:\Users\Nancy\source\repos\curl-7.61.1\CMakeFiles\CMakeTmp\cmTC_28225.vcxproj]
c:\program files (x86)\windows kits\8.1\include\um\winber.h(84): error C2059: syntax error: ')' [C:\Users\Nancy\source\repos\curl-7.61.1\CMakeFiles\CMakeTmp\cmTC_28225.vcxproj]
c:\program files (x86)\windows kits\8.1\include\um\winber.h(91): error C2061: syntax error: identifier 'VOID' [C:\Users\Nancy\source\repos\curl-7.61.1\CMakeFiles\CMakeTmp\cmTC_28225.vcxproj]
c:\program files (x86)\windows kits\8.1\include\um\winber.h(91): error C2059: syntax error: ';' [C:\Users\Nancy\source\repos\curl-7.61.1\CMakeFiles\CMakeTmp\cmTC_28225.vcxproj]
c:\program files (x86)\windows kits\8.1\include\um\winber.h(91): error C2143: syntax error: missing ')' before '*' [C:\Users\Nancy\source\repos\curl-7.61.1\CMakeFiles\CMakeTmp\cmTC_28225.vcxproj]
c:\program files (x86)\windows kits\8.1\include\um\winber.h(91): error C2143: syntax error: missing '{' before '*' [C:\Users\Nancy\source\repos\curl-7.61.1\CMakeFiles\CMakeTmp\cmTC_28225.vcxproj]
c:\program files (x86)\windows kits\8.1\include\um\winber.h(91): error C2059: syntax error: ')' [C:\Users\Nancy\source\repos\curl-7.61.1\CMakeFiles\CMakeTmp\cmTC_28225.vcxproj]
c:\program files (x86)\windows kits\8.1\include\um\winber.h(97): error C2061: syntax error: identifier 'BERVAL' [C:\Users\Nancy\source\repos\curl-7.61.1\CMakeFiles\CMakeTmp\cmTC_28225.vcxproj]
c:\program files (x86)\windows kits\8.1\include\um\winber.h(97): error C2059: syntax error: ';' [C:\Users\Nancy\source\repos\curl-7.61.1\CMakeFiles\CMakeTmp\cmTC_28225.vcxproj]
c:\program files (x86)\windows kits\8.1\include\um\winber.h(97): error C2143: syntax error: missing ')' before '*' [C:\Users\Nancy\source\repos\curl-7.61.1\CMakeFiles\CMakeTmp\cmTC_28225.vcxproj]
c:\program files (x86)\windows kits\8.1\include\um\winber.h(97): error C2143: syntax error: missing '{' before '*' [C:\Users\Nancy\source\repos\curl-7.61.1\CMakeFiles\CMakeTmp\cmTC_28225.vcxproj]
c:\program files (x86)\windows kits\8.1\include\um\winber.h(97): error C2059: syntax error: ')' [C:\Users\Nancy\source\repos\curl-7.61.1\CMakeFiles\CMakeTmp\cmTC_28225.vcxproj]
c:\program files (x86)\windows kits\8.1\include\um\winber.h(108): error C2061: syntax error: identifier 'BerElement' [C:\Users\Nancy\source\repos\curl-7.61.1\CMakeFiles\CMakeTmp\cmTC_28225.vcxproj]
c:\program files (x86)\windows kits\8.1\include\um\winber.h(108): error C2059: syntax error: ';' [C:\Users\Nancy\source\repos\curl-7.61.1\CMakeFiles\CMakeTmp\cmTC_28225.vcxproj]
c:\program files (x86)\windows kits\8.1\include\um\winber.h(108): error C2146: syntax error: missing ')' before identifier 'options' [C:\Users\Nancy\source\repos\curl-7.61.1\CMakeFiles\CMakeTmp\cmTC_28225.vcxproj]
c:\program files (x86)\windows kits\8.1\include\um\winber.h(108): error C2061: syntax error: identifier 'options' [C:\Users\Nancy\source\repos\curl-7.61.1\CMakeFiles\CMakeTmp\cmTC_28225.vcxproj]
c:\program files (x86)\windows kits\8.1\include\um\winber.h(108): error C2059: syntax error: ')' [C:\Users\Nancy\source\repos\curl-7.61.1\CMakeFiles\CMakeTmp\cmTC_28225.vcxproj]
c:\program files (x86)\windows kits\8.1\include\um\winber.h(124): error C2061: syntax error: identifier 'ULONG' [C:\Users\Nancy\source\repos\curl-7.61.1\CMakeFiles\CMakeTmp\cmTC_28225.vcxproj]
c:\program files (x86)\windows kits\8.1\include\um\winber.h(124): error C2059: syntax error: ';' [C:\Users\Nancy\source\repos\curl-7.61.1\CMakeFiles\CMakeTmp\cmTC_28225.vcxproj]
c:\program files (x86)\windows kits\8.1\include\um\winber.h(124): error C2143: syntax error: missing ')' before '*' [C:\Users\Nancy\source\repos\curl-7.61.1\CMakeFiles\CMakeTmp\cmTC_28225.vcxproj]
c:\program files (x86)\windows kits\8.1\include\um\winber.h(124): error C2143: syntax error: missing '{' before '*' [C:\Users\Nancy\source\repos\curl-7.61.1\CMakeFiles\CMakeTmp\cmTC_28225.vcxproj]
c:\program files (x86)\windows kits\8.1\include\um\winber.h(124): error C2143: syntax error: missing ';' before '*' [C:\Users\Nancy\source\repos\curl-7.61.1\CMakeFiles\CMakeTmp\cmTC_28225.vcxproj]
c:\program files (x86)\windows kits\8.1\include\um\winber.h(124): error C2059: syntax error: ')' [C:\Users\Nancy\source\repos\curl-7.61.1\CMakeFiles\CMakeTmp\cmTC_28225.vcxproj]
c:\program files (x86)\windows kits\8.1\include\um\winber.h(135): error C2061: syntax error: identifier 'ULONG' [C:\Users\Nancy\source\repos\curl-7.61.1\CMakeFiles\CMakeTmp\cmTC_28225.vcxproj]
c:\program files (x86)\windows kits\8.1\include\um\winber.h(135): error C2059: syntax error: ';' [C:\Users\Nancy\source\repos\curl-7.61.1\CMakeFiles\CMakeTmp\cmTC_28225.vcxproj]
c:\program files (x86)\windows kits\8.1\include\um\winber.h(135): error C2143: syntax error: missing ')' before '*' [C:\Users\Nancy\source\repos\curl-7.61.1\CMakeFiles\CMakeTmp\cmTC_28225.vcxproj]
c:\program files (x86)\windows kits\8.1\include\um\winber.h(135): error C2143: syntax error: missing '{' before '*' [C:\Users\Nancy\source\repos\curl-7.61.1\CMakeFiles\CMakeTmp\cmTC_28225.vcxproj]
c:\program files (x86)\windows kits\8.1\include\um\winber.h(135): error C2143: syntax error: missing ';' before '*' [C:\Users\Nancy\source\repos\curl-7.61.1\CMakeFiles\CMakeTmp\cmTC_28225.vcxproj]
c:\program files (x86)\windows kits\8.1\include\um\winber.h(135): error C2059: syntax error: ')' [C:\Users\Nancy\source\repos\curl-7.61.1\CMakeFiles\CMakeTmp\cmTC_28225.vcxproj]
c:\program files (x86)\windows kits\8.1\include\um\winber.h(146): error C2061: syntax error: identifier 'ULONG' [C:\Users\Nancy\source\repos\curl-7.61.1\CMakeFiles\CMakeTmp\cmTC_28225.vcxproj]
c:\program files (x86)\windows kits\8.1\include\um\winber.h(146): error C2059: syntax error: ';' [C:\Users\Nancy\source\repos\curl-7.61.1\CMakeFiles\CMakeTmp\cmTC_28225.vcxproj]
c:\program files (x86)\windows kits\8.1\include\um\winber.h(146): error C2143: syntax error: missing ')' before '*' [C:\Users\Nancy\source\repos\curl-7.61.1\CMakeFiles\CMakeTmp\cmTC_28225.vcxproj]
c:\program files (x86)\windows kits\8.1\include\um\winber.h(146): error C2143: syntax error: missing '{' before '*' [C:\Users\Nancy\source\repos\curl-7.61.1\CMakeFiles\CMakeTmp\cmTC_28225.vcxproj]
c:\program files (x86)\windows kits\8.1\include\um\winber.h(146): error C2143: syntax error: missing ';' before '*' [C:\Users\Nancy\source\repos\curl-7.61.1\CMakeFiles\CMakeTmp\cmTC_28225.vcxproj]
c:\program files (x86)\windows kits\8.1\include\um\winber.h(146): error C2146: syntax error: missing ';' before identifier 'CHAR' [C:\Users\Nancy\source\repos\curl-7.61.1\CMakeFiles\CMakeTmp\cmTC_28225.vcxproj]
c:\program files (x86)\windows kits\8.1\include\um\winber.h(146): error C2059: syntax error: ')' [C:\Users\Nancy\source\repos\curl-7.61.1\CMakeFiles\CMakeTmp\cmTC_28225.vcxproj]
c:\program files (x86)\windows kits\8.1\include\um\winber.h(156): error C2061: syntax error: identifier 'ULONG' [C:\Users\Nancy\source\repos\curl-7.61.1\CMakeFiles\CMakeTmp\cmTC_28225.vcxproj]
c:\program files (x86)\windows kits\8.1\include\um\winber.h(156): error C2059: syntax error: ';' [C:\Users\Nancy\source\repos\curl-7.61.1\CMakeFiles\CMakeTmp\cmTC_28225.vcxproj]
c:\program files (x86)\windows kits\8.1\include\um\winber.h(156): error C2143: syntax error: missing ')' before '*' [C:\Users\Nancy\source\repos\curl-7.61.1\CMakeFiles\CMakeTmp\cmTC_28225.vcxproj]
c:\program files (x86)\windows kits\8.1\include\um\winber.h(156): error C2143: syntax error: missing '{' before '*' [C:\Users\Nancy\source\repos\curl-7.61.1\CMakeFiles\CMakeTmp\cmTC_28225.vcxproj]
c:\program files (x86)\windows kits\8.1\include\um\winber.h(156): error C2143: syntax error: missing ';' before '*' [C:\Users\Nancy\source\repos\curl-7.61.1\CMakeFiles\CMakeTmp\cmTC_28225.vcxproj]
c:\program files (x86)\windows kits\8.1\include\um\winber.h(156): error C2146: syntax error: missing ';' before identifier 'CHAR' [C:\Users\Nancy\source\repos\curl-7.61.1\CMakeFiles\CMakeTmp\cmTC_28225.vcxproj]
c:\program files (x86)\windows kits\8.1\include\um\winber.h(156): error C2059: syntax error: ')' [C:\Users\Nancy\source\repos\curl-7.61.1\CMakeFiles\CMakeTmp\cmTC_28225.vcxproj]
c:\program files (x86)\windows kits\8.1\include\um\winber.h(165): error C2061: syntax error: identifier 'INT' [C:\Users\Nancy\source\repos\curl-7.61.1\CMakeFiles\CMakeTmp\cmTC_28225.vcxproj]
c:\program files (x86)\windows kits\8.1\include\um\winber.h(165): error C2059: syntax error: ';' [C:\Users\Nancy\source\repos\curl-7.61.1\CMakeFiles\CMakeTmp\cmTC_28225.vcxproj]
c:\program files (x86)\windows kits\8.1\include\um\winber.h(165): error C2143: syntax error: missing ')' before '*' [C:\Users\Nancy\source\repos\curl-7.61.1\CMakeFiles\CMakeTmp\cmTC_28225.vcxproj]
c:\program files (x86)\windows kits\8.1\include\um\winber.h(165): error C2143: syntax error: missing '{' before '*' [C:\Users\Nancy\source\repos\curl-7.61.1\CMakeFiles\CMakeTmp\cmTC_28225.vcxproj]
c:\program files (x86)\windows kits\8.1\include\um\winber.h(165): error C2143: syntax error: missing ';' before '*' [C:\Users\Nancy\source\repos\curl-7.61.1\CMakeFiles\CMakeTmp\cmTC_28225.vcxproj]
c:\program files (x86)\windows kits\8.1\include\um\winber.h(165): error C2059: syntax error: ')' [C:\Users\Nancy\source\repos\curl-7.61.1\CMakeFiles\CMakeTmp\cmTC_28225.vcxproj]
c:\program files (x86)\windows kits\8.1\include\um\winber.h(248): error C2061: syntax error: identifier 'INT' [C:\Users\Nancy\source\repos\curl-7.61.1\CMakeFiles\CMakeTmp\cmTC_28225.vcxproj]
c:\program files (x86)\windows kits\8.1\include\um\winber.h(248): error C2059: syntax error: ';' [C:\Users\Nancy\source\repos\curl-7.61.1\CMakeFiles\CMakeTmp\cmTC_28225.vcxproj]
c:\program files (x86)\windows kits\8.1\include\um\winber.h(248): error C2143: syntax error: missing ')' before '*' [C:\Users\Nancy\source\repos\curl-7.61.1\CMakeFiles\CMakeTmp\cmTC_28225.vcxproj]
c:\program files (x86)\windows kits\8.1\include\um\winber.h(248): error C2143: syntax error: missing '{' before '*' [C:\Users\Nancy\source\repos\curl-7.61.1\CMakeFiles\CMakeTmp\cmTC_28225.vcxproj]
c:\program files (x86)\windows kits\8.1\include\um\winber.h(248): error C2146: syntax error: missing ';' before identifier 'PSTR' [C:\Users\Nancy\source\repos\curl-7.61.1\CMakeFiles\CMakeTmp\cmTC_28225.vcxproj]
c:\program files (x86)\windows kits\8.1\include\um\winber.h(248): error C2061: syntax error: identifier 'fmt' [C:\Users\Nancy\source\repos\curl-7.61.1\CMakeFiles\CMakeTmp\cmTC_28225.vcxproj]
c:\program files (x86)\windows kits\8.1\include\um\winber.h(248): error C2059: syntax error: ',' [C:\Users\Nancy\source\repos\curl-7.61.1\CMakeFiles\CMakeTmp\cmTC_28225.vcxproj]
c:\program files (x86)\windows kits\8.1\include\um\winber.h(248): error C2059: syntax error: ')' [C:\Users\Nancy\source\repos\curl-7.61.1\CMakeFiles\CMakeTmp\cmTC_28225.vcxproj]
c:\program files (x86)\windows kits\8.1\include\um\winber.h(340): error C2061: syntax error: identifier 'ULONG' [C:\Users\Nancy\source\repos\curl-7.61.1\CMakeFiles\CMakeTmp\cmTC_28225.vcxproj]
c:\program files (x86)\windows kits\8.1\include\um\winber.h(340): error C2059: syntax error: ';' [C:\Users\Nancy\source\repos\curl-7.61.1\CMakeFiles\CMakeTmp\cmTC_28225.vcxproj]
c:\program files (x86)\windows kits\8.1\include\um\winber.h(340): error C2143: syntax error: missing ')' before '*' [C:\Users\Nancy\source\repos\curl-7.61.1\CMakeFiles\CMakeTmp\cmTC_28225.vcxproj]
c:\program files (x86)\windows kits\8.1\include\um\winber.h(340): error C2143: syntax error: missing '{' before '*' [C:\Users\Nancy\source\repos\curl-7.61.1\CMakeFiles\CMakeTmp\cmTC_28225.vcxproj]
c:\program files (x86)\windows kits\8.1\include\um\winber.h(340): error C2146: syntax error: missing ';' before identifier 'PSTR' [C:\Users\Nancy\source\repos\curl-7.61.1\CMakeFiles\CMakeTmp\cmTC_28225.vcxproj]
c:\program files (x86)\windows kits\8.1\include\um\winber.h(340): error C2061: syntax error: identifier 'fmt' [C:\Users\Nancy\source\repos\curl-7.61.1\CMakeFiles\CMakeTmp\cmTC_28225.vcxproj]
c:\program files (x86)\windows kits\8.1\include\um\winber.h(340): error C2059: syntax error: ',' [C:\Users\Nancy\source\repos\curl-7.61.1\CMakeFiles\CMakeTmp\cmTC_28225.vcxproj]
c:\program files (x86)\windows kits\8.1\include\um\winber.h(340): error C2059: syntax error: ')' [C:\Users\Nancy\source\repos\curl-7.61.1\CMakeFiles\CMakeTmp\cmTC_28225.vcxproj]
Done Building Project "C:\Users\Nancy\source\repos\curl-7.61.1\CMakeFiles\CMakeTmp\cmTC_28225.vcxproj" (default targets) -- FAILED.

Build FAILED.

"C:\Users\Nancy\source\repos\curl-7.61.1\CMakeFiles\CMakeTmp\cmTC_28225.vcxproj" (default target) (1) ->
(ClCompile target) -> 
  c:\program files (x86)\windows kits\8.1\include\um\winber.h(67): error C2061: syntax error: identifier 'BerElement' [C:\Users\Nancy\source\repos\curl-7.61.1\CMakeFiles\CMakeTmp\cmTC_28225.vcxproj]
  c:\program files (x86)\windows kits\8.1\include\um\winber.h(67): error C2059: syntax error: ';' [C:\Users\Nancy\source\repos\curl-7.61.1\CMakeFiles\CMakeTmp\cmTC_28225.vcxproj]
  c:\program files (x86)\windows kits\8.1\include\um\winber.h(67): error C2143: syntax error: missing ')' before '*' [C:\Users\Nancy\source\repos\curl-7.61.1\CMakeFiles\CMakeTmp\cmTC_28225.vcxproj]
  c:\program files (x86)\windows kits\8.1\include\um\winber.h(67): error C2143: syntax error: missing '{' before '*' [C:\Users\Nancy\source\repos\curl-7.61.1\CMakeFiles\CMakeTmp\cmTC_28225.vcxproj]
  c:\program files (x86)\windows kits\8.1\include\um\winber.h(67): error C2059: syntax error: ')' [C:\Users\Nancy\source\repos\curl-7.61.1\CMakeFiles\CMakeTmp\cmTC_28225.vcxproj]
  c:\program files (x86)\windows kits\8.1\include\um\winber.h(76): error C2061: syntax error: identifier 'VOID' [C:\Users\Nancy\source\repos\curl-7.61.1\CMakeFiles\CMakeTmp\cmTC_28225.vcxproj]
  c:\program files (x86)\windows kits\8.1\include\um\winber.h(76): error C2059: syntax error: ';' [C:\Users\Nancy\source\repos\curl-7.61.1\CMakeFiles\CMakeTmp\cmTC_28225.vcxproj]
  c:\program files (x86)\windows kits\8.1\include\um\winber.h(76): error C2143: syntax error: missing ')' before '*' [C:\Users\Nancy\source\repos\curl-7.61.1\CMakeFiles\CMakeTmp\cmTC_28225.vcxproj]
  c:\program files (x86)\windows kits\8.1\include\um\winber.h(76): error C2143: syntax error: missing '{' before '*' [C:\Users\Nancy\source\repos\curl-7.61.1\CMakeFiles\CMakeTmp\cmTC_28225.vcxproj]
  c:\program files (x86)\windows kits\8.1\include\um\winber.h(76): error C2146: syntax error: missing ';' before identifier 'fbuf' [C:\Users\Nancy\source\repos\curl-7.61.1\CMakeFiles\CMakeTmp\cmTC_28225.vcxproj]
  c:\program files (x86)\windows kits\8.1\include\um\winber.h(76): error C2059: syntax error: ')' [C:\Users\Nancy\source\repos\curl-7.61.1\CMakeFiles\CMakeTmp\cmTC_28225.vcxproj]
  c:\program files (x86)\windows kits\8.1\include\um\winber.h(84): error C2061: syntax error: identifier 'VOID' [C:\Users\Nancy\source\repos\curl-7.61.1\CMakeFiles\CMakeTmp\cmTC_28225.vcxproj]
  c:\program files (x86)\windows kits\8.1\include\um\winber.h(84): error C2059: syntax error: ';' [C:\Users\Nancy\source\repos\curl-7.61.1\CMakeFiles\CMakeTmp\cmTC_28225.vcxproj]
  c:\program files (x86)\windows kits\8.1\include\um\winber.h(84): error C2143: syntax error: missing ')' before '*' [C:\Users\Nancy\source\repos\curl-7.61.1\CMakeFiles\CMakeTmp\cmTC_28225.vcxproj]
  c:\program files (x86)\windows kits\8.1\include\um\winber.h(84): error C2143: syntax error: missing '{' before '*' [C:\Users\Nancy\source\repos\curl-7.61.1\CMakeFiles\CMakeTmp\cmTC_28225.vcxproj]
  c:\program files (x86)\windows kits\8.1\include\um\winber.h(84): error C2059: syntax error: ')' [C:\Users\Nancy\source\repos\curl-7.61.1\CMakeFiles\CMakeTmp\cmTC_28225.vcxproj]
  c:\program files (x86)\windows kits\8.1\include\um\winber.h(91): error C2061: syntax error: identifier 'VOID' [C:\Users\Nancy\source\repos\curl-7.61.1\CMakeFiles\CMakeTmp\cmTC_28225.vcxproj]
  c:\program files (x86)\windows kits\8.1\include\um\winber.h(91): error C2059: syntax error: ';' [C:\Users\Nancy\source\repos\curl-7.61.1\CMakeFiles\CMakeTmp\cmTC_28225.vcxproj]
  c:\program files (x86)\windows kits\8.1\include\um\winber.h(91): error C2143: syntax error: missing ')' before '*' [C:\Users\Nancy\source\repos\curl-7.61.1\CMakeFiles\CMakeTmp\cmTC_28225.vcxproj]
  c:\program files (x86)\windows kits\8.1\include\um\winber.h(91): error C2143: syntax error: missing '{' before '*' [C:\Users\Nancy\source\repos\curl-7.61.1\CMakeFiles\CMakeTmp\cmTC_28225.vcxproj]
  c:\program files (x86)\windows kits\8.1\include\um\winber.h(91): error C2059: syntax error: ')' [C:\Users\Nancy\source\repos\curl-7.61.1\CMakeFiles\CMakeTmp\cmTC_28225.vcxproj]
  c:\program files (x86)\windows kits\8.1\include\um\winber.h(97): error C2061: syntax error: identifier 'BERVAL' [C:\Users\Nancy\source\repos\curl-7.61.1\CMakeFiles\CMakeTmp\cmTC_28225.vcxproj]
  c:\program files (x86)\windows kits\8.1\include\um\winber.h(97): error C2059: syntax error: ';' [C:\Users\Nancy\source\repos\curl-7.61.1\CMakeFiles\CMakeTmp\cmTC_28225.vcxproj]
  c:\program files (x86)\windows kits\8.1\include\um\winber.h(97): error C2143: syntax error: missing ')' before '*' [C:\Users\Nancy\source\repos\curl-7.61.1\CMakeFiles\CMakeTmp\cmTC_28225.vcxproj]
  c:\program files (x86)\windows kits\8.1\include\um\winber.h(97): error C2143: syntax error: missing '{' before '*' [C:\Users\Nancy\source\repos\curl-7.61.1\CMakeFiles\CMakeTmp\cmTC_28225.vcxproj]
  c:\program files (x86)\windows kits\8.1\include\um\winber.h(97): error C2059: syntax error: ')' [C:\Users\Nancy\source\repos\curl-7.61.1\CMakeFiles\CMakeTmp\cmTC_28225.vcxproj]
  c:\program files (x86)\windows kits\8.1\include\um\winber.h(108): error C2061: syntax error: identifier 'BerElement' [C:\Users\Nancy\source\repos\curl-7.61.1\CMakeFiles\CMakeTmp\cmTC_28225.vcxproj]
  c:\program files (x86)\windows kits\8.1\include\um\winber.h(108): error C2059: syntax error: ';' [C:\Users\Nancy\source\repos\curl-7.61.1\CMakeFiles\CMakeTmp\cmTC_28225.vcxproj]
  c:\program files (x86)\windows kits\8.1\include\um\winber.h(108): error C2146: syntax error: missing ')' before identifier 'options' [C:\Users\Nancy\source\repos\curl-7.61.1\CMakeFiles\CMakeTmp\cmTC_28225.vcxproj]
  c:\program files (x86)\windows kits\8.1\include\um\winber.h(108): error C2061: syntax error: identifier 'options' [C:\Users\Nancy\source\repos\curl-7.61.1\CMakeFiles\CMakeTmp\cmTC_28225.vcxproj]
  c:\program files (x86)\windows kits\8.1\include\um\winber.h(108): error C2059: syntax error: ')' [C:\Users\Nancy\source\repos\curl-7.61.1\CMakeFiles\CMakeTmp\cmTC_28225.vcxproj]
  c:\program files (x86)\windows kits\8.1\include\um\winber.h(124): error C2061: syntax error: identifier 'ULONG' [C:\Users\Nancy\source\repos\curl-7.61.1\CMakeFiles\CMakeTmp\cmTC_28225.vcxproj]
  c:\program files (x86)\windows kits\8.1\include\um\winber.h(124): error C2059: syntax error: ';' [C:\Users\Nancy\source\repos\curl-7.61.1\CMakeFiles\CMakeTmp\cmTC_28225.vcxproj]
  c:\program files (x86)\windows kits\8.1\include\um\winber.h(124): error C2143: syntax error: missing ')' before '*' [C:\Users\Nancy\source\repos\curl-7.61.1\CMakeFiles\CMakeTmp\cmTC_28225.vcxproj]
  c:\program files (x86)\windows kits\8.1\include\um\winber.h(124): error C2143: syntax error: missing '{' before '*' [C:\Users\Nancy\source\repos\curl-7.61.1\CMakeFiles\CMakeTmp\cmTC_28225.vcxproj]
  c:\program files (x86)\windows kits\8.1\include\um\winber.h(124): error C2143: syntax error: missing ';' before '*' [C:\Users\Nancy\source\repos\curl-7.61.1\CMakeFiles\CMakeTmp\cmTC_28225.vcxproj]
  c:\program files (x86)\windows kits\8.1\include\um\winber.h(124): error C2059: syntax error: ')' [C:\Users\Nancy\source\repos\curl-7.61.1\CMakeFiles\CMakeTmp\cmTC_28225.vcxproj]
  c:\program files (x86)\windows kits\8.1\include\um\winber.h(135): error C2061: syntax error: identifier 'ULONG' [C:\Users\Nancy\source\repos\curl-7.61.1\CMakeFiles\CMakeTmp\cmTC_28225.vcxproj]
  c:\program files (x86)\windows kits\8.1\include\um\winber.h(135): error C2059: syntax error: ';' [C:\Users\Nancy\source\repos\curl-7.61.1\CMakeFiles\CMakeTmp\cmTC_28225.vcxproj]
  c:\program files (x86)\windows kits\8.1\include\um\winber.h(135): error C2143: syntax error: missing ')' before '*' [C:\Users\Nancy\source\repos\curl-7.61.1\CMakeFiles\CMakeTmp\cmTC_28225.vcxproj]
  c:\program files (x86)\windows kits\8.1\include\um\winber.h(135): error C2143: syntax error: missing '{' before '*' [C:\Users\Nancy\source\repos\curl-7.61.1\CMakeFiles\CMakeTmp\cmTC_28225.vcxproj]
  c:\program files (x86)\windows kits\8.1\include\um\winber.h(135): error C2143: syntax error: missing ';' before '*' [C:\Users\Nancy\source\repos\curl-7.61.1\CMakeFiles\CMakeTmp\cmTC_28225.vcxproj]
  c:\program files (x86)\windows kits\8.1\include\um\winber.h(135): error C2059: syntax error: ')' [C:\Users\Nancy\source\repos\curl-7.61.1\CMakeFiles\CMakeTmp\cmTC_28225.vcxproj]
  c:\program files (x86)\windows kits\8.1\include\um\winber.h(146): error C2061: syntax error: identifier 'ULONG' [C:\Users\Nancy\source\repos\curl-7.61.1\CMakeFiles\CMakeTmp\cmTC_28225.vcxproj]
  c:\program files (x86)\windows kits\8.1\include\um\winber.h(146): error C2059: syntax error: ';' [C:\Users\Nancy\source\repos\curl-7.61.1\CMakeFiles\CMakeTmp\cmTC_28225.vcxproj]
  c:\program files (x86)\windows kits\8.1\include\um\winber.h(146): error C2143: syntax error: missing ')' before '*' [C:\Users\Nancy\source\repos\curl-7.61.1\CMakeFiles\CMakeTmp\cmTC_28225.vcxproj]
  c:\program files (x86)\windows kits\8.1\include\um\winber.h(146): error C2143: syntax error: missing '{' before '*' [C:\Users\Nancy\source\repos\curl-7.61.1\CMakeFiles\CMakeTmp\cmTC_28225.vcxproj]
  c:\program files (x86)\windows kits\8.1\include\um\winber.h(146): error C2143: syntax error: missing ';' before '*' [C:\Users\Nancy\source\repos\curl-7.61.1\CMakeFiles\CMakeTmp\cmTC_28225.vcxproj]
  c:\program files (x86)\windows kits\8.1\include\um\winber.h(146): error C2146: syntax error: missing ';' before identifier 'CHAR' [C:\Users\Nancy\source\repos\curl-7.61.1\CMakeFiles\CMakeTmp\cmTC_28225.vcxproj]
  c:\program files (x86)\windows kits\8.1\include\um\winber.h(146): error C2059: syntax error: ')' [C:\Users\Nancy\source\repos\curl-7.61.1\CMakeFiles\CMakeTmp\cmTC_28225.vcxproj]
  c:\program files (x86)\windows kits\8.1\include\um\winber.h(156): error C2061: syntax error: identifier 'ULONG' [C:\Users\Nancy\source\repos\curl-7.61.1\CMakeFiles\CMakeTmp\cmTC_28225.vcxproj]
  c:\program files (x86)\windows kits\8.1\include\um\winber.h(156): error C2059: syntax error: ';' [C:\Users\Nancy\source\repos\curl-7.61.1\CMakeFiles\CMakeTmp\cmTC_28225.vcxproj]
  c:\program files (x86)\windows kits\8.1\include\um\winber.h(156): error C2143: syntax error: missing ')' before '*' [C:\Users\Nancy\source\repos\curl-7.61.1\CMakeFiles\CMakeTmp\cmTC_28225.vcxproj]
  c:\program files (x86)\windows kits\8.1\include\um\winber.h(156): error C2143: syntax error: missing '{' before '*' [C:\Users\Nancy\source\repos\curl-7.61.1\CMakeFiles\CMakeTmp\cmTC_28225.vcxproj]
  c:\program files (x86)\windows kits\8.1\include\um\winber.h(156): error C2143: syntax error: missing ';' before '*' [C:\Users\Nancy\source\repos\curl-7.61.1\CMakeFiles\CMakeTmp\cmTC_28225.vcxproj]
  c:\program files (x86)\windows kits\8.1\include\um\winber.h(156): error C2146: syntax error: missing ';' before identifier 'CHAR' [C:\Users\Nancy\source\repos\curl-7.61.1\CMakeFiles\CMakeTmp\cmTC_28225.vcxproj]
  c:\program files (x86)\windows kits\8.1\include\um\winber.h(156): error C2059: syntax error: ')' [C:\Users\Nancy\source\repos\curl-7.61.1\CMakeFiles\CMakeTmp\cmTC_28225.vcxproj]
  c:\program files (x86)\windows kits\8.1\include\um\winber.h(165): error C2061: syntax error: identifier 'INT' [C:\Users\Nancy\source\repos\curl-7.61.1\CMakeFiles\CMakeTmp\cmTC_28225.vcxproj]
  c:\program files (x86)\windows kits\8.1\include\um\winber.h(165): error C2059: syntax error: ';' [C:\Users\Nancy\source\repos\curl-7.61.1\CMakeFiles\CMakeTmp\cmTC_28225.vcxproj]
  c:\program files (x86)\windows kits\8.1\include\um\winber.h(165): error C2143: syntax error: missing ')' before '*' [C:\Users\Nancy\source\repos\curl-7.61.1\CMakeFiles\CMakeTmp\cmTC_28225.vcxproj]
  c:\program files (x86)\windows kits\8.1\include\um\winber.h(165): error C2143: syntax error: missing '{' before '*' [C:\Users\Nancy\source\repos\curl-7.61.1\CMakeFiles\CMakeTmp\cmTC_28225.vcxproj]
  c:\program files (x86)\windows kits\8.1\include\um\winber.h(165): error C2143: syntax error: missing ';' before '*' [C:\Users\Nancy\source\repos\curl-7.61.1\CMakeFiles\CMakeTmp\cmTC_28225.vcxproj]
  c:\program files (x86)\windows kits\8.1\include\um\winber.h(165): error C2059: syntax error: ')' [C:\Users\Nancy\source\repos\curl-7.61.1\CMakeFiles\CMakeTmp\cmTC_28225.vcxproj]
  c:\program files (x86)\windows kits\8.1\include\um\winber.h(248): error C2061: syntax error: identifier 'INT' [C:\Users\Nancy\source\repos\curl-7.61.1\CMakeFiles\CMakeTmp\cmTC_28225.vcxproj]
  c:\program files (x86)\windows kits\8.1\include\um\winber.h(248): error C2059: syntax error: ';' [C:\Users\Nancy\source\repos\curl-7.61.1\CMakeFiles\CMakeTmp\cmTC_28225.vcxproj]
  c:\program files (x86)\windows kits\8.1\include\um\winber.h(248): error C2143: syntax error: missing ')' before '*' [C:\Users\Nancy\source\repos\curl-7.61.1\CMakeFiles\CMakeTmp\cmTC_28225.vcxproj]
  c:\program files (x86)\windows kits\8.1\include\um\winber.h(248): error C2143: syntax error: missing '{' before '*' [C:\Users\Nancy\source\repos\curl-7.61.1\CMakeFiles\CMakeTmp\cmTC_28225.vcxproj]
  c:\program files (x86)\windows kits\8.1\include\um\winber.h(248): error C2146: syntax error: missing ';' before identifier 'PSTR' [C:\Users\Nancy\source\repos\curl-7.61.1\CMakeFiles\CMakeTmp\cmTC_28225.vcxproj]
  c:\program files (x86)\windows kits\8.1\include\um\winber.h(248): error C2061: syntax error: identifier 'fmt' [C:\Users\Nancy\source\repos\curl-7.61.1\CMakeFiles\CMakeTmp\cmTC_28225.vcxproj]
  c:\program files (x86)\windows kits\8.1\include\um\winber.h(248): error C2059: syntax error: ',' [C:\Users\Nancy\source\repos\curl-7.61.1\CMakeFiles\CMakeTmp\cmTC_28225.vcxproj]
  c:\program files (x86)\windows kits\8.1\include\um\winber.h(248): error C2059: syntax error: ')' [C:\Users\Nancy\source\repos\curl-7.61.1\CMakeFiles\CMakeTmp\cmTC_28225.vcxproj]
  c:\program files (x86)\windows kits\8.1\include\um\winber.h(340): error C2061: syntax error: identifier 'ULONG' [C:\Users\Nancy\source\repos\curl-7.61.1\CMakeFiles\CMakeTmp\cmTC_28225.vcxproj]
  c:\program files (x86)\windows kits\8.1\include\um\winber.h(340): error C2059: syntax error: ';' [C:\Users\Nancy\source\repos\curl-7.61.1\CMakeFiles\CMakeTmp\cmTC_28225.vcxproj]
  c:\program files (x86)\windows kits\8.1\include\um\winber.h(340): error C2143: syntax error: missing ')' before '*' [C:\Users\Nancy\source\repos\curl-7.61.1\CMakeFiles\CMakeTmp\cmTC_28225.vcxproj]
  c:\program files (x86)\windows kits\8.1\include\um\winber.h(340): error C2143: syntax error: missing '{' before '*' [C:\Users\Nancy\source\repos\curl-7.61.1\CMakeFiles\CMakeTmp\cmTC_28225.vcxproj]
  c:\program files (x86)\windows kits\8.1\include\um\winber.h(340): error C2146: syntax error: missing ';' before identifier 'PSTR' [C:\Users\Nancy\source\repos\curl-7.61.1\CMakeFiles\CMakeTmp\cmTC_28225.vcxproj]
  c:\program files (x86)\windows kits\8.1\include\um\winber.h(340): error C2061: syntax error: identifier 'fmt' [C:\Users\Nancy\source\repos\curl-7.61.1\CMakeFiles\CMakeTmp\cmTC_28225.vcxproj]
  c:\program files (x86)\windows kits\8.1\include\um\winber.h(340): error C2059: syntax error: ',' [C:\Users\Nancy\source\repos\curl-7.61.1\CMakeFiles\CMakeTmp\cmTC_28225.vcxproj]
  c:\program files (x86)\windows kits\8.1\include\um\winber.h(340): error C2059: syntax error: ')' [C:\Users\Nancy\source\repos\curl-7.61.1\CMakeFiles\CMakeTmp\cmTC_28225.vcxproj]

    0 Warning(s)
    79 Error(s)

Time Elapsed 00:00:01.68

Source:
/* */
#include <winber.h>


int main(void){return 0;}

Determining if files ;ldap_ssl.h exist failed with the following output:
Change Dir: C:/Users/Nancy/source/repos/curl-7.61.1/CMakeFiles/CMakeTmp

Run Build Command:"C:/Program Files (x86)/Microsoft Visual Studio/2017/Community/MSBuild/15.0/Bin/MSBuild.exe" "cmTC_d57c3.vcxproj" "/p:Configuration=Debug" "/p:VisualStudioVersion=15.0"
Microsoft (R) Build Engine version 15.8.169+g1ccb72aefa for .NET Framework
Copyright (C) Microsoft Corporation. All rights reserved.

Build started 10/28/2018 6:13:24 AM.
Project "C:\Users\Nancy\source\repos\curl-7.61.1\CMakeFiles\CMakeTmp\cmTC_d57c3.vcxproj" on node 1 (default targets).
PrepareForBuild:
  Creating directory "cmTC_d57c3.dir\Debug\".
  Creating directory "C:\Users\Nancy\source\repos\curl-7.61.1\CMakeFiles\CMakeTmp\Debug\".
  Creating directory "cmTC_d57c3.dir\Debug\cmTC_d57c3.tlog\".
InitializeBuildStatus:
  Creating "cmTC_d57c3.dir\Debug\cmTC_d57c3.tlog\unsuccessfulbuild" because "AlwaysCreate" was specified.
ClCompile:
  C:\Program Files (x86)\Microsoft Visual Studio\2017\Community\VC\Tools\MSVC\14.15.26726\bin\HostX86\x86\CL.exe /c /Zi /W3 /WX- /diagnostics:classic /Od /Ob0 /Oy- /D WIN32 /D _WINDOWS /D _WINSOCKAPI_= /D "CMAKE_INTDIR=\"Debug\"" /D _MBCS /Gm- /RTC1 /MDd /GS /fp:precise /Zc:wchar_t /Zc:forScope /Zc:inline /Fo"cmTC_d57c3.dir\Debug\\" /Fd"cmTC_d57c3.dir\Debug\vc141.pdb" /Gd /TC /analyze- /FC /errorReport:queue "C:\Users\Nancy\source\repos\curl-7.61.1\CMakeFiles\CheckIncludeFiles\HAVE_LDAP_SSL_H.c"
  Microsoft (R) C/C++ Optimizing Compiler Version 19.15.26730 for x86
  Copyright (C) Microsoft Corporation.  All rights reserved.
  
  cl /c /Zi /W3 /WX- /diagnostics:classic /Od /Ob0 /Oy- /D WIN32 /D _WINDOWS /D _WINSOCKAPI_= /D "CMAKE_INTDIR=\"Debug\"" /D _MBCS /Gm- /RTC1 /MDd /GS /fp:precise /Zc:wchar_t /Zc:forScope /Zc:inline /Fo"cmTC_d57c3.dir\Debug\\" /Fd"cmTC_d57c3.dir\Debug\vc141.pdb" /Gd /TC /analyze- /FC /errorReport:queue "C:\Users\Nancy\source\repos\curl-7.61.1\CMakeFiles\CheckIncludeFiles\HAVE_LDAP_SSL_H.c"
  HAVE_LDAP_SSL_H.c
  
c:\users\nancy\source\repos\curl-7.61.1\cmakefiles\checkincludefiles\have_ldap_ssl_h.c(2): fatal error C1083: Cannot open include file: 'ldap_ssl.h': No such file or directory [C:\Users\Nancy\source\repos\curl-7.61.1\CMakeFiles\CMakeTmp\cmTC_d57c3.vcxproj]
Done Building Project "C:\Users\Nancy\source\repos\curl-7.61.1\CMakeFiles\CMakeTmp\cmTC_d57c3.vcxproj" (default targets) -- FAILED.

Build FAILED.

"C:\Users\Nancy\source\repos\curl-7.61.1\CMakeFiles\CMakeTmp\cmTC_d57c3.vcxproj" (default target) (1) ->
(ClCompile target) -> 
  c:\users\nancy\source\repos\curl-7.61.1\cmakefiles\checkincludefiles\have_ldap_ssl_h.c(2): fatal error C1083: Cannot open include file: 'ldap_ssl.h': No such file or directory [C:\Users\Nancy\source\repos\curl-7.61.1\CMakeFiles\CMakeTmp\cmTC_d57c3.vcxproj]

    0 Warning(s)
    1 Error(s)

Time Elapsed 00:00:01.57

Source:
/* */
#include <ldap_ssl.h>


int main(void){return 0;}

Determining if files ;ldapssl.h exist failed with the following output:
Change Dir: C:/Users/Nancy/source/repos/curl-7.61.1/CMakeFiles/CMakeTmp

Run Build Command:"C:/Program Files (x86)/Microsoft Visual Studio/2017/Community/MSBuild/15.0/Bin/MSBuild.exe" "cmTC_d8539.vcxproj" "/p:Configuration=Debug" "/p:VisualStudioVersion=15.0"
Microsoft (R) Build Engine version 15.8.169+g1ccb72aefa for .NET Framework
Copyright (C) Microsoft Corporation. All rights reserved.

Build started 10/28/2018 6:13:27 AM.
Project "C:\Users\Nancy\source\repos\curl-7.61.1\CMakeFiles\CMakeTmp\cmTC_d8539.vcxproj" on node 1 (default targets).
PrepareForBuild:
  Creating directory "cmTC_d8539.dir\Debug\".
  Creating directory "C:\Users\Nancy\source\repos\curl-7.61.1\CMakeFiles\CMakeTmp\Debug\".
  Creating directory "cmTC_d8539.dir\Debug\cmTC_d8539.tlog\".
InitializeBuildStatus:
  Creating "cmTC_d8539.dir\Debug\cmTC_d8539.tlog\unsuccessfulbuild" because "AlwaysCreate" was specified.
ClCompile:
  C:\Program Files (x86)\Microsoft Visual Studio\2017\Community\VC\Tools\MSVC\14.15.26726\bin\HostX86\x86\CL.exe /c /Zi /W3 /WX- /diagnostics:classic /Od /Ob0 /Oy- /D WIN32 /D _WINDOWS /D _WINSOCKAPI_= /D "CMAKE_INTDIR=\"Debug\"" /D _MBCS /Gm- /RTC1 /MDd /GS /fp:precise /Zc:wchar_t /Zc:forScope /Zc:inline /Fo"cmTC_d8539.dir\Debug\\" /Fd"cmTC_d8539.dir\Debug\vc141.pdb" /Gd /TC /analyze- /FC /errorReport:queue "C:\Users\Nancy\source\repos\curl-7.61.1\CMakeFiles\CheckIncludeFiles\HAVE_LDAPSSL_H.c"
  Microsoft (R) C/C++ Optimizing Compiler Version 19.15.26730 for x86
  Copyright (C) Microsoft Corporation.  All rights reserved.
  
  cl /c /Zi /W3 /WX- /diagnostics:classic /Od /Ob0 /Oy- /D WIN32 /D _WINDOWS /D _WINSOCKAPI_= /D "CMAKE_INTDIR=\"Debug\"" /D _MBCS /Gm- /RTC1 /MDd /GS /fp:precise /Zc:wchar_t /Zc:forScope /Zc:inline /Fo"cmTC_d8539.dir\Debug\\" /Fd"cmTC_d8539.dir\Debug\vc141.pdb" /Gd /TC /analyze- /FC /errorReport:queue "C:\Users\Nancy\source\repos\curl-7.61.1\CMakeFiles\CheckIncludeFiles\HAVE_LDAPSSL_H.c"
  HAVE_LDAPSSL_H.c
  
c:\users\nancy\source\repos\curl-7.61.1\cmakefiles\checkincludefiles\have_ldapssl_h.c(2): fatal error C1083: Cannot open include file: 'ldapssl.h': No such file or directory [C:\Users\Nancy\source\repos\curl-7.61.1\CMakeFiles\CMakeTmp\cmTC_d8539.vcxproj]
Done Building Project "C:\Users\Nancy\source\repos\curl-7.61.1\CMakeFiles\CMakeTmp\cmTC_d8539.vcxproj" (default targets) -- FAILED.

Build FAILED.

"C:\Users\Nancy\source\repos\curl-7.61.1\CMakeFiles\CMakeTmp\cmTC_d8539.vcxproj" (default target) (1) ->
(ClCompile target) -> 
  c:\users\nancy\source\repos\curl-7.61.1\cmakefiles\checkincludefiles\have_ldapssl_h.c(2): fatal error C1083: Cannot open include file: 'ldapssl.h': No such file or directory [C:\Users\Nancy\source\repos\curl-7.61.1\CMakeFiles\CMakeTmp\cmTC_d8539.vcxproj]

    0 Warning(s)
    1 Error(s)

Time Elapsed 00:00:01.48

Source:
/* */
#include <ldapssl.h>


int main(void){return 0;}

Determining if the function idn2_lookup_ul exists in the idn2;wldap32;winmm;ws2_32;advapi32 failed with the following output:
Change Dir: C:/Users/Nancy/source/repos/curl-7.61.1/CMakeFiles/CMakeTmp

Run Build Command:"C:/Program Files (x86)/Microsoft Visual Studio/2017/Community/MSBuild/15.0/Bin/MSBuild.exe" "cmTC_33c21.vcxproj" "/p:Configuration=Debug" "/p:VisualStudioVersion=15.0"
Microsoft (R) Build Engine version 15.8.169+g1ccb72aefa for .NET Framework
Copyright (C) Microsoft Corporation. All rights reserved.

Build started 10/28/2018 6:13:29 AM.
Project "C:\Users\Nancy\source\repos\curl-7.61.1\CMakeFiles\CMakeTmp\cmTC_33c21.vcxproj" on node 1 (default targets).
PrepareForBuild:
  Creating directory "cmTC_33c21.dir\Debug\".
  Creating directory "C:\Users\Nancy\source\repos\curl-7.61.1\CMakeFiles\CMakeTmp\Debug\".
  Creating directory "cmTC_33c21.dir\Debug\cmTC_33c21.tlog\".
InitializeBuildStatus:
  Creating "cmTC_33c21.dir\Debug\cmTC_33c21.tlog\unsuccessfulbuild" because "AlwaysCreate" was specified.
ClCompile:
  C:\Program Files (x86)\Microsoft Visual Studio\2017\Community\VC\Tools\MSVC\14.15.26726\bin\HostX86\x86\CL.exe /c /Zi /W3 /WX- /diagnostics:classic /Od /Ob0 /Oy- /D WIN32 /D _WINDOWS /D CHECK_FUNCTION_EXISTS=idn2_lookup_ul /D _WINSOCKAPI_= /D "CMAKE_INTDIR=\"Debug\"" /D _MBCS /Gm- /RTC1 /MDd /GS /fp:precise /Zc:wchar_t /Zc:forScope /Zc:inline /Fo"cmTC_33c21.dir\Debug\\" /Fd"cmTC_33c21.dir\Debug\vc141.pdb" /Gd /TC /analyze- /FC /errorReport:queue "C:\Program Files (x86)\Microsoft Visual Studio\2017\Community\Common7\IDE\CommonExtensions\Microsoft\CMake\CMake\share\cmake-3.11\Modules\CheckFunctionExists.c"
  Microsoft (R) C/C++ Optimizing Compiler Version 19.15.26730 for x86
  Copyright (C) Microsoft Corporation.  All rights reserved.
  
  cl /c /Zi /W3 /WX- /diagnostics:classic /Od /Ob0 /Oy- /D WIN32 /D _WINDOWS /D CHECK_FUNCTION_EXISTS=idn2_lookup_ul /D _WINSOCKAPI_= /D "CMAKE_INTDIR=\"Debug\"" /D _MBCS /Gm- /RTC1 /MDd /GS /fp:precise /Zc:wchar_t /Zc:forScope /Zc:inline /Fo"cmTC_33c21.dir\Debug\\" /Fd"cmTC_33c21.dir\Debug\vc141.pdb" /Gd /TC /analyze- /FC /errorReport:queue "C:\Program Files (x86)\Microsoft Visual Studio\2017\Community\Common7\IDE\CommonExtensions\Microsoft\CMake\CMake\share\cmake-3.11\Modules\CheckFunctionExists.c"
  CheckFunctionExists.c
  
Link:
  C:\Program Files (x86)\Microsoft Visual Studio\2017\Community\VC\Tools\MSVC\14.15.26726\bin\HostX86\x86\link.exe /ERRORREPORT:QUEUE /OUT:"C:\Users\Nancy\source\repos\curl-7.61.1\CMakeFiles\CMakeTmp\Debug\cmTC_33c21.exe" /INCREMENTAL /NOLOGO idn2.lib wldap32.lib winmm.lib ws2_32.lib advapi32.lib kernel32.lib user32.lib gdi32.lib winspool.lib shell32.lib ole32.lib oleaut32.lib uuid.lib comdlg32.lib advapi32.lib /MANIFEST /MANIFESTUAC:"level='asInvoker' uiAccess='false'" /manifest:embed /DEBUG /PDB:"C:/Users/Nancy/source/repos/curl-7.61.1/CMakeFiles/CMakeTmp/Debug/cmTC_33c21.pdb" /SUBSYSTEM:CONSOLE /TLBID:1 /DYNAMICBASE /NXCOMPAT /IMPLIB:"C:/Users/Nancy/source/repos/curl-7.61.1/CMakeFiles/CMakeTmp/Debug/cmTC_33c21.lib" /MACHINE:X86 /SAFESEH  /machine:X86 cmTC_33c21.dir\Debug\CheckFunctionExists.obj
LINK : fatal error LNK1104: cannot open file 'idn2.lib' [C:\Users\Nancy\source\repos\curl-7.61.1\CMakeFiles\CMakeTmp\cmTC_33c21.vcxproj]
Done Building Project "C:\Users\Nancy\source\repos\curl-7.61.1\CMakeFiles\CMakeTmp\cmTC_33c21.vcxproj" (default targets) -- FAILED.

Build FAILED.

"C:\Users\Nancy\source\repos\curl-7.61.1\CMakeFiles\CMakeTmp\cmTC_33c21.vcxproj" (default target) (1) ->
(Link target) -> 
  LINK : fatal error LNK1104: cannot open file 'idn2.lib' [C:\Users\Nancy\source\repos\curl-7.61.1\CMakeFiles\CMakeTmp\cmTC_33c21.vcxproj]

    0 Warning(s)
    1 Error(s)

Time Elapsed 00:00:02.10


Performing C SOURCE FILE Test USE_UNIX_SOCKETS failed with the following output:
Change Dir: C:/Users/Nancy/source/repos/curl-7.61.1/CMakeFiles/CMakeTmp

Run Build Command:"C:/Program Files (x86)/Microsoft Visual Studio/2017/Community/MSBuild/15.0/Bin/MSBuild.exe" "cmTC_7a8e3.vcxproj" "/p:Configuration=Debug" "/p:VisualStudioVersion=15.0"
Microsoft (R) Build Engine version 15.8.169+g1ccb72aefa for .NET Framework
Copyright (C) Microsoft Corporation. All rights reserved.

Build started 10/28/2018 6:13:32 AM.
Project "C:\Users\Nancy\source\repos\curl-7.61.1\CMakeFiles\CMakeTmp\cmTC_7a8e3.vcxproj" on node 1 (default targets).
PrepareForBuild:
  Creating directory "cmTC_7a8e3.dir\Debug\".
  Creating directory "C:\Users\Nancy\source\repos\curl-7.61.1\CMakeFiles\CMakeTmp\Debug\".
  Creating directory "cmTC_7a8e3.dir\Debug\cmTC_7a8e3.tlog\".
InitializeBuildStatus:
  Creating "cmTC_7a8e3.dir\Debug\cmTC_7a8e3.tlog\unsuccessfulbuild" because "AlwaysCreate" was specified.
ClCompile:
  C:\Program Files (x86)\Microsoft Visual Studio\2017\Community\VC\Tools\MSVC\14.15.26726\bin\HostX86\x86\CL.exe /c /Zi /W3 /WX- /diagnostics:classic /Od /Ob0 /Oy- /D WIN32 /D _WINDOWS /D USE_UNIX_SOCKETS /D _WINSOCKAPI_= /D "CMAKE_INTDIR=\"Debug\"" /D _MBCS /Gm- /RTC1 /MDd /GS /fp:precise /Zc:wchar_t /Zc:forScope /Zc:inline /Fo"cmTC_7a8e3.dir\Debug\\" /Fd"cmTC_7a8e3.dir\Debug\vc141.pdb" /Gd /TC /analyze- /FC /errorReport:queue "C:\Users\Nancy\source\repos\curl-7.61.1\CMakeFiles\CMakeTmp\src.c"
  Microsoft (R) C/C++ Optimizing Compiler Version 19.15.26730 for x86
  Copyright (C) Microsoft Corporation.  All rights reserved.
  
  cl /c /Zi /W3 /WX- /diagnostics:classic /Od /Ob0 /Oy- /D WIN32 /D _WINDOWS /D USE_UNIX_SOCKETS /D _WINSOCKAPI_= /D "CMAKE_INTDIR=\"Debug\"" /D _MBCS /Gm- /RTC1 /MDd /GS /fp:precise /Zc:wchar_t /Zc:forScope /Zc:inline /Fo"cmTC_7a8e3.dir\Debug\\" /Fd"cmTC_7a8e3.dir\Debug\vc141.pdb" /Gd /TC /analyze- /FC /errorReport:queue "C:\Users\Nancy\source\repos\curl-7.61.1\CMakeFiles\CMakeTmp\src.c"
  src.c
  
c:\users\nancy\source\repos\curl-7.61.1\cmakefiles\cmaketmp\src.c(2): fatal error C1083: Cannot open include file: 'sys/un.h': No such file or directory [C:\Users\Nancy\source\repos\curl-7.61.1\CMakeFiles\CMakeTmp\cmTC_7a8e3.vcxproj]
Done Building Project "C:\Users\Nancy\source\repos\curl-7.61.1\CMakeFiles\CMakeTmp\cmTC_7a8e3.vcxproj" (default targets) -- FAILED.

Build FAILED.

"C:\Users\Nancy\source\repos\curl-7.61.1\CMakeFiles\CMakeTmp\cmTC_7a8e3.vcxproj" (default target) (1) ->
(ClCompile target) -> 
  c:\users\nancy\source\repos\curl-7.61.1\cmakefiles\cmaketmp\src.c(2): fatal error C1083: Cannot open include file: 'sys/un.h': No such file or directory [C:\Users\Nancy\source\repos\curl-7.61.1\CMakeFiles\CMakeTmp\cmTC_7a8e3.vcxproj]

    0 Warning(s)
    1 Error(s)

Time Elapsed 00:00:01.73

Source file was:

#include <sys/un.h>

int main()
{
   (void)sizeof(((struct sockaddr_un *)0)->sun_path);
   return 0;
}

Determining if files windows.h;winsock.h;ws2tcpip.h;winsock2.h;stdio.h;sys/filio.h exist failed with the following output:
Change Dir: C:/Users/Nancy/source/repos/curl-7.61.1/CMakeFiles/CMakeTmp

Run Build Command:"C:/Program Files (x86)/Microsoft Visual Studio/2017/Community/MSBuild/15.0/Bin/MSBuild.exe" "cmTC_316cb.vcxproj" "/p:Configuration=Debug" "/p:VisualStudioVersion=15.0"
Microsoft (R) Build Engine version 15.8.169+g1ccb72aefa for .NET Framework
Copyright (C) Microsoft Corporation. All rights reserved.

Build started 10/28/2018 6:13:48 AM.
Project "C:\Users\Nancy\source\repos\curl-7.61.1\CMakeFiles\CMakeTmp\cmTC_316cb.vcxproj" on node 1 (default targets).
PrepareForBuild:
  Creating directory "cmTC_316cb.dir\Debug\".
  Creating directory "C:\Users\Nancy\source\repos\curl-7.61.1\CMakeFiles\CMakeTmp\Debug\".
  Creating directory "cmTC_316cb.dir\Debug\cmTC_316cb.tlog\".
InitializeBuildStatus:
  Creating "cmTC_316cb.dir\Debug\cmTC_316cb.tlog\unsuccessfulbuild" because "AlwaysCreate" was specified.
ClCompile:
  C:\Program Files (x86)\Microsoft Visual Studio\2017\Community\VC\Tools\MSVC\14.15.26726\bin\HostX86\x86\CL.exe /c /Zi /W3 /WX- /diagnostics:classic /Od /Ob0 /Oy- /D WIN32 /D _WINDOWS /D _WINSOCKAPI_= /D "CMAKE_INTDIR=\"Debug\"" /D _MBCS /Gm- /RTC1 /MDd /GS /fp:precise /Zc:wchar_t /Zc:forScope /Zc:inline /Fo"cmTC_316cb.dir\Debug\\" /Fd"cmTC_316cb.dir\Debug\vc141.pdb" /Gd /TC /analyze- /FC /errorReport:queue "C:\Users\Nancy\source\repos\curl-7.61.1\CMakeFiles\CheckIncludeFiles\HAVE_SYS_FILIO_H.c"
  Microsoft (R) C/C++ Optimizing Compiler Version 19.15.26730 for x86
  Copyright (C) Microsoft Corporation.  All rights reserved.
  
  cl /c /Zi /W3 /WX- /diagnostics:classic /Od /Ob0 /Oy- /D WIN32 /D _WINDOWS /D _WINSOCKAPI_= /D "CMAKE_INTDIR=\"Debug\"" /D _MBCS /Gm- /RTC1 /MDd /GS /fp:precise /Zc:wchar_t /Zc:forScope /Zc:inline /Fo"cmTC_316cb.dir\Debug\\" /Fd"cmTC_316cb.dir\Debug\vc141.pdb" /Gd /TC /analyze- /FC /errorReport:queue "C:\Users\Nancy\source\repos\curl-7.61.1\CMakeFiles\CheckIncludeFiles\HAVE_SYS_FILIO_H.c"
  HAVE_SYS_FILIO_H.c
  
c:\users\nancy\source\repos\curl-7.61.1\cmakefiles\checkincludefiles\have_sys_filio_h.c(7): fatal error C1083: Cannot open include file: 'sys/filio.h': No such file or directory [C:\Users\Nancy\source\repos\curl-7.61.1\CMakeFiles\CMakeTmp\cmTC_316cb.vcxproj]
Done Building Project "C:\Users\Nancy\source\repos\curl-7.61.1\CMakeFiles\CMakeTmp\cmTC_316cb.vcxproj" (default targets) -- FAILED.

Build FAILED.

"C:\Users\Nancy\source\repos\curl-7.61.1\CMakeFiles\CMakeTmp\cmTC_316cb.vcxproj" (default target) (1) ->
(ClCompile target) -> 
  c:\users\nancy\source\repos\curl-7.61.1\cmakefiles\checkincludefiles\have_sys_filio_h.c(7): fatal error C1083: Cannot open include file: 'sys/filio.h': No such file or directory [C:\Users\Nancy\source\repos\curl-7.61.1\CMakeFiles\CMakeTmp\cmTC_316cb.vcxproj]

    0 Warning(s)
    1 Error(s)

Time Elapsed 00:00:01.57

Source:
/* */
#include <windows.h>
#include <winsock.h>
#include <ws2tcpip.h>
#include <winsock2.h>
#include <stdio.h>
#include <sys/filio.h>


int main(void){return 0;}

Determining if files windows.h;winsock.h;ws2tcpip.h;winsock2.h;stdio.h;sys/ioctl.h exist failed with the following output:
Change Dir: C:/Users/Nancy/source/repos/curl-7.61.1/CMakeFiles/CMakeTmp

Run Build Command:"C:/Program Files (x86)/Microsoft Visual Studio/2017/Community/MSBuild/15.0/Bin/MSBuild.exe" "cmTC_bd3c0.vcxproj" "/p:Configuration=Debug" "/p:VisualStudioVersion=15.0"
Microsoft (R) Build Engine version 15.8.169+g1ccb72aefa for .NET Framework
Copyright (C) Microsoft Corporation. All rights reserved.

Build started 10/28/2018 6:13:50 AM.
Project "C:\Users\Nancy\source\repos\curl-7.61.1\CMakeFiles\CMakeTmp\cmTC_bd3c0.vcxproj" on node 1 (default targets).
PrepareForBuild:
  Creating directory "cmTC_bd3c0.dir\Debug\".
  Creating directory "C:\Users\Nancy\source\repos\curl-7.61.1\CMakeFiles\CMakeTmp\Debug\".
  Creating directory "cmTC_bd3c0.dir\Debug\cmTC_bd3c0.tlog\".
InitializeBuildStatus:
  Creating "cmTC_bd3c0.dir\Debug\cmTC_bd3c0.tlog\unsuccessfulbuild" because "AlwaysCreate" was specified.
ClCompile:
  C:\Program Files (x86)\Microsoft Visual Studio\2017\Community\VC\Tools\MSVC\14.15.26726\bin\HostX86\x86\CL.exe /c /Zi /W3 /WX- /diagnostics:classic /Od /Ob0 /Oy- /D WIN32 /D _WINDOWS /D _WINSOCKAPI_= /D "CMAKE_INTDIR=\"Debug\"" /D _MBCS /Gm- /RTC1 /MDd /GS /fp:precise /Zc:wchar_t /Zc:forScope /Zc:inline /Fo"cmTC_bd3c0.dir\Debug\\" /Fd"cmTC_bd3c0.dir\Debug\vc141.pdb" /Gd /TC /analyze- /FC /errorReport:queue "C:\Users\Nancy\source\repos\curl-7.61.1\CMakeFiles\CheckIncludeFiles\HAVE_SYS_IOCTL_H.c"
  Microsoft (R) C/C++ Optimizing Compiler Version 19.15.26730 for x86
  Copyright (C) Microsoft Corporation.  All rights reserved.
  
  cl /c /Zi /W3 /WX- /diagnostics:classic /Od /Ob0 /Oy- /D WIN32 /D _WINDOWS /D _WINSOCKAPI_= /D "CMAKE_INTDIR=\"Debug\"" /D _MBCS /Gm- /RTC1 /MDd /GS /fp:precise /Zc:wchar_t /Zc:forScope /Zc:inline /Fo"cmTC_bd3c0.dir\Debug\\" /Fd"cmTC_bd3c0.dir\Debug\vc141.pdb" /Gd /TC /analyze- /FC /errorReport:queue "C:\Users\Nancy\source\repos\curl-7.61.1\CMakeFiles\CheckIncludeFiles\HAVE_SYS_IOCTL_H.c"
  HAVE_SYS_IOCTL_H.c
  
c:\users\nancy\source\repos\curl-7.61.1\cmakefiles\checkincludefiles\have_sys_ioctl_h.c(7): fatal error C1083: Cannot open include file: 'sys/ioctl.h': No such file or directory [C:\Users\Nancy\source\repos\curl-7.61.1\CMakeFiles\CMakeTmp\cmTC_bd3c0.vcxproj]
Done Building Project "C:\Users\Nancy\source\repos\curl-7.61.1\CMakeFiles\CMakeTmp\cmTC_bd3c0.vcxproj" (default targets) -- FAILED.

Build FAILED.

"C:\Users\Nancy\source\repos\curl-7.61.1\CMakeFiles\CMakeTmp\cmTC_bd3c0.vcxproj" (default target) (1) ->
(ClCompile target) -> 
  c:\users\nancy\source\repos\curl-7.61.1\cmakefiles\checkincludefiles\have_sys_ioctl_h.c(7): fatal error C1083: Cannot open include file: 'sys/ioctl.h': No such file or directory [C:\Users\Nancy\source\repos\curl-7.61.1\CMakeFiles\CMakeTmp\cmTC_bd3c0.vcxproj]

    0 Warning(s)
    1 Error(s)

Time Elapsed 00:00:01.17

Source:
/* */
#include <windows.h>
#include <winsock.h>
#include <ws2tcpip.h>
#include <winsock2.h>
#include <stdio.h>
#include <sys/ioctl.h>


int main(void){return 0;}

Determining if files windows.h;winsock.h;ws2tcpip.h;winsock2.h;stdio.h;sys/resource.h exist failed with the following output:
Change Dir: C:/Users/Nancy/source/repos/curl-7.61.1/CMakeFiles/CMakeTmp

Run Build Command:"C:/Program Files (x86)/Microsoft Visual Studio/2017/Community/MSBuild/15.0/Bin/MSBuild.exe" "cmTC_e7b4a.vcxproj" "/p:Configuration=Debug" "/p:VisualStudioVersion=15.0"
Microsoft (R) Build Engine version 15.8.169+g1ccb72aefa for .NET Framework
Copyright (C) Microsoft Corporation. All rights reserved.

Build started 10/28/2018 6:13:52 AM.
Project "C:\Users\Nancy\source\repos\curl-7.61.1\CMakeFiles\CMakeTmp\cmTC_e7b4a.vcxproj" on node 1 (default targets).
PrepareForBuild:
  Creating directory "cmTC_e7b4a.dir\Debug\".
  Creating directory "C:\Users\Nancy\source\repos\curl-7.61.1\CMakeFiles\CMakeTmp\Debug\".
  Creating directory "cmTC_e7b4a.dir\Debug\cmTC_e7b4a.tlog\".
InitializeBuildStatus:
  Creating "cmTC_e7b4a.dir\Debug\cmTC_e7b4a.tlog\unsuccessfulbuild" because "AlwaysCreate" was specified.
ClCompile:
  C:\Program Files (x86)\Microsoft Visual Studio\2017\Community\VC\Tools\MSVC\14.15.26726\bin\HostX86\x86\CL.exe /c /Zi /W3 /WX- /diagnostics:classic /Od /Ob0 /Oy- /D WIN32 /D _WINDOWS /D _WINSOCKAPI_= /D "CMAKE_INTDIR=\"Debug\"" /D _MBCS /Gm- /RTC1 /MDd /GS /fp:precise /Zc:wchar_t /Zc:forScope /Zc:inline /Fo"cmTC_e7b4a.dir\Debug\\" /Fd"cmTC_e7b4a.dir\Debug\vc141.pdb" /Gd /TC /analyze- /FC /errorReport:queue "C:\Users\Nancy\source\repos\curl-7.61.1\CMakeFiles\CheckIncludeFiles\HAVE_SYS_RESOURCE_H.c"
  Microsoft (R) C/C++ Optimizing Compiler Version 19.15.26730 for x86
  Copyright (C) Microsoft Corporation.  All rights reserved.
  
  cl /c /Zi /W3 /WX- /diagnostics:classic /Od /Ob0 /Oy- /D WIN32 /D _WINDOWS /D _WINSOCKAPI_= /D "CMAKE_INTDIR=\"Debug\"" /D _MBCS /Gm- /RTC1 /MDd /GS /fp:precise /Zc:wchar_t /Zc:forScope /Zc:inline /Fo"cmTC_e7b4a.dir\Debug\\" /Fd"cmTC_e7b4a.dir\Debug\vc141.pdb" /Gd /TC /analyze- /FC /errorReport:queue "C:\Users\Nancy\source\repos\curl-7.61.1\CMakeFiles\CheckIncludeFiles\HAVE_SYS_RESOURCE_H.c"
  HAVE_SYS_RESOURCE_H.c
  
c:\users\nancy\source\repos\curl-7.61.1\cmakefiles\checkincludefiles\have_sys_resource_h.c(7): fatal error C1083: Cannot open include file: 'sys/resource.h': No such file or directory [C:\Users\Nancy\source\repos\curl-7.61.1\CMakeFiles\CMakeTmp\cmTC_e7b4a.vcxproj]
Done Building Project "C:\Users\Nancy\source\repos\curl-7.61.1\CMakeFiles\CMakeTmp\cmTC_e7b4a.vcxproj" (default targets) -- FAILED.

Build FAILED.

"C:\Users\Nancy\source\repos\curl-7.61.1\CMakeFiles\CMakeTmp\cmTC_e7b4a.vcxproj" (default target) (1) ->
(ClCompile target) -> 
  c:\users\nancy\source\repos\curl-7.61.1\cmakefiles\checkincludefiles\have_sys_resource_h.c(7): fatal error C1083: Cannot open include file: 'sys/resource.h': No such file or directory [C:\Users\Nancy\source\repos\curl-7.61.1\CMakeFiles\CMakeTmp\cmTC_e7b4a.vcxproj]

    0 Warning(s)
    1 Error(s)

Time Elapsed 00:00:01.13

Source:
/* */
#include <windows.h>
#include <winsock.h>
#include <ws2tcpip.h>
#include <winsock2.h>
#include <stdio.h>
#include <sys/resource.h>


int main(void){return 0;}

Determining if files windows.h;winsock.h;ws2tcpip.h;winsock2.h;stdio.h;sys/stat.h;sys/types.h;sys/uio.h exist failed with the following output:
Change Dir: C:/Users/Nancy/source/repos/curl-7.61.1/CMakeFiles/CMakeTmp

Run Build Command:"C:/Program Files (x86)/Microsoft Visual Studio/2017/Community/MSBuild/15.0/Bin/MSBuild.exe" "cmTC_71765.vcxproj" "/p:Configuration=Debug" "/p:VisualStudioVersion=15.0"
Microsoft (R) Build Engine version 15.8.169+g1ccb72aefa for .NET Framework
Copyright (C) Microsoft Corporation. All rights reserved.

Build started 10/28/2018 6:13:53 AM.
Project "C:\Users\Nancy\source\repos\curl-7.61.1\CMakeFiles\CMakeTmp\cmTC_71765.vcxproj" on node 1 (default targets).
PrepareForBuild:
  Creating directory "cmTC_71765.dir\Debug\".
  Creating directory "C:\Users\Nancy\source\repos\curl-7.61.1\CMakeFiles\CMakeTmp\Debug\".
  Creating directory "cmTC_71765.dir\Debug\cmTC_71765.tlog\".
InitializeBuildStatus:
  Creating "cmTC_71765.dir\Debug\cmTC_71765.tlog\unsuccessfulbuild" because "AlwaysCreate" was specified.
ClCompile:
  C:\Program Files (x86)\Microsoft Visual Studio\2017\Community\VC\Tools\MSVC\14.15.26726\bin\HostX86\x86\CL.exe /c /Zi /W3 /WX- /diagnostics:classic /Od /Ob0 /Oy- /D WIN32 /D _WINDOWS /D _WINSOCKAPI_= /D "CMAKE_INTDIR=\"Debug\"" /D _MBCS /Gm- /RTC1 /MDd /GS /fp:precise /Zc:wchar_t /Zc:forScope /Zc:inline /Fo"cmTC_71765.dir\Debug\\" /Fd"cmTC_71765.dir\Debug\vc141.pdb" /Gd /TC /analyze- /FC /errorReport:queue "C:\Users\Nancy\source\repos\curl-7.61.1\CMakeFiles\CheckIncludeFiles\HAVE_SYS_UIO_H.c"
  Microsoft (R) C/C++ Optimizing Compiler Version 19.15.26730 for x86
  Copyright (C) Microsoft Corporation.  All rights reserved.
  
  cl /c /Zi /W3 /WX- /diagnostics:classic /Od /Ob0 /Oy- /D WIN32 /D _WINDOWS /D _WINSOCKAPI_= /D "CMAKE_INTDIR=\"Debug\"" /D _MBCS /Gm- /RTC1 /MDd /GS /fp:precise /Zc:wchar_t /Zc:forScope /Zc:inline /Fo"cmTC_71765.dir\Debug\\" /Fd"cmTC_71765.dir\Debug\vc141.pdb" /Gd /TC /analyze- /FC /errorReport:queue "C:\Users\Nancy\source\repos\curl-7.61.1\CMakeFiles\CheckIncludeFiles\HAVE_SYS_UIO_H.c"
  HAVE_SYS_UIO_H.c
  
c:\users\nancy\source\repos\curl-7.61.1\cmakefiles\checkincludefiles\have_sys_uio_h.c(9): fatal error C1083: Cannot open include file: 'sys/uio.h': No such file or directory [C:\Users\Nancy\source\repos\curl-7.61.1\CMakeFiles\CMakeTmp\cmTC_71765.vcxproj]
Done Building Project "C:\Users\Nancy\source\repos\curl-7.61.1\CMakeFiles\CMakeTmp\cmTC_71765.vcxproj" (default targets) -- FAILED.

Build FAILED.

"C:\Users\Nancy\source\repos\curl-7.61.1\CMakeFiles\CMakeTmp\cmTC_71765.vcxproj" (default target) (1) ->
(ClCompile target) -> 
  c:\users\nancy\source\repos\curl-7.61.1\cmakefiles\checkincludefiles\have_sys_uio_h.c(9): fatal error C1083: Cannot open include file: 'sys/uio.h': No such file or directory [C:\Users\Nancy\source\repos\curl-7.61.1\CMakeFiles\CMakeTmp\cmTC_71765.vcxproj]

    0 Warning(s)
    1 Error(s)

Time Elapsed 00:00:01.95

Source:
/* */
#include <windows.h>
#include <winsock.h>
#include <ws2tcpip.h>
#include <winsock2.h>
#include <stdio.h>
#include <sys/stat.h>
#include <sys/types.h>
#include <sys/uio.h>


int main(void){return 0;}

Determining if files windows.h;winsock.h;ws2tcpip.h;winsock2.h;stdio.h;sys/stat.h;sys/types.h;sys/un.h exist failed with the following output:
Change Dir: C:/Users/Nancy/source/repos/curl-7.61.1/CMakeFiles/CMakeTmp

Run Build Command:"C:/Program Files (x86)/Microsoft Visual Studio/2017/Community/MSBuild/15.0/Bin/MSBuild.exe" "cmTC_2d148.vcxproj" "/p:Configuration=Debug" "/p:VisualStudioVersion=15.0"
Microsoft (R) Build Engine version 15.8.169+g1ccb72aefa for .NET Framework
Copyright (C) Microsoft Corporation. All rights reserved.

Build started 10/28/2018 6:13:56 AM.
Project "C:\Users\Nancy\source\repos\curl-7.61.1\CMakeFiles\CMakeTmp\cmTC_2d148.vcxproj" on node 1 (default targets).
PrepareForBuild:
  Creating directory "cmTC_2d148.dir\Debug\".
  Creating directory "C:\Users\Nancy\source\repos\curl-7.61.1\CMakeFiles\CMakeTmp\Debug\".
  Creating directory "cmTC_2d148.dir\Debug\cmTC_2d148.tlog\".
InitializeBuildStatus:
  Creating "cmTC_2d148.dir\Debug\cmTC_2d148.tlog\unsuccessfulbuild" because "AlwaysCreate" was specified.
ClCompile:
  C:\Program Files (x86)\Microsoft Visual Studio\2017\Community\VC\Tools\MSVC\14.15.26726\bin\HostX86\x86\CL.exe /c /Zi /W3 /WX- /diagnostics:classic /Od /Ob0 /Oy- /D WIN32 /D _WINDOWS /D _WINSOCKAPI_= /D "CMAKE_INTDIR=\"Debug\"" /D _MBCS /Gm- /RTC1 /MDd /GS /fp:precise /Zc:wchar_t /Zc:forScope /Zc:inline /Fo"cmTC_2d148.dir\Debug\\" /Fd"cmTC_2d148.dir\Debug\vc141.pdb" /Gd /TC /analyze- /FC /errorReport:queue "C:\Users\Nancy\source\repos\curl-7.61.1\CMakeFiles\CheckIncludeFiles\HAVE_SYS_UN_H.c"
  Microsoft (R) C/C++ Optimizing Compiler Version 19.15.26730 for x86
  Copyright (C) Microsoft Corporation.  All rights reserved.
  
  cl /c /Zi /W3 /WX- /diagnostics:classic /Od /Ob0 /Oy- /D WIN32 /D _WINDOWS /D _WINSOCKAPI_= /D "CMAKE_INTDIR=\"Debug\"" /D _MBCS /Gm- /RTC1 /MDd /GS /fp:precise /Zc:wchar_t /Zc:forScope /Zc:inline /Fo"cmTC_2d148.dir\Debug\\" /Fd"cmTC_2d148.dir\Debug\vc141.pdb" /Gd /TC /analyze- /FC /errorReport:queue "C:\Users\Nancy\source\repos\curl-7.61.1\CMakeFiles\CheckIncludeFiles\HAVE_SYS_UN_H.c"
  
  HAVE_SYS_UN_H.c
c:\users\nancy\source\repos\curl-7.61.1\cmakefiles\checkincludefiles\have_sys_un_h.c(9): fatal error C1083: Cannot open include file: 'sys/un.h': No such file or directory [C:\Users\Nancy\source\repos\curl-7.61.1\CMakeFiles\CMakeTmp\cmTC_2d148.vcxproj]
Done Building Project "C:\Users\Nancy\source\repos\curl-7.61.1\CMakeFiles\CMakeTmp\cmTC_2d148.vcxproj" (default targets) -- FAILED.

Build FAILED.

"C:\Users\Nancy\source\repos\curl-7.61.1\CMakeFiles\CMakeTmp\cmTC_2d148.vcxproj" (default target) (1) ->
(ClCompile target) -> 
  c:\users\nancy\source\repos\curl-7.61.1\cmakefiles\checkincludefiles\have_sys_un_h.c(9): fatal error C1083: Cannot open include file: 'sys/un.h': No such file or directory [C:\Users\Nancy\source\repos\curl-7.61.1\CMakeFiles\CMakeTmp\cmTC_2d148.vcxproj]

    0 Warning(s)
    1 Error(s)

Time Elapsed 00:00:02.23

Source:
/* */
#include <windows.h>
#include <winsock.h>
#include <ws2tcpip.h>
#include <winsock2.h>
#include <stdio.h>
#include <sys/stat.h>
#include <sys/types.h>
#include <sys/un.h>


int main(void){return 0;}

Determining if files windows.h;winsock.h;ws2tcpip.h;winsock2.h;stdio.h;sys/stat.h;sys/types.h;sys/utime.h;sys/xattr.h exist failed with the following output:
Change Dir: C:/Users/Nancy/source/repos/curl-7.61.1/CMakeFiles/CMakeTmp

Run Build Command:"C:/Program Files (x86)/Microsoft Visual Studio/2017/Community/MSBuild/15.0/Bin/MSBuild.exe" "cmTC_9dc4b.vcxproj" "/p:Configuration=Debug" "/p:VisualStudioVersion=15.0"
Microsoft (R) Build Engine version 15.8.169+g1ccb72aefa for .NET Framework
Copyright (C) Microsoft Corporation. All rights reserved.

Build started 10/28/2018 6:13:59 AM.
Project "C:\Users\Nancy\source\repos\curl-7.61.1\CMakeFiles\CMakeTmp\cmTC_9dc4b.vcxproj" on node 1 (default targets).
PrepareForBuild:
  Creating directory "cmTC_9dc4b.dir\Debug\".
  Creating directory "C:\Users\Nancy\source\repos\curl-7.61.1\CMakeFiles\CMakeTmp\Debug\".
  Creating directory "cmTC_9dc4b.dir\Debug\cmTC_9dc4b.tlog\".
InitializeBuildStatus:
  Creating "cmTC_9dc4b.dir\Debug\cmTC_9dc4b.tlog\unsuccessfulbuild" because "AlwaysCreate" was specified.
ClCompile:
  C:\Program Files (x86)\Microsoft Visual Studio\2017\Community\VC\Tools\MSVC\14.15.26726\bin\HostX86\x86\CL.exe /c /Zi /W3 /WX- /diagnostics:classic /Od /Ob0 /Oy- /D WIN32 /D _WINDOWS /D _WINSOCKAPI_= /D "CMAKE_INTDIR=\"Debug\"" /D _MBCS /Gm- /RTC1 /MDd /GS /fp:precise /Zc:wchar_t /Zc:forScope /Zc:inline /Fo"cmTC_9dc4b.dir\Debug\\" /Fd"cmTC_9dc4b.dir\Debug\vc141.pdb" /Gd /TC /analyze- /FC /errorReport:queue "C:\Users\Nancy\source\repos\curl-7.61.1\CMakeFiles\CheckIncludeFiles\HAVE_SYS_XATTR_H.c"
  Microsoft (R) C/C++ Optimizing Compiler Version 19.15.26730 for x86
  Copyright (C) Microsoft Corporation.  All rights reserved.
  
  cl /c /Zi /W3 /WX- /diagnostics:classic /Od /Ob0 /Oy- /D WIN32 /D _WINDOWS /D _WINSOCKAPI_= /D "CMAKE_INTDIR=\"Debug\"" /D _MBCS /Gm- /RTC1 /MDd /GS /fp:precise /Zc:wchar_t /Zc:forScope /Zc:inline /Fo"cmTC_9dc4b.dir\Debug\\" /Fd"cmTC_9dc4b.dir\Debug\vc141.pdb" /Gd /TC /analyze- /FC /errorReport:queue "C:\Users\Nancy\source\repos\curl-7.61.1\CMakeFiles\CheckIncludeFiles\HAVE_SYS_XATTR_H.c"
  HAVE_SYS_XATTR_H.c
  
c:\users\nancy\source\repos\curl-7.61.1\cmakefiles\checkincludefiles\have_sys_xattr_h.c(10): fatal error C1083: Cannot open include file: 'sys/xattr.h': No such file or directory [C:\Users\Nancy\source\repos\curl-7.61.1\CMakeFiles\CMakeTmp\cmTC_9dc4b.vcxproj]
Done Building Project "C:\Users\Nancy\source\repos\curl-7.61.1\CMakeFiles\CMakeTmp\cmTC_9dc4b.vcxproj" (default targets) -- FAILED.

Build FAILED.

"C:\Users\Nancy\source\repos\curl-7.61.1\CMakeFiles\CMakeTmp\cmTC_9dc4b.vcxproj" (default target) (1) ->
(ClCompile target) -> 
  c:\users\nancy\source\repos\curl-7.61.1\cmakefiles\checkincludefiles\have_sys_xattr_h.c(10): fatal error C1083: Cannot open include file: 'sys/xattr.h': No such file or directory [C:\Users\Nancy\source\repos\curl-7.61.1\CMakeFiles\CMakeTmp\cmTC_9dc4b.vcxproj]

    0 Warning(s)
    1 Error(s)

Time Elapsed 00:00:01.66

Source:
/* */
#include <windows.h>
#include <winsock.h>
#include <ws2tcpip.h>
#include <winsock2.h>
#include <stdio.h>
#include <sys/stat.h>
#include <sys/types.h>
#include <sys/utime.h>
#include <sys/xattr.h>


int main(void){return 0;}

Determining if files windows.h;winsock.h;ws2tcpip.h;winsock2.h;stdio.h;sys/stat.h;sys/types.h;sys/utime.h;arpa/tftp.h exist failed with the following output:
Change Dir: C:/Users/Nancy/source/repos/curl-7.61.1/CMakeFiles/CMakeTmp

Run Build Command:"C:/Program Files (x86)/Microsoft Visual Studio/2017/Community/MSBuild/15.0/Bin/MSBuild.exe" "cmTC_6027c.vcxproj" "/p:Configuration=Debug" "/p:VisualStudioVersion=15.0"
Microsoft (R) Build Engine version 15.8.169+g1ccb72aefa for .NET Framework
Copyright (C) Microsoft Corporation. All rights reserved.

Build started 10/28/2018 6:14:01 AM.
Project "C:\Users\Nancy\source\repos\curl-7.61.1\CMakeFiles\CMakeTmp\cmTC_6027c.vcxproj" on node 1 (default targets).
PrepareForBuild:
  Creating directory "cmTC_6027c.dir\Debug\".
  Creating directory "C:\Users\Nancy\source\repos\curl-7.61.1\CMakeFiles\CMakeTmp\Debug\".
  Creating directory "cmTC_6027c.dir\Debug\cmTC_6027c.tlog\".
InitializeBuildStatus:
  Creating "cmTC_6027c.dir\Debug\cmTC_6027c.tlog\unsuccessfulbuild" because "AlwaysCreate" was specified.
ClCompile:
  C:\Program Files (x86)\Microsoft Visual Studio\2017\Community\VC\Tools\MSVC\14.15.26726\bin\HostX86\x86\CL.exe /c /Zi /W3 /WX- /diagnostics:classic /Od /Ob0 /Oy- /D WIN32 /D _WINDOWS /D _WINSOCKAPI_= /D "CMAKE_INTDIR=\"Debug\"" /D _MBCS /Gm- /RTC1 /MDd /GS /fp:precise /Zc:wchar_t /Zc:forScope /Zc:inline /Fo"cmTC_6027c.dir\Debug\\" /Fd"cmTC_6027c.dir\Debug\vc141.pdb" /Gd /TC /analyze- /FC /errorReport:queue "C:\Users\Nancy\source\repos\curl-7.61.1\CMakeFiles\CheckIncludeFiles\HAVE_ARPA_TFTP_H.c"
  Microsoft (R) C/C++ Optimizing Compiler Version 19.15.26730 for x86
  Copyright (C) Microsoft Corporation.  All rights reserved.
  
  cl /c /Zi /W3 /WX- /diagnostics:classic /Od /Ob0 /Oy- /D WIN32 /D _WINDOWS /D _WINSOCKAPI_= /D "CMAKE_INTDIR=\"Debug\"" /D _MBCS /Gm- /RTC1 /MDd /GS /fp:precise /Zc:wchar_t /Zc:forScope /Zc:inline /Fo"cmTC_6027c.dir\Debug\\" /Fd"cmTC_6027c.dir\Debug\vc141.pdb" /Gd /TC /analyze- /FC /errorReport:queue "C:\Users\Nancy\source\repos\curl-7.61.1\CMakeFiles\CheckIncludeFiles\HAVE_ARPA_TFTP_H.c"
  HAVE_ARPA_TFTP_H.c
  
c:\users\nancy\source\repos\curl-7.61.1\cmakefiles\checkincludefiles\have_arpa_tftp_h.c(10): fatal error C1083: Cannot open include file: 'arpa/tftp.h': No such file or directory [C:\Users\Nancy\source\repos\curl-7.61.1\CMakeFiles\CMakeTmp\cmTC_6027c.vcxproj]
Done Building Project "C:\Users\Nancy\source\repos\curl-7.61.1\CMakeFiles\CMakeTmp\cmTC_6027c.vcxproj" (default targets) -- FAILED.

Build FAILED.

"C:\Users\Nancy\source\repos\curl-7.61.1\CMakeFiles\CMakeTmp\cmTC_6027c.vcxproj" (default target) (1) ->
(ClCompile target) -> 
  c:\users\nancy\source\repos\curl-7.61.1\cmakefiles\checkincludefiles\have_arpa_tftp_h.c(10): fatal error C1083: Cannot open include file: 'arpa/tftp.h': No such file or directory [C:\Users\Nancy\source\repos\curl-7.61.1\CMakeFiles\CMakeTmp\cmTC_6027c.vcxproj]

    0 Warning(s)
    1 Error(s)

Time Elapsed 00:00:01.73

Source:
/* */
#include <windows.h>
#include <winsock.h>
#include <ws2tcpip.h>
#include <winsock2.h>
#include <stdio.h>
#include <sys/stat.h>
#include <sys/types.h>
#include <sys/utime.h>
#include <arpa/tftp.h>


int main(void){return 0;}

Determining if files windows.h;winsock.h;ws2tcpip.h;winsock2.h;stdio.h;sys/stat.h;sys/types.h;sys/utime.h;assert.h;crypto.h exist failed with the following output:
Change Dir: C:/Users/Nancy/source/repos/curl-7.61.1/CMakeFiles/CMakeTmp

Run Build Command:"C:/Program Files (x86)/Microsoft Visual Studio/2017/Community/MSBuild/15.0/Bin/MSBuild.exe" "cmTC_545c4.vcxproj" "/p:Configuration=Debug" "/p:VisualStudioVersion=15.0"
Microsoft (R) Build Engine version 15.8.169+g1ccb72aefa for .NET Framework
Copyright (C) Microsoft Corporation. All rights reserved.

Build started 10/28/2018 6:14:07 AM.
Project "C:\Users\Nancy\source\repos\curl-7.61.1\CMakeFiles\CMakeTmp\cmTC_545c4.vcxproj" on node 1 (default targets).
PrepareForBuild:
  Creating directory "cmTC_545c4.dir\Debug\".
  Creating directory "C:\Users\Nancy\source\repos\curl-7.61.1\CMakeFiles\CMakeTmp\Debug\".
  Creating directory "cmTC_545c4.dir\Debug\cmTC_545c4.tlog\".
InitializeBuildStatus:
  Creating "cmTC_545c4.dir\Debug\cmTC_545c4.tlog\unsuccessfulbuild" because "AlwaysCreate" was specified.
ClCompile:
  C:\Program Files (x86)\Microsoft Visual Studio\2017\Community\VC\Tools\MSVC\14.15.26726\bin\HostX86\x86\CL.exe /c /Zi /W3 /WX- /diagnostics:classic /Od /Ob0 /Oy- /D WIN32 /D _WINDOWS /D _WINSOCKAPI_= /D "CMAKE_INTDIR=\"Debug\"" /D _MBCS /Gm- /RTC1 /MDd /GS /fp:precise /Zc:wchar_t /Zc:forScope /Zc:inline /Fo"cmTC_545c4.dir\Debug\\" /Fd"cmTC_545c4.dir\Debug\vc141.pdb" /Gd /TC /analyze- /FC /errorReport:queue "C:\Users\Nancy\source\repos\curl-7.61.1\CMakeFiles\CheckIncludeFiles\HAVE_CRYPTO_H.c"
  Microsoft (R) C/C++ Optimizing Compiler Version 19.15.26730 for x86
  Copyright (C) Microsoft Corporation.  All rights reserved.
  
  cl /c /Zi /W3 /WX- /diagnostics:classic /Od /Ob0 /Oy- /D WIN32 /D _WINDOWS /D _WINSOCKAPI_= /D "CMAKE_INTDIR=\"Debug\"" /D _MBCS /Gm- /RTC1 /MDd /GS /fp:precise /Zc:wchar_t /Zc:forScope /Zc:inline /Fo"cmTC_545c4.dir\Debug\\" /Fd"cmTC_545c4.dir\Debug\vc141.pdb" /Gd /TC /analyze- /FC /errorReport:queue "C:\Users\Nancy\source\repos\curl-7.61.1\CMakeFiles\CheckIncludeFiles\HAVE_CRYPTO_H.c"
  HAVE_CRYPTO_H.c
  
c:\users\nancy\source\repos\curl-7.61.1\cmakefiles\checkincludefiles\have_crypto_h.c(11): fatal error C1083: Cannot open include file: 'crypto.h': No such file or directory [C:\Users\Nancy\source\repos\curl-7.61.1\CMakeFiles\CMakeTmp\cmTC_545c4.vcxproj]
Done Building Project "C:\Users\Nancy\source\repos\curl-7.61.1\CMakeFiles\CMakeTmp\cmTC_545c4.vcxproj" (default targets) -- FAILED.

Build FAILED.

"C:\Users\Nancy\source\repos\curl-7.61.1\CMakeFiles\CMakeTmp\cmTC_545c4.vcxproj" (default target) (1) ->
(ClCompile target) -> 
  c:\users\nancy\source\repos\curl-7.61.1\cmakefiles\checkincludefiles\have_crypto_h.c(11): fatal error C1083: Cannot open include file: 'crypto.h': No such file or directory [C:\Users\Nancy\source\repos\curl-7.61.1\CMakeFiles\CMakeTmp\cmTC_545c4.vcxproj]

    0 Warning(s)
    1 Error(s)

Time Elapsed 00:00:02.03

Source:
/* */
#include <windows.h>
#include <winsock.h>
#include <ws2tcpip.h>
#include <winsock2.h>
#include <stdio.h>
#include <sys/stat.h>
#include <sys/types.h>
#include <sys/utime.h>
#include <assert.h>
#include <crypto.h>


int main(void){return 0;}

Determining if files windows.h;winsock.h;ws2tcpip.h;winsock2.h;stdio.h;sys/stat.h;sys/types.h;sys/utime.h;assert.h;des.h exist failed with the following output:
Change Dir: C:/Users/Nancy/source/repos/curl-7.61.1/CMakeFiles/CMakeTmp

Run Build Command:"C:/Program Files (x86)/Microsoft Visual Studio/2017/Community/MSBuild/15.0/Bin/MSBuild.exe" "cmTC_a1ed8.vcxproj" "/p:Configuration=Debug" "/p:VisualStudioVersion=15.0"
Microsoft (R) Build Engine version 15.8.169+g1ccb72aefa for .NET Framework
Copyright (C) Microsoft Corporation. All rights reserved.

Build started 10/28/2018 6:14:10 AM.
Project "C:\Users\Nancy\source\repos\curl-7.61.1\CMakeFiles\CMakeTmp\cmTC_a1ed8.vcxproj" on node 1 (default targets).
PrepareForBuild:
  Creating directory "cmTC_a1ed8.dir\Debug\".
  Creating directory "C:\Users\Nancy\source\repos\curl-7.61.1\CMakeFiles\CMakeTmp\Debug\".
  Creating directory "cmTC_a1ed8.dir\Debug\cmTC_a1ed8.tlog\".
InitializeBuildStatus:
  Creating "cmTC_a1ed8.dir\Debug\cmTC_a1ed8.tlog\unsuccessfulbuild" because "AlwaysCreate" was specified.
ClCompile:
  C:\Program Files (x86)\Microsoft Visual Studio\2017\Community\VC\Tools\MSVC\14.15.26726\bin\HostX86\x86\CL.exe /c /Zi /W3 /WX- /diagnostics:classic /Od /Ob0 /Oy- /D WIN32 /D _WINDOWS /D _WINSOCKAPI_= /D "CMAKE_INTDIR=\"Debug\"" /D _MBCS /Gm- /RTC1 /MDd /GS /fp:precise /Zc:wchar_t /Zc:forScope /Zc:inline /Fo"cmTC_a1ed8.dir\Debug\\" /Fd"cmTC_a1ed8.dir\Debug\vc141.pdb" /Gd /TC /analyze- /FC /errorReport:queue "C:\Users\Nancy\source\repos\curl-7.61.1\CMakeFiles\CheckIncludeFiles\HAVE_DES_H.c"
  Microsoft (R) C/C++ Optimizing Compiler Version 19.15.26730 for x86
  Copyright (C) Microsoft Corporation.  All rights reserved.
  
  cl /c /Zi /W3 /WX- /diagnostics:classic /Od /Ob0 /Oy- /D WIN32 /D _WINDOWS /D _WINSOCKAPI_= /D "CMAKE_INTDIR=\"Debug\"" /D _MBCS /Gm- /RTC1 /MDd /GS /fp:precise /Zc:wchar_t /Zc:forScope /Zc:inline /Fo"cmTC_a1ed8.dir\Debug\\" /Fd"cmTC_a1ed8.dir\Debug\vc141.pdb" /Gd /TC /analyze- /FC /errorReport:queue "C:\Users\Nancy\source\repos\curl-7.61.1\CMakeFiles\CheckIncludeFiles\HAVE_DES_H.c"
  HAVE_DES_H.c
  
c:\users\nancy\source\repos\curl-7.61.1\cmakefiles\checkincludefiles\have_des_h.c(11): fatal error C1083: Cannot open include file: 'des.h': No such file or directory [C:\Users\Nancy\source\repos\curl-7.61.1\CMakeFiles\CMakeTmp\cmTC_a1ed8.vcxproj]
Done Building Project "C:\Users\Nancy\source\repos\curl-7.61.1\CMakeFiles\CMakeTmp\cmTC_a1ed8.vcxproj" (default targets) -- FAILED.

Build FAILED.

"C:\Users\Nancy\source\repos\curl-7.61.1\CMakeFiles\CMakeTmp\cmTC_a1ed8.vcxproj" (default target) (1) ->
(ClCompile target) -> 
  c:\users\nancy\source\repos\curl-7.61.1\cmakefiles\checkincludefiles\have_des_h.c(11): fatal error C1083: Cannot open include file: 'des.h': No such file or directory [C:\Users\Nancy\source\repos\curl-7.61.1\CMakeFiles\CMakeTmp\cmTC_a1ed8.vcxproj]

    0 Warning(s)
    1 Error(s)

Time Elapsed 00:00:01.23

Source:
/* */
#include <windows.h>
#include <winsock.h>
#include <ws2tcpip.h>
#include <winsock2.h>
#include <stdio.h>
#include <sys/stat.h>
#include <sys/types.h>
#include <sys/utime.h>
#include <assert.h>
#include <des.h>


int main(void){return 0;}

Determining if files windows.h;winsock.h;ws2tcpip.h;winsock2.h;stdio.h;sys/stat.h;sys/types.h;sys/utime.h;assert.h;err.h exist failed with the following output:
Change Dir: C:/Users/Nancy/source/repos/curl-7.61.1/CMakeFiles/CMakeTmp

Run Build Command:"C:/Program Files (x86)/Microsoft Visual Studio/2017/Community/MSBuild/15.0/Bin/MSBuild.exe" "cmTC_930a3.vcxproj" "/p:Configuration=Debug" "/p:VisualStudioVersion=15.0"
Microsoft (R) Build Engine version 15.8.169+g1ccb72aefa for .NET Framework
Copyright (C) Microsoft Corporation. All rights reserved.

Build started 10/28/2018 6:14:11 AM.
Project "C:\Users\Nancy\source\repos\curl-7.61.1\CMakeFiles\CMakeTmp\cmTC_930a3.vcxproj" on node 1 (default targets).
PrepareForBuild:
  Creating directory "cmTC_930a3.dir\Debug\".
  Creating directory "C:\Users\Nancy\source\repos\curl-7.61.1\CMakeFiles\CMakeTmp\Debug\".
  Creating directory "cmTC_930a3.dir\Debug\cmTC_930a3.tlog\".
InitializeBuildStatus:
  Creating "cmTC_930a3.dir\Debug\cmTC_930a3.tlog\unsuccessfulbuild" because "AlwaysCreate" was specified.
ClCompile:
  C:\Program Files (x86)\Microsoft Visual Studio\2017\Community\VC\Tools\MSVC\14.15.26726\bin\HostX86\x86\CL.exe /c /Zi /W3 /WX- /diagnostics:classic /Od /Ob0 /Oy- /D WIN32 /D _WINDOWS /D _WINSOCKAPI_= /D "CMAKE_INTDIR=\"Debug\"" /D _MBCS /Gm- /RTC1 /MDd /GS /fp:precise /Zc:wchar_t /Zc:forScope /Zc:inline /Fo"cmTC_930a3.dir\Debug\\" /Fd"cmTC_930a3.dir\Debug\vc141.pdb" /Gd /TC /analyze- /FC /errorReport:queue "C:\Users\Nancy\source\repos\curl-7.61.1\CMakeFiles\CheckIncludeFiles\HAVE_ERR_H.c"
  Microsoft (R) C/C++ Optimizing Compiler Version 19.15.26730 for x86
  Copyright (C) Microsoft Corporation.  All rights reserved.
  
  cl /c /Zi /W3 /WX- /diagnostics:classic /Od /Ob0 /Oy- /D WIN32 /D _WINDOWS /D _WINSOCKAPI_= /D "CMAKE_INTDIR=\"Debug\"" /D _MBCS /Gm- /RTC1 /MDd /GS /fp:precise /Zc:wchar_t /Zc:forScope /Zc:inline /Fo"cmTC_930a3.dir\Debug\\" /Fd"cmTC_930a3.dir\Debug\vc141.pdb" /Gd /TC /analyze- /FC /errorReport:queue "C:\Users\Nancy\source\repos\curl-7.61.1\CMakeFiles\CheckIncludeFiles\HAVE_ERR_H.c"
  HAVE_ERR_H.c
  
c:\users\nancy\source\repos\curl-7.61.1\cmakefiles\checkincludefiles\have_err_h.c(11): fatal error C1083: Cannot open include file: 'err.h': No such file or directory [C:\Users\Nancy\source\repos\curl-7.61.1\CMakeFiles\CMakeTmp\cmTC_930a3.vcxproj]
Done Building Project "C:\Users\Nancy\source\repos\curl-7.61.1\CMakeFiles\CMakeTmp\cmTC_930a3.vcxproj" (default targets) -- FAILED.

Build FAILED.

"C:\Users\Nancy\source\repos\curl-7.61.1\CMakeFiles\CMakeTmp\cmTC_930a3.vcxproj" (default target) (1) ->
(ClCompile target) -> 
  c:\users\nancy\source\repos\curl-7.61.1\cmakefiles\checkincludefiles\have_err_h.c(11): fatal error C1083: Cannot open include file: 'err.h': No such file or directory [C:\Users\Nancy\source\repos\curl-7.61.1\CMakeFiles\CMakeTmp\cmTC_930a3.vcxproj]

    0 Warning(s)
    1 Error(s)

Time Elapsed 00:00:01.10

Source:
/* */
#include <windows.h>
#include <winsock.h>
#include <ws2tcpip.h>
#include <winsock2.h>
#include <stdio.h>
#include <sys/stat.h>
#include <sys/types.h>
#include <sys/utime.h>
#include <assert.h>
#include <err.h>


int main(void){return 0;}

Determining if files windows.h;winsock.h;ws2tcpip.h;winsock2.h;stdio.h;sys/stat.h;sys/types.h;sys/utime.h;assert.h;errno.h;fcntl.h;idn2.h exist failed with the following output:
Change Dir: C:/Users/Nancy/source/repos/curl-7.61.1/CMakeFiles/CMakeTmp

Run Build Command:"C:/Program Files (x86)/Microsoft Visual Studio/2017/Community/MSBuild/15.0/Bin/MSBuild.exe" "cmTC_db425.vcxproj" "/p:Configuration=Debug" "/p:VisualStudioVersion=15.0"
Microsoft (R) Build Engine version 15.8.169+g1ccb72aefa for .NET Framework
Copyright (C) Microsoft Corporation. All rights reserved.

Build started 10/28/2018 6:14:15 AM.
Project "C:\Users\Nancy\source\repos\curl-7.61.1\CMakeFiles\CMakeTmp\cmTC_db425.vcxproj" on node 1 (default targets).
PrepareForBuild:
  Creating directory "cmTC_db425.dir\Debug\".
  Creating directory "C:\Users\Nancy\source\repos\curl-7.61.1\CMakeFiles\CMakeTmp\Debug\".
  Creating directory "cmTC_db425.dir\Debug\cmTC_db425.tlog\".
InitializeBuildStatus:
  Creating "cmTC_db425.dir\Debug\cmTC_db425.tlog\unsuccessfulbuild" because "AlwaysCreate" was specified.
ClCompile:
  C:\Program Files (x86)\Microsoft Visual Studio\2017\Community\VC\Tools\MSVC\14.15.26726\bin\HostX86\x86\CL.exe /c /Zi /W3 /WX- /diagnostics:classic /Od /Ob0 /Oy- /D WIN32 /D _WINDOWS /D _WINSOCKAPI_= /D "CMAKE_INTDIR=\"Debug\"" /D _MBCS /Gm- /RTC1 /MDd /GS /fp:precise /Zc:wchar_t /Zc:forScope /Zc:inline /Fo"cmTC_db425.dir\Debug\\" /Fd"cmTC_db425.dir\Debug\vc141.pdb" /Gd /TC /analyze- /FC /errorReport:queue "C:\Users\Nancy\source\repos\curl-7.61.1\CMakeFiles\CheckIncludeFiles\HAVE_IDN2_H.c"
  Microsoft (R) C/C++ Optimizing Compiler Version 19.15.26730 for x86
  Copyright (C) Microsoft Corporation.  All rights reserved.
  
  cl /c /Zi /W3 /WX- /diagnostics:classic /Od /Ob0 /Oy- /D WIN32 /D _WINDOWS /D _WINSOCKAPI_= /D "CMAKE_INTDIR=\"Debug\"" /D _MBCS /Gm- /RTC1 /MDd /GS /fp:precise /Zc:wchar_t /Zc:forScope /Zc:inline /Fo"cmTC_db425.dir\Debug\\" /Fd"cmTC_db425.dir\Debug\vc141.pdb" /Gd /TC /analyze- /FC /errorReport:queue "C:\Users\Nancy\source\repos\curl-7.61.1\CMakeFiles\CheckIncludeFiles\HAVE_IDN2_H.c"
  HAVE_IDN2_H.c
  
c:\users\nancy\source\repos\curl-7.61.1\cmakefiles\checkincludefiles\have_idn2_h.c(13): fatal error C1083: Cannot open include file: 'idn2.h': No such file or directory [C:\Users\Nancy\source\repos\curl-7.61.1\CMakeFiles\CMakeTmp\cmTC_db425.vcxproj]
Done Building Project "C:\Users\Nancy\source\repos\curl-7.61.1\CMakeFiles\CMakeTmp\cmTC_db425.vcxproj" (default targets) -- FAILED.

Build FAILED.

"C:\Users\Nancy\source\repos\curl-7.61.1\CMakeFiles\CMakeTmp\cmTC_db425.vcxproj" (default target) (1) ->
(ClCompile target) -> 
  c:\users\nancy\source\repos\curl-7.61.1\cmakefiles\checkincludefiles\have_idn2_h.c(13): fatal error C1083: Cannot open include file: 'idn2.h': No such file or directory [C:\Users\Nancy\source\repos\curl-7.61.1\CMakeFiles\CMakeTmp\cmTC_db425.vcxproj]

    0 Warning(s)
    1 Error(s)

Time Elapsed 00:00:01.09

Source:
/* */
#include <windows.h>
#include <winsock.h>
#include <ws2tcpip.h>
#include <winsock2.h>
#include <stdio.h>
#include <sys/stat.h>
#include <sys/types.h>
#include <sys/utime.h>
#include <assert.h>
#include <errno.h>
#include <fcntl.h>
#include <idn2.h>


int main(void){return 0;}

Determining if files windows.h;winsock.h;ws2tcpip.h;winsock2.h;stdio.h;sys/stat.h;sys/types.h;sys/utime.h;assert.h;errno.h;fcntl.h;ifaddrs.h exist failed with the following output:
Change Dir: C:/Users/Nancy/source/repos/curl-7.61.1/CMakeFiles/CMakeTmp

Run Build Command:"C:/Program Files (x86)/Microsoft Visual Studio/2017/Community/MSBuild/15.0/Bin/MSBuild.exe" "cmTC_77daa.vcxproj" "/p:Configuration=Debug" "/p:VisualStudioVersion=15.0"
Microsoft (R) Build Engine version 15.8.169+g1ccb72aefa for .NET Framework
Copyright (C) Microsoft Corporation. All rights reserved.

Build started 10/28/2018 6:14:16 AM.
Project "C:\Users\Nancy\source\repos\curl-7.61.1\CMakeFiles\CMakeTmp\cmTC_77daa.vcxproj" on node 1 (default targets).
PrepareForBuild:
  Creating directory "cmTC_77daa.dir\Debug\".
  Creating directory "C:\Users\Nancy\source\repos\curl-7.61.1\CMakeFiles\CMakeTmp\Debug\".
  Creating directory "cmTC_77daa.dir\Debug\cmTC_77daa.tlog\".
InitializeBuildStatus:
  Creating "cmTC_77daa.dir\Debug\cmTC_77daa.tlog\unsuccessfulbuild" because "AlwaysCreate" was specified.
ClCompile:
  C:\Program Files (x86)\Microsoft Visual Studio\2017\Community\VC\Tools\MSVC\14.15.26726\bin\HostX86\x86\CL.exe /c /Zi /W3 /WX- /diagnostics:classic /Od /Ob0 /Oy- /D WIN32 /D _WINDOWS /D _WINSOCKAPI_= /D "CMAKE_INTDIR=\"Debug\"" /D _MBCS /Gm- /RTC1 /MDd /GS /fp:precise /Zc:wchar_t /Zc:forScope /Zc:inline /Fo"cmTC_77daa.dir\Debug\\" /Fd"cmTC_77daa.dir\Debug\vc141.pdb" /Gd /TC /analyze- /FC /errorReport:queue "C:\Users\Nancy\source\repos\curl-7.61.1\CMakeFiles\CheckIncludeFiles\HAVE_IFADDRS_H.c"
  Microsoft (R) C/C++ Optimizing Compiler Version 19.15.26730 for x86
  Copyright (C) Microsoft Corporation.  All rights reserved.
  
  cl /c /Zi /W3 /WX- /diagnostics:classic /Od /Ob0 /Oy- /D WIN32 /D _WINDOWS /D _WINSOCKAPI_= /D "CMAKE_INTDIR=\"Debug\"" /D _MBCS /Gm- /RTC1 /MDd /GS /fp:precise /Zc:wchar_t /Zc:forScope /Zc:inline /Fo"cmTC_77daa.dir\Debug\\" /Fd"cmTC_77daa.dir\Debug\vc141.pdb" /Gd /TC /analyze- /FC /errorReport:queue "C:\Users\Nancy\source\repos\curl-7.61.1\CMakeFiles\CheckIncludeFiles\HAVE_IFADDRS_H.c"
  HAVE_IFADDRS_H.c
  
c:\users\nancy\source\repos\curl-7.61.1\cmakefiles\checkincludefiles\have_ifaddrs_h.c(13): fatal error C1083: Cannot open include file: 'ifaddrs.h': No such file or directory [C:\Users\Nancy\source\repos\curl-7.61.1\CMakeFiles\CMakeTmp\cmTC_77daa.vcxproj]
Done Building Project "C:\Users\Nancy\source\repos\curl-7.61.1\CMakeFiles\CMakeTmp\cmTC_77daa.vcxproj" (default targets) -- FAILED.

Build FAILED.

"C:\Users\Nancy\source\repos\curl-7.61.1\CMakeFiles\CMakeTmp\cmTC_77daa.vcxproj" (default target) (1) ->
(ClCompile target) -> 
  c:\users\nancy\source\repos\curl-7.61.1\cmakefiles\checkincludefiles\have_ifaddrs_h.c(13): fatal error C1083: Cannot open include file: 'ifaddrs.h': No such file or directory [C:\Users\Nancy\source\repos\curl-7.61.1\CMakeFiles\CMakeTmp\cmTC_77daa.vcxproj]

    0 Warning(s)
    1 Error(s)

Time Elapsed 00:00:01.09

Source:
/* */
#include <windows.h>
#include <winsock.h>
#include <ws2tcpip.h>
#include <winsock2.h>
#include <stdio.h>
#include <sys/stat.h>
#include <sys/types.h>
#include <sys/utime.h>
#include <assert.h>
#include <errno.h>
#include <fcntl.h>
#include <ifaddrs.h>


int main(void){return 0;}

Determining if files windows.h;winsock.h;ws2tcpip.h;winsock2.h;stdio.h;sys/stat.h;sys/types.h;sys/utime.h;assert.h;errno.h;fcntl.h;io.h;krb.h exist failed with the following output:
Change Dir: C:/Users/Nancy/source/repos/curl-7.61.1/CMakeFiles/CMakeTmp

Run Build Command:"C:/Program Files (x86)/Microsoft Visual Studio/2017/Community/MSBuild/15.0/Bin/MSBuild.exe" "cmTC_f3575.vcxproj" "/p:Configuration=Debug" "/p:VisualStudioVersion=15.0"
Microsoft (R) Build Engine version 15.8.169+g1ccb72aefa for .NET Framework
Copyright (C) Microsoft Corporation. All rights reserved.

Build started 10/28/2018 6:14:18 AM.
Project "C:\Users\Nancy\source\repos\curl-7.61.1\CMakeFiles\CMakeTmp\cmTC_f3575.vcxproj" on node 1 (default targets).
PrepareForBuild:
  Creating directory "cmTC_f3575.dir\Debug\".
  Creating directory "C:\Users\Nancy\source\repos\curl-7.61.1\CMakeFiles\CMakeTmp\Debug\".
  Creating directory "cmTC_f3575.dir\Debug\cmTC_f3575.tlog\".
InitializeBuildStatus:
  Creating "cmTC_f3575.dir\Debug\cmTC_f3575.tlog\unsuccessfulbuild" because "AlwaysCreate" was specified.
ClCompile:
  C:\Program Files (x86)\Microsoft Visual Studio\2017\Community\VC\Tools\MSVC\14.15.26726\bin\HostX86\x86\CL.exe /c /Zi /W3 /WX- /diagnostics:classic /Od /Ob0 /Oy- /D WIN32 /D _WINDOWS /D _WINSOCKAPI_= /D "CMAKE_INTDIR=\"Debug\"" /D _MBCS /Gm- /RTC1 /MDd /GS /fp:precise /Zc:wchar_t /Zc:forScope /Zc:inline /Fo"cmTC_f3575.dir\Debug\\" /Fd"cmTC_f3575.dir\Debug\vc141.pdb" /Gd /TC /analyze- /FC /errorReport:queue "C:\Users\Nancy\source\repos\curl-7.61.1\CMakeFiles\CheckIncludeFiles\HAVE_KRB_H.c"
  Microsoft (R) C/C++ Optimizing Compiler Version 19.15.26730 for x86
  Copyright (C) Microsoft Corporation.  All rights reserved.
  
  cl /c /Zi /W3 /WX- /diagnostics:classic /Od /Ob0 /Oy- /D WIN32 /D _WINDOWS /D _WINSOCKAPI_= /D "CMAKE_INTDIR=\"Debug\"" /D _MBCS /Gm- /RTC1 /MDd /GS /fp:precise /Zc:wchar_t /Zc:forScope /Zc:inline /Fo"cmTC_f3575.dir\Debug\\" /Fd"cmTC_f3575.dir\Debug\vc141.pdb" /Gd /TC /analyze- /FC /errorReport:queue "C:\Users\Nancy\source\repos\curl-7.61.1\CMakeFiles\CheckIncludeFiles\HAVE_KRB_H.c"
  HAVE_KRB_H.c
  
c:\users\nancy\source\repos\curl-7.61.1\cmakefiles\checkincludefiles\have_krb_h.c(14): fatal error C1083: Cannot open include file: 'krb.h': No such file or directory [C:\Users\Nancy\source\repos\curl-7.61.1\CMakeFiles\CMakeTmp\cmTC_f3575.vcxproj]
Done Building Project "C:\Users\Nancy\source\repos\curl-7.61.1\CMakeFiles\CMakeTmp\cmTC_f3575.vcxproj" (default targets) -- FAILED.

Build FAILED.

"C:\Users\Nancy\source\repos\curl-7.61.1\CMakeFiles\CMakeTmp\cmTC_f3575.vcxproj" (default target) (1) ->
(ClCompile target) -> 
  c:\users\nancy\source\repos\curl-7.61.1\cmakefiles\checkincludefiles\have_krb_h.c(14): fatal error C1083: Cannot open include file: 'krb.h': No such file or directory [C:\Users\Nancy\source\repos\curl-7.61.1\CMakeFiles\CMakeTmp\cmTC_f3575.vcxproj]

    0 Warning(s)
    1 Error(s)

Time Elapsed 00:00:01.09

Source:
/* */
#include <windows.h>
#include <winsock.h>
#include <ws2tcpip.h>
#include <winsock2.h>
#include <stdio.h>
#include <sys/stat.h>
#include <sys/types.h>
#include <sys/utime.h>
#include <assert.h>
#include <errno.h>
#include <fcntl.h>
#include <io.h>
#include <krb.h>


int main(void){return 0;}

Determining if files windows.h;winsock.h;ws2tcpip.h;winsock2.h;stdio.h;sys/stat.h;sys/types.h;sys/utime.h;assert.h;errno.h;fcntl.h;io.h;libgen.h exist failed with the following output:
Change Dir: C:/Users/Nancy/source/repos/curl-7.61.1/CMakeFiles/CMakeTmp

Run Build Command:"C:/Program Files (x86)/Microsoft Visual Studio/2017/Community/MSBuild/15.0/Bin/MSBuild.exe" "cmTC_70e8f.vcxproj" "/p:Configuration=Debug" "/p:VisualStudioVersion=15.0"
Microsoft (R) Build Engine version 15.8.169+g1ccb72aefa for .NET Framework
Copyright (C) Microsoft Corporation. All rights reserved.

Build started 10/28/2018 6:14:19 AM.
Project "C:\Users\Nancy\source\repos\curl-7.61.1\CMakeFiles\CMakeTmp\cmTC_70e8f.vcxproj" on node 1 (default targets).
PrepareForBuild:
  Creating directory "cmTC_70e8f.dir\Debug\".
  Creating directory "C:\Users\Nancy\source\repos\curl-7.61.1\CMakeFiles\CMakeTmp\Debug\".
  Creating directory "cmTC_70e8f.dir\Debug\cmTC_70e8f.tlog\".
InitializeBuildStatus:
  Creating "cmTC_70e8f.dir\Debug\cmTC_70e8f.tlog\unsuccessfulbuild" because "AlwaysCreate" was specified.
ClCompile:
  C:\Program Files (x86)\Microsoft Visual Studio\2017\Community\VC\Tools\MSVC\14.15.26726\bin\HostX86\x86\CL.exe /c /Zi /W3 /WX- /diagnostics:classic /Od /Ob0 /Oy- /D WIN32 /D _WINDOWS /D _WINSOCKAPI_= /D "CMAKE_INTDIR=\"Debug\"" /D _MBCS /Gm- /RTC1 /MDd /GS /fp:precise /Zc:wchar_t /Zc:forScope /Zc:inline /Fo"cmTC_70e8f.dir\Debug\\" /Fd"cmTC_70e8f.dir\Debug\vc141.pdb" /Gd /TC /analyze- /FC /errorReport:queue "C:\Users\Nancy\source\repos\curl-7.61.1\CMakeFiles\CheckIncludeFiles\HAVE_LIBGEN_H.c"
  Microsoft (R) C/C++ Optimizing Compiler Version 19.15.26730 for x86
  Copyright (C) Microsoft Corporation.  All rights reserved.
  
  cl /c /Zi /W3 /WX- /diagnostics:classic /Od /Ob0 /Oy- /D WIN32 /D _WINDOWS /D _WINSOCKAPI_= /D "CMAKE_INTDIR=\"Debug\"" /D _MBCS /Gm- /RTC1 /MDd /GS /fp:precise /Zc:wchar_t /Zc:forScope /Zc:inline /Fo"cmTC_70e8f.dir\Debug\\" /Fd"cmTC_70e8f.dir\Debug\vc141.pdb" /Gd /TC /analyze- /FC /errorReport:queue "C:\Users\Nancy\source\repos\curl-7.61.1\CMakeFiles\CheckIncludeFiles\HAVE_LIBGEN_H.c"
  HAVE_LIBGEN_H.c
  
c:\users\nancy\source\repos\curl-7.61.1\cmakefiles\checkincludefiles\have_libgen_h.c(14): fatal error C1083: Cannot open include file: 'libgen.h': No such file or directory [C:\Users\Nancy\source\repos\curl-7.61.1\CMakeFiles\CMakeTmp\cmTC_70e8f.vcxproj]
Done Building Project "C:\Users\Nancy\source\repos\curl-7.61.1\CMakeFiles\CMakeTmp\cmTC_70e8f.vcxproj" (default targets) -- FAILED.

Build FAILED.

"C:\Users\Nancy\source\repos\curl-7.61.1\CMakeFiles\CMakeTmp\cmTC_70e8f.vcxproj" (default target) (1) ->
(ClCompile target) -> 
  c:\users\nancy\source\repos\curl-7.61.1\cmakefiles\checkincludefiles\have_libgen_h.c(14): fatal error C1083: Cannot open include file: 'libgen.h': No such file or directory [C:\Users\Nancy\source\repos\curl-7.61.1\CMakeFiles\CMakeTmp\cmTC_70e8f.vcxproj]

    0 Warning(s)
    1 Error(s)

Time Elapsed 00:00:01.15

Source:
/* */
#include <windows.h>
#include <winsock.h>
#include <ws2tcpip.h>
#include <winsock2.h>
#include <stdio.h>
#include <sys/stat.h>
#include <sys/types.h>
#include <sys/utime.h>
#include <assert.h>
#include <errno.h>
#include <fcntl.h>
#include <io.h>
#include <libgen.h>


int main(void){return 0;}

Determining if files windows.h;winsock.h;ws2tcpip.h;winsock2.h;stdio.h;sys/stat.h;sys/types.h;sys/utime.h;assert.h;errno.h;fcntl.h;io.h;locale.h;netinet/tcp.h exist failed with the following output:
Change Dir: C:/Users/Nancy/source/repos/curl-7.61.1/CMakeFiles/CMakeTmp

Run Build Command:"C:/Program Files (x86)/Microsoft Visual Studio/2017/Community/MSBuild/15.0/Bin/MSBuild.exe" "cmTC_8fb32.vcxproj" "/p:Configuration=Debug" "/p:VisualStudioVersion=15.0"
Microsoft (R) Build Engine version 15.8.169+g1ccb72aefa for .NET Framework
Copyright (C) Microsoft Corporation. All rights reserved.

Build started 10/28/2018 6:14:23 AM.
Project "C:\Users\Nancy\source\repos\curl-7.61.1\CMakeFiles\CMakeTmp\cmTC_8fb32.vcxproj" on node 1 (default targets).
PrepareForBuild:
  Creating directory "cmTC_8fb32.dir\Debug\".
  Creating directory "C:\Users\Nancy\source\repos\curl-7.61.1\CMakeFiles\CMakeTmp\Debug\".
  Creating directory "cmTC_8fb32.dir\Debug\cmTC_8fb32.tlog\".
InitializeBuildStatus:
  Creating "cmTC_8fb32.dir\Debug\cmTC_8fb32.tlog\unsuccessfulbuild" because "AlwaysCreate" was specified.
ClCompile:
  C:\Program Files (x86)\Microsoft Visual Studio\2017\Community\VC\Tools\MSVC\14.15.26726\bin\HostX86\x86\CL.exe /c /Zi /W3 /WX- /diagnostics:classic /Od /Ob0 /Oy- /D WIN32 /D _WINDOWS /D _WINSOCKAPI_= /D "CMAKE_INTDIR=\"Debug\"" /D _MBCS /Gm- /RTC1 /MDd /GS /fp:precise /Zc:wchar_t /Zc:forScope /Zc:inline /Fo"cmTC_8fb32.dir\Debug\\" /Fd"cmTC_8fb32.dir\Debug\vc141.pdb" /Gd /TC /analyze- /FC /errorReport:queue "C:\Users\Nancy\source\repos\curl-7.61.1\CMakeFiles\CheckIncludeFiles\HAVE_NETINET_TCP_H.c"
  Microsoft (R) C/C++ Optimizing Compiler Version 19.15.26730 for x86
  Copyright (C) Microsoft Corporation.  All rights reserved.
  
  cl /c /Zi /W3 /WX- /diagnostics:classic /Od /Ob0 /Oy- /D WIN32 /D _WINDOWS /D _WINSOCKAPI_= /D "CMAKE_INTDIR=\"Debug\"" /D _MBCS /Gm- /RTC1 /MDd /GS /fp:precise /Zc:wchar_t /Zc:forScope /Zc:inline /Fo"cmTC_8fb32.dir\Debug\\" /Fd"cmTC_8fb32.dir\Debug\vc141.pdb" /Gd /TC /analyze- /FC /errorReport:queue "C:\Users\Nancy\source\repos\curl-7.61.1\CMakeFiles\CheckIncludeFiles\HAVE_NETINET_TCP_H.c"
  HAVE_NETINET_TCP_H.c
  
c:\users\nancy\source\repos\curl-7.61.1\cmakefiles\checkincludefiles\have_netinet_tcp_h.c(15): fatal error C1083: Cannot open include file: 'netinet/tcp.h': No such file or directory [C:\Users\Nancy\source\repos\curl-7.61.1\CMakeFiles\CMakeTmp\cmTC_8fb32.vcxproj]
Done Building Project "C:\Users\Nancy\source\repos\curl-7.61.1\CMakeFiles\CMakeTmp\cmTC_8fb32.vcxproj" (default targets) -- FAILED.

Build FAILED.

"C:\Users\Nancy\source\repos\curl-7.61.1\CMakeFiles\CMakeTmp\cmTC_8fb32.vcxproj" (default target) (1) ->
(ClCompile target) -> 
  c:\users\nancy\source\repos\curl-7.61.1\cmakefiles\checkincludefiles\have_netinet_tcp_h.c(15): fatal error C1083: Cannot open include file: 'netinet/tcp.h': No such file or directory [C:\Users\Nancy\source\repos\curl-7.61.1\CMakeFiles\CMakeTmp\cmTC_8fb32.vcxproj]

    0 Warning(s)
    1 Error(s)

Time Elapsed 00:00:01.10

Source:
/* */
#include <windows.h>
#include <winsock.h>
#include <ws2tcpip.h>
#include <winsock2.h>
#include <stdio.h>
#include <sys/stat.h>
#include <sys/types.h>
#include <sys/utime.h>
#include <assert.h>
#include <errno.h>
#include <fcntl.h>
#include <io.h>
#include <locale.h>
#include <netinet/tcp.h>


int main(void){return 0;}

Determining if files windows.h;winsock.h;ws2tcpip.h;winsock2.h;stdio.h;sys/stat.h;sys/types.h;sys/utime.h;assert.h;errno.h;fcntl.h;io.h;locale.h;pem.h exist failed with the following output:
Change Dir: C:/Users/Nancy/source/repos/curl-7.61.1/CMakeFiles/CMakeTmp

Run Build Command:"C:/Program Files (x86)/Microsoft Visual Studio/2017/Community/MSBuild/15.0/Bin/MSBuild.exe" "cmTC_5ac26.vcxproj" "/p:Configuration=Debug" "/p:VisualStudioVersion=15.0"
Microsoft (R) Build Engine version 15.8.169+g1ccb72aefa for .NET Framework
Copyright (C) Microsoft Corporation. All rights reserved.

Build started 10/28/2018 6:14:24 AM.
Project "C:\Users\Nancy\source\repos\curl-7.61.1\CMakeFiles\CMakeTmp\cmTC_5ac26.vcxproj" on node 1 (default targets).
PrepareForBuild:
  Creating directory "cmTC_5ac26.dir\Debug\".
  Creating directory "C:\Users\Nancy\source\repos\curl-7.61.1\CMakeFiles\CMakeTmp\Debug\".
  Creating directory "cmTC_5ac26.dir\Debug\cmTC_5ac26.tlog\".
InitializeBuildStatus:
  Creating "cmTC_5ac26.dir\Debug\cmTC_5ac26.tlog\unsuccessfulbuild" because "AlwaysCreate" was specified.
ClCompile:
  C:\Program Files (x86)\Microsoft Visual Studio\2017\Community\VC\Tools\MSVC\14.15.26726\bin\HostX86\x86\CL.exe /c /Zi /W3 /WX- /diagnostics:classic /Od /Ob0 /Oy- /D WIN32 /D _WINDOWS /D _WINSOCKAPI_= /D "CMAKE_INTDIR=\"Debug\"" /D _MBCS /Gm- /RTC1 /MDd /GS /fp:precise /Zc:wchar_t /Zc:forScope /Zc:inline /Fo"cmTC_5ac26.dir\Debug\\" /Fd"cmTC_5ac26.dir\Debug\vc141.pdb" /Gd /TC /analyze- /FC /errorReport:queue "C:\Users\Nancy\source\repos\curl-7.61.1\CMakeFiles\CheckIncludeFiles\HAVE_PEM_H.c"
  Microsoft (R) C/C++ Optimizing Compiler Version 19.15.26730 for x86
  Copyright (C) Microsoft Corporation.  All rights reserved.
  
  cl /c /Zi /W3 /WX- /diagnostics:classic /Od /Ob0 /Oy- /D WIN32 /D _WINDOWS /D _WINSOCKAPI_= /D "CMAKE_INTDIR=\"Debug\"" /D _MBCS /Gm- /RTC1 /MDd /GS /fp:precise /Zc:wchar_t /Zc:forScope /Zc:inline /Fo"cmTC_5ac26.dir\Debug\\" /Fd"cmTC_5ac26.dir\Debug\vc141.pdb" /Gd /TC /analyze- /FC /errorReport:queue "C:\Users\Nancy\source\repos\curl-7.61.1\CMakeFiles\CheckIncludeFiles\HAVE_PEM_H.c"
  HAVE_PEM_H.c
  
c:\users\nancy\source\repos\curl-7.61.1\cmakefiles\checkincludefiles\have_pem_h.c(15): fatal error C1083: Cannot open include file: 'pem.h': No such file or directory [C:\Users\Nancy\source\repos\curl-7.61.1\CMakeFiles\CMakeTmp\cmTC_5ac26.vcxproj]
Done Building Project "C:\Users\Nancy\source\repos\curl-7.61.1\CMakeFiles\CMakeTmp\cmTC_5ac26.vcxproj" (default targets) -- FAILED.

Build FAILED.

"C:\Users\Nancy\source\repos\curl-7.61.1\CMakeFiles\CMakeTmp\cmTC_5ac26.vcxproj" (default target) (1) ->
(ClCompile target) -> 
  c:\users\nancy\source\repos\curl-7.61.1\cmakefiles\checkincludefiles\have_pem_h.c(15): fatal error C1083: Cannot open include file: 'pem.h': No such file or directory [C:\Users\Nancy\source\repos\curl-7.61.1\CMakeFiles\CMakeTmp\cmTC_5ac26.vcxproj]

    0 Warning(s)
    1 Error(s)

Time Elapsed 00:00:01.07

Source:
/* */
#include <windows.h>
#include <winsock.h>
#include <ws2tcpip.h>
#include <winsock2.h>
#include <stdio.h>
#include <sys/stat.h>
#include <sys/types.h>
#include <sys/utime.h>
#include <assert.h>
#include <errno.h>
#include <fcntl.h>
#include <io.h>
#include <locale.h>
#include <pem.h>


int main(void){return 0;}

Determining if files windows.h;winsock.h;ws2tcpip.h;winsock2.h;stdio.h;sys/stat.h;sys/types.h;sys/utime.h;assert.h;errno.h;fcntl.h;io.h;locale.h;poll.h exist failed with the following output:
Change Dir: C:/Users/Nancy/source/repos/curl-7.61.1/CMakeFiles/CMakeTmp

Run Build Command:"C:/Program Files (x86)/Microsoft Visual Studio/2017/Community/MSBuild/15.0/Bin/MSBuild.exe" "cmTC_b805d.vcxproj" "/p:Configuration=Debug" "/p:VisualStudioVersion=15.0"
Microsoft (R) Build Engine version 15.8.169+g1ccb72aefa for .NET Framework
Copyright (C) Microsoft Corporation. All rights reserved.

Build started 10/28/2018 6:14:26 AM.
Project "C:\Users\Nancy\source\repos\curl-7.61.1\CMakeFiles\CMakeTmp\cmTC_b805d.vcxproj" on node 1 (default targets).
PrepareForBuild:
  Creating directory "cmTC_b805d.dir\Debug\".
  Creating directory "C:\Users\Nancy\source\repos\curl-7.61.1\CMakeFiles\CMakeTmp\Debug\".
  Creating directory "cmTC_b805d.dir\Debug\cmTC_b805d.tlog\".
InitializeBuildStatus:
  Creating "cmTC_b805d.dir\Debug\cmTC_b805d.tlog\unsuccessfulbuild" because "AlwaysCreate" was specified.
ClCompile:
  C:\Program Files (x86)\Microsoft Visual Studio\2017\Community\VC\Tools\MSVC\14.15.26726\bin\HostX86\x86\CL.exe /c /Zi /W3 /WX- /diagnostics:classic /Od /Ob0 /Oy- /D WIN32 /D _WINDOWS /D _WINSOCKAPI_= /D "CMAKE_INTDIR=\"Debug\"" /D _MBCS /Gm- /RTC1 /MDd /GS /fp:precise /Zc:wchar_t /Zc:forScope /Zc:inline /Fo"cmTC_b805d.dir\Debug\\" /Fd"cmTC_b805d.dir\Debug\vc141.pdb" /Gd /TC /analyze- /FC /errorReport:queue "C:\Users\Nancy\source\repos\curl-7.61.1\CMakeFiles\CheckIncludeFiles\HAVE_POLL_H.c"
  Microsoft (R) C/C++ Optimizing Compiler Version 19.15.26730 for x86
  Copyright (C) Microsoft Corporation.  All rights reserved.
  
  cl /c /Zi /W3 /WX- /diagnostics:classic /Od /Ob0 /Oy- /D WIN32 /D _WINDOWS /D _WINSOCKAPI_= /D "CMAKE_INTDIR=\"Debug\"" /D _MBCS /Gm- /RTC1 /MDd /GS /fp:precise /Zc:wchar_t /Zc:forScope /Zc:inline /Fo"cmTC_b805d.dir\Debug\\" /Fd"cmTC_b805d.dir\Debug\vc141.pdb" /Gd /TC /analyze- /FC /errorReport:queue "C:\Users\Nancy\source\repos\curl-7.61.1\CMakeFiles\CheckIncludeFiles\HAVE_POLL_H.c"
  HAVE_POLL_H.c
  
c:\users\nancy\source\repos\curl-7.61.1\cmakefiles\checkincludefiles\have_poll_h.c(15): fatal error C1083: Cannot open include file: 'poll.h': No such file or directory [C:\Users\Nancy\source\repos\curl-7.61.1\CMakeFiles\CMakeTmp\cmTC_b805d.vcxproj]
Done Building Project "C:\Users\Nancy\source\repos\curl-7.61.1\CMakeFiles\CMakeTmp\cmTC_b805d.vcxproj" (default targets) -- FAILED.

Build FAILED.

"C:\Users\Nancy\source\repos\curl-7.61.1\CMakeFiles\CMakeTmp\cmTC_b805d.vcxproj" (default target) (1) ->
(ClCompile target) -> 
  c:\users\nancy\source\repos\curl-7.61.1\cmakefiles\checkincludefiles\have_poll_h.c(15): fatal error C1083: Cannot open include file: 'poll.h': No such file or directory [C:\Users\Nancy\source\repos\curl-7.61.1\CMakeFiles\CMakeTmp\cmTC_b805d.vcxproj]

    0 Warning(s)
    1 Error(s)

Time Elapsed 00:00:01.09

Source:
/* */
#include <windows.h>
#include <winsock.h>
#include <ws2tcpip.h>
#include <winsock2.h>
#include <stdio.h>
#include <sys/stat.h>
#include <sys/types.h>
#include <sys/utime.h>
#include <assert.h>
#include <errno.h>
#include <fcntl.h>
#include <io.h>
#include <locale.h>
#include <poll.h>


int main(void){return 0;}

Determining if files windows.h;winsock.h;ws2tcpip.h;winsock2.h;stdio.h;sys/stat.h;sys/types.h;sys/utime.h;assert.h;errno.h;fcntl.h;io.h;locale.h;rsa.h exist failed with the following output:
Change Dir: C:/Users/Nancy/source/repos/curl-7.61.1/CMakeFiles/CMakeTmp

Run Build Command:"C:/Program Files (x86)/Microsoft Visual Studio/2017/Community/MSBuild/15.0/Bin/MSBuild.exe" "cmTC_82f1b.vcxproj" "/p:Configuration=Debug" "/p:VisualStudioVersion=15.0"
Microsoft (R) Build Engine version 15.8.169+g1ccb72aefa for .NET Framework
Copyright (C) Microsoft Corporation. All rights reserved.

Build started 10/28/2018 6:14:27 AM.
Project "C:\Users\Nancy\source\repos\curl-7.61.1\CMakeFiles\CMakeTmp\cmTC_82f1b.vcxproj" on node 1 (default targets).
PrepareForBuild:
  Creating directory "cmTC_82f1b.dir\Debug\".
  Creating directory "C:\Users\Nancy\source\repos\curl-7.61.1\CMakeFiles\CMakeTmp\Debug\".
  Creating directory "cmTC_82f1b.dir\Debug\cmTC_82f1b.tlog\".
InitializeBuildStatus:
  Creating "cmTC_82f1b.dir\Debug\cmTC_82f1b.tlog\unsuccessfulbuild" because "AlwaysCreate" was specified.
ClCompile:
  C:\Program Files (x86)\Microsoft Visual Studio\2017\Community\VC\Tools\MSVC\14.15.26726\bin\HostX86\x86\CL.exe /c /Zi /W3 /WX- /diagnostics:classic /Od /Ob0 /Oy- /D WIN32 /D _WINDOWS /D _WINSOCKAPI_= /D "CMAKE_INTDIR=\"Debug\"" /D _MBCS /Gm- /RTC1 /MDd /GS /fp:precise /Zc:wchar_t /Zc:forScope /Zc:inline /Fo"cmTC_82f1b.dir\Debug\\" /Fd"cmTC_82f1b.dir\Debug\vc141.pdb" /Gd /TC /analyze- /FC /errorReport:queue "C:\Users\Nancy\source\repos\curl-7.61.1\CMakeFiles\CheckIncludeFiles\HAVE_RSA_H.c"
  Microsoft (R) C/C++ Optimizing Compiler Version 19.15.26730 for x86
  Copyright (C) Microsoft Corporation.  All rights reserved.
  
  cl /c /Zi /W3 /WX- /diagnostics:classic /Od /Ob0 /Oy- /D WIN32 /D _WINDOWS /D _WINSOCKAPI_= /D "CMAKE_INTDIR=\"Debug\"" /D _MBCS /Gm- /RTC1 /MDd /GS /fp:precise /Zc:wchar_t /Zc:forScope /Zc:inline /Fo"cmTC_82f1b.dir\Debug\\" /Fd"cmTC_82f1b.dir\Debug\vc141.pdb" /Gd /TC /analyze- /FC /errorReport:queue "C:\Users\Nancy\source\repos\curl-7.61.1\CMakeFiles\CheckIncludeFiles\HAVE_RSA_H.c"
  HAVE_RSA_H.c
  
c:\users\nancy\source\repos\curl-7.61.1\cmakefiles\checkincludefiles\have_rsa_h.c(15): fatal error C1083: Cannot open include file: 'rsa.h': No such file or directory [C:\Users\Nancy\source\repos\curl-7.61.1\CMakeFiles\CMakeTmp\cmTC_82f1b.vcxproj]
Done Building Project "C:\Users\Nancy\source\repos\curl-7.61.1\CMakeFiles\CMakeTmp\cmTC_82f1b.vcxproj" (default targets) -- FAILED.

Build FAILED.

"C:\Users\Nancy\source\repos\curl-7.61.1\CMakeFiles\CMakeTmp\cmTC_82f1b.vcxproj" (default target) (1) ->
(ClCompile target) -> 
  c:\users\nancy\source\repos\curl-7.61.1\cmakefiles\checkincludefiles\have_rsa_h.c(15): fatal error C1083: Cannot open include file: 'rsa.h': No such file or directory [C:\Users\Nancy\source\repos\curl-7.61.1\CMakeFiles\CMakeTmp\cmTC_82f1b.vcxproj]

    0 Warning(s)
    1 Error(s)

Time Elapsed 00:00:01.09

Source:
/* */
#include <windows.h>
#include <winsock.h>
#include <ws2tcpip.h>
#include <winsock2.h>
#include <stdio.h>
#include <sys/stat.h>
#include <sys/types.h>
#include <sys/utime.h>
#include <assert.h>
#include <errno.h>
#include <fcntl.h>
#include <io.h>
#include <locale.h>
#include <rsa.h>


int main(void){return 0;}

Determining if files windows.h;winsock.h;ws2tcpip.h;winsock2.h;stdio.h;sys/stat.h;sys/types.h;sys/utime.h;assert.h;errno.h;fcntl.h;io.h;locale.h;setjmp.h;signal.h;ssl.h exist failed with the following output:
Change Dir: C:/Users/Nancy/source/repos/curl-7.61.1/CMakeFiles/CMakeTmp

Run Build Command:"C:/Program Files (x86)/Microsoft Visual Studio/2017/Community/MSBuild/15.0/Bin/MSBuild.exe" "cmTC_b3834.vcxproj" "/p:Configuration=Debug" "/p:VisualStudioVersion=15.0"
Microsoft (R) Build Engine version 15.8.169+g1ccb72aefa for .NET Framework
Copyright (C) Microsoft Corporation. All rights reserved.

Build started 10/28/2018 6:14:29 AM.
Project "C:\Users\Nancy\source\repos\curl-7.61.1\CMakeFiles\CMakeTmp\cmTC_b3834.vcxproj" on node 1 (default targets).
PrepareForBuild:
  Creating directory "cmTC_b3834.dir\Debug\".
  Creating directory "C:\Users\Nancy\source\repos\curl-7.61.1\CMakeFiles\CMakeTmp\Debug\".
  Creating directory "cmTC_b3834.dir\Debug\cmTC_b3834.tlog\".
InitializeBuildStatus:
  Creating "cmTC_b3834.dir\Debug\cmTC_b3834.tlog\unsuccessfulbuild" because "AlwaysCreate" was specified.
ClCompile:
  C:\Program Files (x86)\Microsoft Visual Studio\2017\Community\VC\Tools\MSVC\14.15.26726\bin\HostX86\x86\CL.exe /c /Zi /W3 /WX- /diagnostics:classic /Od /Ob0 /Oy- /D WIN32 /D _WINDOWS /D _WINSOCKAPI_= /D "CMAKE_INTDIR=\"Debug\"" /D _MBCS /Gm- /RTC1 /MDd /GS /fp:precise /Zc:wchar_t /Zc:forScope /Zc:inline /Fo"cmTC_b3834.dir\Debug\\" /Fd"cmTC_b3834.dir\Debug\vc141.pdb" /Gd /TC /analyze- /FC /errorReport:queue "C:\Users\Nancy\source\repos\curl-7.61.1\CMakeFiles\CheckIncludeFiles\HAVE_SSL_H.c"
  Microsoft (R) C/C++ Optimizing Compiler Version 19.15.26730 for x86
  Copyright (C) Microsoft Corporation.  All rights reserved.
  
  cl /c /Zi /W3 /WX- /diagnostics:classic /Od /Ob0 /Oy- /D WIN32 /D _WINDOWS /D _WINSOCKAPI_= /D "CMAKE_INTDIR=\"Debug\"" /D _MBCS /Gm- /RTC1 /MDd /GS /fp:precise /Zc:wchar_t /Zc:forScope /Zc:inline /Fo"cmTC_b3834.dir\Debug\\" /Fd"cmTC_b3834.dir\Debug\vc141.pdb" /Gd /TC /analyze- /FC /errorReport:queue "C:\Users\Nancy\source\repos\curl-7.61.1\CMakeFiles\CheckIncludeFiles\HAVE_SSL_H.c"
  HAVE_SSL_H.c
  
c:\users\nancy\source\repos\curl-7.61.1\cmakefiles\checkincludefiles\have_ssl_h.c(17): fatal error C1083: Cannot open include file: 'ssl.h': No such file or directory [C:\Users\Nancy\source\repos\curl-7.61.1\CMakeFiles\CMakeTmp\cmTC_b3834.vcxproj]
Done Building Project "C:\Users\Nancy\source\repos\curl-7.61.1\CMakeFiles\CMakeTmp\cmTC_b3834.vcxproj" (default targets) -- FAILED.

Build FAILED.

"C:\Users\Nancy\source\repos\curl-7.61.1\CMakeFiles\CMakeTmp\cmTC_b3834.vcxproj" (default target) (1) ->
(ClCompile target) -> 
  c:\users\nancy\source\repos\curl-7.61.1\cmakefiles\checkincludefiles\have_ssl_h.c(17): fatal error C1083: Cannot open include file: 'ssl.h': No such file or directory [C:\Users\Nancy\source\repos\curl-7.61.1\CMakeFiles\CMakeTmp\cmTC_b3834.vcxproj]

    0 Warning(s)
    1 Error(s)

Time Elapsed 00:00:01.12

Source:
/* */
#include <windows.h>
#include <winsock.h>
#include <ws2tcpip.h>
#include <winsock2.h>
#include <stdio.h>
#include <sys/stat.h>
#include <sys/types.h>
#include <sys/utime.h>
#include <assert.h>
#include <errno.h>
#include <fcntl.h>
#include <io.h>
#include <locale.h>
#include <setjmp.h>
#include <signal.h>
#include <ssl.h>


int main(void){return 0;}

Determining if files windows.h;winsock.h;ws2tcpip.h;winsock2.h;stdio.h;sys/stat.h;sys/types.h;sys/utime.h;assert.h;errno.h;fcntl.h;io.h;locale.h;setjmp.h;signal.h;stdbool.h;stdio.h;stdlib.h;string.h;stropts.h exist failed with the following output:
Change Dir: C:/Users/Nancy/source/repos/curl-7.61.1/CMakeFiles/CMakeTmp

Run Build Command:"C:/Program Files (x86)/Microsoft Visual Studio/2017/Community/MSBuild/15.0/Bin/MSBuild.exe" "cmTC_2631f.vcxproj" "/p:Configuration=Debug" "/p:VisualStudioVersion=15.0"
Microsoft (R) Build Engine version 15.8.169+g1ccb72aefa for .NET Framework
Copyright (C) Microsoft Corporation. All rights reserved.

Build started 10/28/2018 6:14:32 AM.
Project "C:\Users\Nancy\source\repos\curl-7.61.1\CMakeFiles\CMakeTmp\cmTC_2631f.vcxproj" on node 1 (default targets).
PrepareForBuild:
  Creating directory "cmTC_2631f.dir\Debug\".
  Creating directory "C:\Users\Nancy\source\repos\curl-7.61.1\CMakeFiles\CMakeTmp\Debug\".
  Creating directory "cmTC_2631f.dir\Debug\cmTC_2631f.tlog\".
InitializeBuildStatus:
  Creating "cmTC_2631f.dir\Debug\cmTC_2631f.tlog\unsuccessfulbuild" because "AlwaysCreate" was specified.
ClCompile:
  C:\Program Files (x86)\Microsoft Visual Studio\2017\Community\VC\Tools\MSVC\14.15.26726\bin\HostX86\x86\CL.exe /c /Zi /W3 /WX- /diagnostics:classic /Od /Ob0 /Oy- /D WIN32 /D _WINDOWS /D _WINSOCKAPI_= /D "CMAKE_INTDIR=\"Debug\"" /D _MBCS /Gm- /RTC1 /MDd /GS /fp:precise /Zc:wchar_t /Zc:forScope /Zc:inline /Fo"cmTC_2631f.dir\Debug\\" /Fd"cmTC_2631f.dir\Debug\vc141.pdb" /Gd /TC /analyze- /FC /errorReport:queue "C:\Users\Nancy\source\repos\curl-7.61.1\CMakeFiles\CheckIncludeFiles\HAVE_STROPTS_H.c"
  Microsoft (R) C/C++ Optimizing Compiler Version 19.15.26730 for x86
  Copyright (C) Microsoft Corporation.  All rights reserved.
  
  cl /c /Zi /W3 /WX- /diagnostics:classic /Od /Ob0 /Oy- /D WIN32 /D _WINDOWS /D _WINSOCKAPI_= /D "CMAKE_INTDIR=\"Debug\"" /D _MBCS /Gm- /RTC1 /MDd /GS /fp:precise /Zc:wchar_t /Zc:forScope /Zc:inline /Fo"cmTC_2631f.dir\Debug\\" /Fd"cmTC_2631f.dir\Debug\vc141.pdb" /Gd /TC /analyze- /FC /errorReport:queue "C:\Users\Nancy\source\repos\curl-7.61.1\CMakeFiles\CheckIncludeFiles\HAVE_STROPTS_H.c"
  HAVE_STROPTS_H.c
  
c:\users\nancy\source\repos\curl-7.61.1\cmakefiles\checkincludefiles\have_stropts_h.c(21): fatal error C1083: Cannot open include file: 'stropts.h': No such file or directory [C:\Users\Nancy\source\repos\curl-7.61.1\CMakeFiles\CMakeTmp\cmTC_2631f.vcxproj]
Done Building Project "C:\Users\Nancy\source\repos\curl-7.61.1\CMakeFiles\CMakeTmp\cmTC_2631f.vcxproj" (default targets) -- FAILED.

Build FAILED.

"C:\Users\Nancy\source\repos\curl-7.61.1\CMakeFiles\CMakeTmp\cmTC_2631f.vcxproj" (default target) (1) ->
(ClCompile target) -> 
  c:\users\nancy\source\repos\curl-7.61.1\cmakefiles\checkincludefiles\have_stropts_h.c(21): fatal error C1083: Cannot open include file: 'stropts.h': No such file or directory [C:\Users\Nancy\source\repos\curl-7.61.1\CMakeFiles\CMakeTmp\cmTC_2631f.vcxproj]

    0 Warning(s)
    1 Error(s)

Time Elapsed 00:00:01.10

Source:
/* */
#include <windows.h>
#include <winsock.h>
#include <ws2tcpip.h>
#include <winsock2.h>
#include <stdio.h>
#include <sys/stat.h>
#include <sys/types.h>
#include <sys/utime.h>
#include <assert.h>
#include <errno.h>
#include <fcntl.h>
#include <io.h>
#include <locale.h>
#include <setjmp.h>
#include <signal.h>
#include <stdbool.h>
#include <stdio.h>
#include <stdlib.h>
#include <string.h>
#include <stropts.h>


int main(void){return 0;}

Determining if files windows.h;winsock.h;ws2tcpip.h;winsock2.h;stdio.h;sys/stat.h;sys/types.h;sys/utime.h;assert.h;errno.h;fcntl.h;io.h;locale.h;setjmp.h;signal.h;stdbool.h;stdio.h;stdlib.h;string.h;time.h;process.h;stddef.h;malloc.h;memory.h;sys/utsname.h exist failed with the following output:
Change Dir: C:/Users/Nancy/source/repos/curl-7.61.1/CMakeFiles/CMakeTmp

Run Build Command:"C:/Program Files (x86)/Microsoft Visual Studio/2017/Community/MSBuild/15.0/Bin/MSBuild.exe" "cmTC_6e0ed.vcxproj" "/p:Configuration=Debug" "/p:VisualStudioVersion=15.0"
Microsoft (R) Build Engine version 15.8.169+g1ccb72aefa for .NET Framework
Copyright (C) Microsoft Corporation. All rights reserved.

Build started 10/28/2018 6:14:36 AM.
Project "C:\Users\Nancy\source\repos\curl-7.61.1\CMakeFiles\CMakeTmp\cmTC_6e0ed.vcxproj" on node 1 (default targets).
PrepareForBuild:
  Creating directory "cmTC_6e0ed.dir\Debug\".
  Creating directory "C:\Users\Nancy\source\repos\curl-7.61.1\CMakeFiles\CMakeTmp\Debug\".
  Creating directory "cmTC_6e0ed.dir\Debug\cmTC_6e0ed.tlog\".
InitializeBuildStatus:
  Creating "cmTC_6e0ed.dir\Debug\cmTC_6e0ed.tlog\unsuccessfulbuild" because "AlwaysCreate" was specified.
ClCompile:
  C:\Program Files (x86)\Microsoft Visual Studio\2017\Community\VC\Tools\MSVC\14.15.26726\bin\HostX86\x86\CL.exe /c /Zi /W3 /WX- /diagnostics:classic /Od /Ob0 /Oy- /D WIN32 /D _WINDOWS /D _WINSOCKAPI_= /D "CMAKE_INTDIR=\"Debug\"" /D _MBCS /Gm- /RTC1 /MDd /GS /fp:precise /Zc:wchar_t /Zc:forScope /Zc:inline /Fo"cmTC_6e0ed.dir\Debug\\" /Fd"cmTC_6e0ed.dir\Debug\vc141.pdb" /Gd /TC /analyze- /FC /errorReport:queue "C:\Users\Nancy\source\repos\curl-7.61.1\CMakeFiles\CheckIncludeFiles\HAVE_SYS_UTSNAME_H.c"
  Microsoft (R) C/C++ Optimizing Compiler Version 19.15.26730 for x86
  Copyright (C) Microsoft Corporation.  All rights reserved.
  
  cl /c /Zi /W3 /WX- /diagnostics:classic /Od /Ob0 /Oy- /D WIN32 /D _WINDOWS /D _WINSOCKAPI_= /D "CMAKE_INTDIR=\"Debug\"" /D _MBCS /Gm- /RTC1 /MDd /GS /fp:precise /Zc:wchar_t /Zc:forScope /Zc:inline /Fo"cmTC_6e0ed.dir\Debug\\" /Fd"cmTC_6e0ed.dir\Debug\vc141.pdb" /Gd /TC /analyze- /FC /errorReport:queue "C:\Users\Nancy\source\repos\curl-7.61.1\CMakeFiles\CheckIncludeFiles\HAVE_SYS_UTSNAME_H.c"
  HAVE_SYS_UTSNAME_H.c
  
c:\users\nancy\source\repos\curl-7.61.1\cmakefiles\checkincludefiles\have_sys_utsname_h.c(26): fatal error C1083: Cannot open include file: 'sys/utsname.h': No such file or directory [C:\Users\Nancy\source\repos\curl-7.61.1\CMakeFiles\CMakeTmp\cmTC_6e0ed.vcxproj]
Done Building Project "C:\Users\Nancy\source\repos\curl-7.61.1\CMakeFiles\CMakeTmp\cmTC_6e0ed.vcxproj" (default targets) -- FAILED.

Build FAILED.

"C:\Users\Nancy\source\repos\curl-7.61.1\CMakeFiles\CMakeTmp\cmTC_6e0ed.vcxproj" (default target) (1) ->
(ClCompile target) -> 
  c:\users\nancy\source\repos\curl-7.61.1\cmakefiles\checkincludefiles\have_sys_utsname_h.c(26): fatal error C1083: Cannot open include file: 'sys/utsname.h': No such file or directory [C:\Users\Nancy\source\repos\curl-7.61.1\CMakeFiles\CMakeTmp\cmTC_6e0ed.vcxproj]

    0 Warning(s)
    1 Error(s)

Time Elapsed 00:00:01.12

Source:
/* */
#include <windows.h>
#include <winsock.h>
#include <ws2tcpip.h>
#include <winsock2.h>
#include <stdio.h>
#include <sys/stat.h>
#include <sys/types.h>
#include <sys/utime.h>
#include <assert.h>
#include <errno.h>
#include <fcntl.h>
#include <io.h>
#include <locale.h>
#include <setjmp.h>
#include <signal.h>
#include <stdbool.h>
#include <stdio.h>
#include <stdlib.h>
#include <string.h>
#include <time.h>
#include <process.h>
#include <stddef.h>
#include <malloc.h>
#include <memory.h>
#include <sys/utsname.h>


int main(void){return 0;}

Determining size of ssize_t failed with the following output:
Change Dir: C:/Users/Nancy/source/repos/curl-7.61.1/CMakeFiles/CMakeTmp

Run Build Command:"C:/Program Files (x86)/Microsoft Visual Studio/2017/Community/MSBuild/15.0/Bin/MSBuild.exe" "cmTC_7068b.vcxproj" "/p:Configuration=Debug" "/p:VisualStudioVersion=15.0"
Microsoft (R) Build Engine version 15.8.169+g1ccb72aefa for .NET Framework
Copyright (C) Microsoft Corporation. All rights reserved.

Build started 10/28/2018 6:14:39 AM.
Project "C:\Users\Nancy\source\repos\curl-7.61.1\CMakeFiles\CMakeTmp\cmTC_7068b.vcxproj" on node 1 (default targets).
PrepareForBuild:
  Creating directory "cmTC_7068b.dir\Debug\".
  Creating directory "C:\Users\Nancy\source\repos\curl-7.61.1\CMakeFiles\CMakeTmp\Debug\".
  Creating directory "cmTC_7068b.dir\Debug\cmTC_7068b.tlog\".
InitializeBuildStatus:
  Creating "cmTC_7068b.dir\Debug\cmTC_7068b.tlog\unsuccessfulbuild" because "AlwaysCreate" was specified.
ClCompile:
  C:\Program Files (x86)\Microsoft Visual Studio\2017\Community\VC\Tools\MSVC\14.15.26726\bin\HostX86\x86\CL.exe /c /Zi /W3 /WX- /diagnostics:classic /Od /Ob0 /Oy- /D WIN32 /D _WINDOWS /D _WINSOCKAPI_= /D "CMAKE_INTDIR=\"Debug\"" /D _MBCS /Gm- /RTC1 /MDd /GS /fp:precise /Zc:wchar_t /Zc:forScope /Zc:inline /Fo"cmTC_7068b.dir\Debug\\" /Fd"cmTC_7068b.dir\Debug\vc141.pdb" /Gd /TC /analyze- /FC /errorReport:queue "C:\Users\Nancy\source\repos\curl-7.61.1\CMakeFiles\CheckTypeSize\SIZEOF_SSIZE_T.c"
  Microsoft (R) C/C++ Optimizing Compiler Version 19.15.26730 for x86
  Copyright (C) Microsoft Corporation.  All rights reserved.
  
  cl /c /Zi /W3 /WX- /diagnostics:classic /Od /Ob0 /Oy- /D WIN32 /D _WINDOWS /D _WINSOCKAPI_= /D "CMAKE_INTDIR=\"Debug\"" /D _MBCS /Gm- /RTC1 /MDd /GS /fp:precise /Zc:wchar_t /Zc:forScope /Zc:inline /Fo"cmTC_7068b.dir\Debug\\" /Fd"cmTC_7068b.dir\Debug\vc141.pdb" /Gd /TC /analyze- /FC /errorReport:queue "C:\Users\Nancy\source\repos\curl-7.61.1\CMakeFiles\CheckTypeSize\SIZEOF_SSIZE_T.c"
  SIZEOF_SSIZE_T.c
  
c:\users\nancy\source\repos\curl-7.61.1\cmakefiles\checktypesize\sizeof_ssize_t.c(24): error C2065: 'ssize_t': undeclared identifier [C:\Users\Nancy\source\repos\curl-7.61.1\CMakeFiles\CMakeTmp\cmTC_7068b.vcxproj]
c:\users\nancy\source\repos\curl-7.61.1\cmakefiles\checktypesize\sizeof_ssize_t.c(25): error C2065: 'ssize_t': undeclared identifier [C:\Users\Nancy\source\repos\curl-7.61.1\CMakeFiles\CMakeTmp\cmTC_7068b.vcxproj]
c:\users\nancy\source\repos\curl-7.61.1\cmakefiles\checktypesize\sizeof_ssize_t.c(26): error C2065: 'ssize_t': undeclared identifier [C:\Users\Nancy\source\repos\curl-7.61.1\CMakeFiles\CMakeTmp\cmTC_7068b.vcxproj]
c:\users\nancy\source\repos\curl-7.61.1\cmakefiles\checktypesize\sizeof_ssize_t.c(27): error C2065: 'ssize_t': undeclared identifier [C:\Users\Nancy\source\repos\curl-7.61.1\CMakeFiles\CMakeTmp\cmTC_7068b.vcxproj]
c:\users\nancy\source\repos\curl-7.61.1\cmakefiles\checktypesize\sizeof_ssize_t.c(28): error C2065: 'ssize_t': undeclared identifier [C:\Users\Nancy\source\repos\curl-7.61.1\CMakeFiles\CMakeTmp\cmTC_7068b.vcxproj]
Done Building Project "C:\Users\Nancy\source\repos\curl-7.61.1\CMakeFiles\CMakeTmp\cmTC_7068b.vcxproj" (default targets) -- FAILED.

Build FAILED.

"C:\Users\Nancy\source\repos\curl-7.61.1\CMakeFiles\CMakeTmp\cmTC_7068b.vcxproj" (default target) (1) ->
(ClCompile target) -> 
  c:\users\nancy\source\repos\curl-7.61.1\cmakefiles\checktypesize\sizeof_ssize_t.c(24): error C2065: 'ssize_t': undeclared identifier [C:\Users\Nancy\source\repos\curl-7.61.1\CMakeFiles\CMakeTmp\cmTC_7068b.vcxproj]
  c:\users\nancy\source\repos\curl-7.61.1\cmakefiles\checktypesize\sizeof_ssize_t.c(25): error C2065: 'ssize_t': undeclared identifier [C:\Users\Nancy\source\repos\curl-7.61.1\CMakeFiles\CMakeTmp\cmTC_7068b.vcxproj]
  c:\users\nancy\source\repos\curl-7.61.1\cmakefiles\checktypesize\sizeof_ssize_t.c(26): error C2065: 'ssize_t': undeclared identifier [C:\Users\Nancy\source\repos\curl-7.61.1\CMakeFiles\CMakeTmp\cmTC_7068b.vcxproj]
  c:\users\nancy\source\repos\curl-7.61.1\cmakefiles\checktypesize\sizeof_ssize_t.c(27): error C2065: 'ssize_t': undeclared identifier [C:\Users\Nancy\source\repos\curl-7.61.1\CMakeFiles\CMakeTmp\cmTC_7068b.vcxproj]
  c:\users\nancy\source\repos\curl-7.61.1\cmakefiles\checktypesize\sizeof_ssize_t.c(28): error C2065: 'ssize_t': undeclared identifier [C:\Users\Nancy\source\repos\curl-7.61.1\CMakeFiles\CMakeTmp\cmTC_7068b.vcxproj]

    0 Warning(s)
    5 Error(s)

Time Elapsed 00:00:00.64

C:/Users/Nancy/source/repos/curl-7.61.1/CMakeFiles/CheckTypeSize/SIZEOF_SSIZE_T.c:
#include <sys/types.h>
#include <stddef.h>


#undef KEY
#if defined(__i386)
# define KEY '_','_','i','3','8','6'
#elif defined(__x86_64)
# define KEY '_','_','x','8','6','_','6','4'
#elif defined(__ppc__)
# define KEY '_','_','p','p','c','_','_'
#elif defined(__ppc64__)
# define KEY '_','_','p','p','c','6','4','_','_'
#elif defined(__aarch64__)
# define KEY '_','_','a','a','r','c','h','6','4','_','_'
#elif defined(__ARM_ARCH_7A__)
# define KEY '_','_','A','R','M','_','A','R','C','H','_','7','A','_','_'
#elif defined(__ARM_ARCH_7S__)
# define KEY '_','_','A','R','M','_','A','R','C','H','_','7','S','_','_'
#endif

#define SIZE (sizeof(ssize_t))
char info_size[] =  {'I', 'N', 'F', 'O', ':', 's','i','z','e','[',
  ('0' + ((SIZE / 10000)%10)),
  ('0' + ((SIZE / 1000)%10)),
  ('0' + ((SIZE / 100)%10)),
  ('0' + ((SIZE / 10)%10)),
  ('0' +  (SIZE    % 10)),
  ']',
#ifdef KEY
  ' ','k','e','y','[', KEY, ']',
#endif
  '\0'};

#ifdef __CLASSIC_C__
int main(argc, argv) int argc; char *argv[];
#else
int main(int argc, char *argv[])
#endif
{
  int require = 0;
  require += info_size[argc];
  (void)argv;
  return require;
}


Determining if the basename exist failed with the following output:
Change Dir: C:/Users/Nancy/source/repos/curl-7.61.1/CMakeFiles/CMakeTmp

Run Build Command:"C:/Program Files (x86)/Microsoft Visual Studio/2017/Community/MSBuild/15.0/Bin/MSBuild.exe" "cmTC_d5d4a.vcxproj" "/p:Configuration=Debug" "/p:VisualStudioVersion=15.0"
Microsoft (R) Build Engine version 15.8.169+g1ccb72aefa for .NET Framework
Copyright (C) Microsoft Corporation. All rights reserved.

Build started 10/28/2018 6:14:49 AM.
Project "C:\Users\Nancy\source\repos\curl-7.61.1\CMakeFiles\CMakeTmp\cmTC_d5d4a.vcxproj" on node 1 (default targets).
PrepareForBuild:
  Creating directory "cmTC_d5d4a.dir\Debug\".
  Creating directory "C:\Users\Nancy\source\repos\curl-7.61.1\CMakeFiles\CMakeTmp\Debug\".
  Creating directory "cmTC_d5d4a.dir\Debug\cmTC_d5d4a.tlog\".
InitializeBuildStatus:
  Creating "cmTC_d5d4a.dir\Debug\cmTC_d5d4a.tlog\unsuccessfulbuild" because "AlwaysCreate" was specified.
ClCompile:
  C:\Program Files (x86)\Microsoft Visual Studio\2017\Community\VC\Tools\MSVC\14.15.26726\bin\HostX86\x86\CL.exe /c /Zi /W3 /WX- /diagnostics:classic /Od /Ob0 /Oy- /D WIN32 /D _WINDOWS /D _WINSOCKAPI_= /D "CMAKE_INTDIR=\"Debug\"" /D _MBCS /Gm- /RTC1 /MDd /GS /fp:precise /Zc:wchar_t /Zc:forScope /Zc:inline /Fo"cmTC_d5d4a.dir\Debug\\" /Fd"cmTC_d5d4a.dir\Debug\vc141.pdb" /Gd /TC /analyze- /FC /errorReport:queue "C:\Users\Nancy\source\repos\curl-7.61.1\CMakeFiles\CMakeTmp\CheckSymbolExists.c"
  Microsoft (R) C/C++ Optimizing Compiler Version 19.15.26730 for x86
  Copyright (C) Microsoft Corporation.  All rights reserved.
  
  cl /c /Zi /W3 /WX- /diagnostics:classic /Od /Ob0 /Oy- /D WIN32 /D _WINDOWS /D _WINSOCKAPI_= /D "CMAKE_INTDIR=\"Debug\"" /D _MBCS /Gm- /RTC1 /MDd /GS /fp:precise /Zc:wchar_t /Zc:forScope /Zc:inline /Fo"cmTC_d5d4a.dir\Debug\\" /Fd"cmTC_d5d4a.dir\Debug\vc141.pdb" /Gd /TC /analyze- /FC /errorReport:queue "C:\Users\Nancy\source\repos\curl-7.61.1\CMakeFiles\CMakeTmp\CheckSymbolExists.c"
  CheckSymbolExists.c
  
c:\users\nancy\source\repos\curl-7.61.1\cmakefiles\cmaketmp\checksymbolexists.c(31): error C2065: 'basename': undeclared identifier [C:\Users\Nancy\source\repos\curl-7.61.1\CMakeFiles\CMakeTmp\cmTC_d5d4a.vcxproj]
Done Building Project "C:\Users\Nancy\source\repos\curl-7.61.1\CMakeFiles\CMakeTmp\cmTC_d5d4a.vcxproj" (default targets) -- FAILED.

Build FAILED.

"C:\Users\Nancy\source\repos\curl-7.61.1\CMakeFiles\CMakeTmp\cmTC_d5d4a.vcxproj" (default target) (1) ->
(ClCompile target) -> 
  c:\users\nancy\source\repos\curl-7.61.1\cmakefiles\cmaketmp\checksymbolexists.c(31): error C2065: 'basename': undeclared identifier [C:\Users\Nancy\source\repos\curl-7.61.1\CMakeFiles\CMakeTmp\cmTC_d5d4a.vcxproj]

    0 Warning(s)
    1 Error(s)

Time Elapsed 00:00:01.10

File C:/Users/Nancy/source/repos/curl-7.61.1/CMakeFiles/CMakeTmp/CheckSymbolExists.c:
/* */
#include <windows.h>
#include <winsock.h>
#include <ws2tcpip.h>
#include <winsock2.h>
#include <stdio.h>
#include <sys/stat.h>
#include <sys/types.h>
#include <sys/utime.h>
#include <assert.h>
#include <errno.h>
#include <fcntl.h>
#include <io.h>
#include <locale.h>
#include <setjmp.h>
#include <signal.h>
#include <stdbool.h>
#include <stdio.h>
#include <stdlib.h>
#include <string.h>
#include <time.h>
#include <process.h>
#include <stddef.h>
#include <malloc.h>
#include <memory.h>

int main(int argc, char** argv)
{
  (void)argv;
#ifndef basename
  return ((int*)(&basename))[argc];
#else
  (void)argc;
  return 0;
#endif
}

Determining if the strncmpi exist failed with the following output:
Change Dir: C:/Users/Nancy/source/repos/curl-7.61.1/CMakeFiles/CMakeTmp

Run Build Command:"C:/Program Files (x86)/Microsoft Visual Studio/2017/Community/MSBuild/15.0/Bin/MSBuild.exe" "cmTC_de011.vcxproj" "/p:Configuration=Debug" "/p:VisualStudioVersion=15.0"
Microsoft (R) Build Engine version 15.8.169+g1ccb72aefa for .NET Framework
Copyright (C) Microsoft Corporation. All rights reserved.

Build started 10/28/2018 6:14:51 AM.
Project "C:\Users\Nancy\source\repos\curl-7.61.1\CMakeFiles\CMakeTmp\cmTC_de011.vcxproj" on node 1 (default targets).
PrepareForBuild:
  Creating directory "cmTC_de011.dir\Debug\".
  Creating directory "C:\Users\Nancy\source\repos\curl-7.61.1\CMakeFiles\CMakeTmp\Debug\".
  Creating directory "cmTC_de011.dir\Debug\cmTC_de011.tlog\".
InitializeBuildStatus:
  Creating "cmTC_de011.dir\Debug\cmTC_de011.tlog\unsuccessfulbuild" because "AlwaysCreate" was specified.
ClCompile:
  C:\Program Files (x86)\Microsoft Visual Studio\2017\Community\VC\Tools\MSVC\14.15.26726\bin\HostX86\x86\CL.exe /c /Zi /W3 /WX- /diagnostics:classic /Od /Ob0 /Oy- /D WIN32 /D _WINDOWS /D _WINSOCKAPI_= /D "CMAKE_INTDIR=\"Debug\"" /D _MBCS /Gm- /RTC1 /MDd /GS /fp:precise /Zc:wchar_t /Zc:forScope /Zc:inline /Fo"cmTC_de011.dir\Debug\\" /Fd"cmTC_de011.dir\Debug\vc141.pdb" /Gd /TC /analyze- /FC /errorReport:queue "C:\Users\Nancy\source\repos\curl-7.61.1\CMakeFiles\CMakeTmp\CheckSymbolExists.c"
  Microsoft (R) C/C++ Optimizing Compiler Version 19.15.26730 for x86
  Copyright (C) Microsoft Corporation.  All rights reserved.
  
  cl /c /Zi /W3 /WX- /diagnostics:classic /Od /Ob0 /Oy- /D WIN32 /D _WINDOWS /D _WINSOCKAPI_= /D "CMAKE_INTDIR=\"Debug\"" /D _MBCS /Gm- /RTC1 /MDd /GS /fp:precise /Zc:wchar_t /Zc:forScope /Zc:inline /Fo"cmTC_de011.dir\Debug\\" /Fd"cmTC_de011.dir\Debug\vc141.pdb" /Gd /TC /analyze- /FC /errorReport:queue "C:\Users\Nancy\source\repos\curl-7.61.1\CMakeFiles\CMakeTmp\CheckSymbolExists.c"
  CheckSymbolExists.c
  
c:\users\nancy\source\repos\curl-7.61.1\cmakefiles\cmaketmp\checksymbolexists.c(31): error C2065: 'strncmpi': undeclared identifier [C:\Users\Nancy\source\repos\curl-7.61.1\CMakeFiles\CMakeTmp\cmTC_de011.vcxproj]
Done Building Project "C:\Users\Nancy\source\repos\curl-7.61.1\CMakeFiles\CMakeTmp\cmTC_de011.vcxproj" (default targets) -- FAILED.

Build FAILED.

"C:\Users\Nancy\source\repos\curl-7.61.1\CMakeFiles\CMakeTmp\cmTC_de011.vcxproj" (default target) (1) ->
(ClCompile target) -> 
  c:\users\nancy\source\repos\curl-7.61.1\cmakefiles\cmaketmp\checksymbolexists.c(31): error C2065: 'strncmpi': undeclared identifier [C:\Users\Nancy\source\repos\curl-7.61.1\CMakeFiles\CMakeTmp\cmTC_de011.vcxproj]

    0 Warning(s)
    1 Error(s)

Time Elapsed 00:00:01.09

File C:/Users/Nancy/source/repos/curl-7.61.1/CMakeFiles/CMakeTmp/CheckSymbolExists.c:
/* */
#include <windows.h>
#include <winsock.h>
#include <ws2tcpip.h>
#include <winsock2.h>
#include <stdio.h>
#include <sys/stat.h>
#include <sys/types.h>
#include <sys/utime.h>
#include <assert.h>
#include <errno.h>
#include <fcntl.h>
#include <io.h>
#include <locale.h>
#include <setjmp.h>
#include <signal.h>
#include <stdbool.h>
#include <stdio.h>
#include <stdlib.h>
#include <string.h>
#include <time.h>
#include <process.h>
#include <stddef.h>
#include <malloc.h>
#include <memory.h>

int main(int argc, char** argv)
{
  (void)argv;
#ifndef strncmpi
  return ((int*)(&strncmpi))[argc];
#else
  (void)argc;
  return 0;
#endif
}

Determining if the alarm exist failed with the following output:
Change Dir: C:/Users/Nancy/source/repos/curl-7.61.1/CMakeFiles/CMakeTmp

Run Build Command:"C:/Program Files (x86)/Microsoft Visual Studio/2017/Community/MSBuild/15.0/Bin/MSBuild.exe" "cmTC_c5525.vcxproj" "/p:Configuration=Debug" "/p:VisualStudioVersion=15.0"
Microsoft (R) Build Engine version 15.8.169+g1ccb72aefa for .NET Framework
Copyright (C) Microsoft Corporation. All rights reserved.

Build started 10/28/2018 6:14:52 AM.
Project "C:\Users\Nancy\source\repos\curl-7.61.1\CMakeFiles\CMakeTmp\cmTC_c5525.vcxproj" on node 1 (default targets).
PrepareForBuild:
  Creating directory "cmTC_c5525.dir\Debug\".
  Creating directory "C:\Users\Nancy\source\repos\curl-7.61.1\CMakeFiles\CMakeTmp\Debug\".
  Creating directory "cmTC_c5525.dir\Debug\cmTC_c5525.tlog\".
InitializeBuildStatus:
  Creating "cmTC_c5525.dir\Debug\cmTC_c5525.tlog\unsuccessfulbuild" because "AlwaysCreate" was specified.
ClCompile:
  C:\Program Files (x86)\Microsoft Visual Studio\2017\Community\VC\Tools\MSVC\14.15.26726\bin\HostX86\x86\CL.exe /c /Zi /W3 /WX- /diagnostics:classic /Od /Ob0 /Oy- /D WIN32 /D _WINDOWS /D _WINSOCKAPI_= /D "CMAKE_INTDIR=\"Debug\"" /D _MBCS /Gm- /RTC1 /MDd /GS /fp:precise /Zc:wchar_t /Zc:forScope /Zc:inline /Fo"cmTC_c5525.dir\Debug\\" /Fd"cmTC_c5525.dir\Debug\vc141.pdb" /Gd /TC /analyze- /FC /errorReport:queue "C:\Users\Nancy\source\repos\curl-7.61.1\CMakeFiles\CMakeTmp\CheckSymbolExists.c"
  Microsoft (R) C/C++ Optimizing Compiler Version 19.15.26730 for x86
  Copyright (C) Microsoft Corporation.  All rights reserved.
  
  cl /c /Zi /W3 /WX- /diagnostics:classic /Od /Ob0 /Oy- /D WIN32 /D _WINDOWS /D _WINSOCKAPI_= /D "CMAKE_INTDIR=\"Debug\"" /D _MBCS /Gm- /RTC1 /MDd /GS /fp:precise /Zc:wchar_t /Zc:forScope /Zc:inline /Fo"cmTC_c5525.dir\Debug\\" /Fd"cmTC_c5525.dir\Debug\vc141.pdb" /Gd /TC /analyze- /FC /errorReport:queue "C:\Users\Nancy\source\repos\curl-7.61.1\CMakeFiles\CMakeTmp\CheckSymbolExists.c"
  CheckSymbolExists.c
  
c:\users\nancy\source\repos\curl-7.61.1\cmakefiles\cmaketmp\checksymbolexists.c(31): error C2065: 'alarm': undeclared identifier [C:\Users\Nancy\source\repos\curl-7.61.1\CMakeFiles\CMakeTmp\cmTC_c5525.vcxproj]
Done Building Project "C:\Users\Nancy\source\repos\curl-7.61.1\CMakeFiles\CMakeTmp\cmTC_c5525.vcxproj" (default targets) -- FAILED.

Build FAILED.

"C:\Users\Nancy\source\repos\curl-7.61.1\CMakeFiles\CMakeTmp\cmTC_c5525.vcxproj" (default target) (1) ->
(ClCompile target) -> 
  c:\users\nancy\source\repos\curl-7.61.1\cmakefiles\cmaketmp\checksymbolexists.c(31): error C2065: 'alarm': undeclared identifier [C:\Users\Nancy\source\repos\curl-7.61.1\CMakeFiles\CMakeTmp\cmTC_c5525.vcxproj]

    0 Warning(s)
    1 Error(s)

Time Elapsed 00:00:01.09

File C:/Users/Nancy/source/repos/curl-7.61.1/CMakeFiles/CMakeTmp/CheckSymbolExists.c:
/* */
#include <windows.h>
#include <winsock.h>
#include <ws2tcpip.h>
#include <winsock2.h>
#include <stdio.h>
#include <sys/stat.h>
#include <sys/types.h>
#include <sys/utime.h>
#include <assert.h>
#include <errno.h>
#include <fcntl.h>
#include <io.h>
#include <locale.h>
#include <setjmp.h>
#include <signal.h>
#include <stdbool.h>
#include <stdio.h>
#include <stdlib.h>
#include <string.h>
#include <time.h>
#include <process.h>
#include <stddef.h>
#include <malloc.h>
#include <memory.h>

int main(int argc, char** argv)
{
  (void)argv;
#ifndef alarm
  return ((int*)(&alarm))[argc];
#else
  (void)argc;
  return 0;
#endif
}

Determining if the getpwuid_r exist failed with the following output:
Change Dir: C:/Users/Nancy/source/repos/curl-7.61.1/CMakeFiles/CMakeTmp

Run Build Command:"C:/Program Files (x86)/Microsoft Visual Studio/2017/Community/MSBuild/15.0/Bin/MSBuild.exe" "cmTC_08105.vcxproj" "/p:Configuration=Debug" "/p:VisualStudioVersion=15.0"
Microsoft (R) Build Engine version 15.8.169+g1ccb72aefa for .NET Framework
Copyright (C) Microsoft Corporation. All rights reserved.

Build started 10/28/2018 6:14:54 AM.
Project "C:\Users\Nancy\source\repos\curl-7.61.1\CMakeFiles\CMakeTmp\cmTC_08105.vcxproj" on node 1 (default targets).
PrepareForBuild:
  Creating directory "cmTC_08105.dir\Debug\".
  Creating directory "C:\Users\Nancy\source\repos\curl-7.61.1\CMakeFiles\CMakeTmp\Debug\".
  Creating directory "cmTC_08105.dir\Debug\cmTC_08105.tlog\".
InitializeBuildStatus:
  Creating "cmTC_08105.dir\Debug\cmTC_08105.tlog\unsuccessfulbuild" because "AlwaysCreate" was specified.
ClCompile:
  C:\Program Files (x86)\Microsoft Visual Studio\2017\Community\VC\Tools\MSVC\14.15.26726\bin\HostX86\x86\CL.exe /c /Zi /W3 /WX- /diagnostics:classic /Od /Ob0 /Oy- /D WIN32 /D _WINDOWS /D _WINSOCKAPI_= /D "CMAKE_INTDIR=\"Debug\"" /D _MBCS /Gm- /RTC1 /MDd /GS /fp:precise /Zc:wchar_t /Zc:forScope /Zc:inline /Fo"cmTC_08105.dir\Debug\\" /Fd"cmTC_08105.dir\Debug\vc141.pdb" /Gd /TC /analyze- /FC /errorReport:queue "C:\Users\Nancy\source\repos\curl-7.61.1\CMakeFiles\CMakeTmp\CheckSymbolExists.c"
  Microsoft (R) C/C++ Optimizing Compiler Version 19.15.26730 for x86
  Copyright (C) Microsoft Corporation.  All rights reserved.
  
  cl /c /Zi /W3 /WX- /diagnostics:classic /Od /Ob0 /Oy- /D WIN32 /D _WINDOWS /D _WINSOCKAPI_= /D "CMAKE_INTDIR=\"Debug\"" /D _MBCS /Gm- /RTC1 /MDd /GS /fp:precise /Zc:wchar_t /Zc:forScope /Zc:inline /Fo"cmTC_08105.dir\Debug\\" /Fd"cmTC_08105.dir\Debug\vc141.pdb" /Gd /TC /analyze- /FC /errorReport:queue "C:\Users\Nancy\source\repos\curl-7.61.1\CMakeFiles\CMakeTmp\CheckSymbolExists.c"
  CheckSymbolExists.c
  
c:\users\nancy\source\repos\curl-7.61.1\cmakefiles\cmaketmp\checksymbolexists.c(31): error C2065: 'getpwuid_r': undeclared identifier [C:\Users\Nancy\source\repos\curl-7.61.1\CMakeFiles\CMakeTmp\cmTC_08105.vcxproj]
Done Building Project "C:\Users\Nancy\source\repos\curl-7.61.1\CMakeFiles\CMakeTmp\cmTC_08105.vcxproj" (default targets) -- FAILED.

Build FAILED.

"C:\Users\Nancy\source\repos\curl-7.61.1\CMakeFiles\CMakeTmp\cmTC_08105.vcxproj" (default target) (1) ->
(ClCompile target) -> 
  c:\users\nancy\source\repos\curl-7.61.1\cmakefiles\cmaketmp\checksymbolexists.c(31): error C2065: 'getpwuid_r': undeclared identifier [C:\Users\Nancy\source\repos\curl-7.61.1\CMakeFiles\CMakeTmp\cmTC_08105.vcxproj]

    0 Warning(s)
    1 Error(s)

Time Elapsed 00:00:01.10

File C:/Users/Nancy/source/repos/curl-7.61.1/CMakeFiles/CMakeTmp/CheckSymbolExists.c:
/* */
#include <windows.h>
#include <winsock.h>
#include <ws2tcpip.h>
#include <winsock2.h>
#include <stdio.h>
#include <sys/stat.h>
#include <sys/types.h>
#include <sys/utime.h>
#include <assert.h>
#include <errno.h>
#include <fcntl.h>
#include <io.h>
#include <locale.h>
#include <setjmp.h>
#include <signal.h>
#include <stdbool.h>
#include <stdio.h>
#include <stdlib.h>
#include <string.h>
#include <time.h>
#include <process.h>
#include <stddef.h>
#include <malloc.h>
#include <memory.h>

int main(int argc, char** argv)
{
  (void)argv;
#ifndef getpwuid_r
  return ((int*)(&getpwuid_r))[argc];
#else
  (void)argc;
  return 0;
#endif
}

Determining if the strerror_r exist failed with the following output:
Change Dir: C:/Users/Nancy/source/repos/curl-7.61.1/CMakeFiles/CMakeTmp

Run Build Command:"C:/Program Files (x86)/Microsoft Visual Studio/2017/Community/MSBuild/15.0/Bin/MSBuild.exe" "cmTC_f4bbf.vcxproj" "/p:Configuration=Debug" "/p:VisualStudioVersion=15.0"
Microsoft (R) Build Engine version 15.8.169+g1ccb72aefa for .NET Framework
Copyright (C) Microsoft Corporation. All rights reserved.

Build started 10/28/2018 6:15:01 AM.
Project "C:\Users\Nancy\source\repos\curl-7.61.1\CMakeFiles\CMakeTmp\cmTC_f4bbf.vcxproj" on node 1 (default targets).
PrepareForBuild:
  Creating directory "cmTC_f4bbf.dir\Debug\".
  Creating directory "C:\Users\Nancy\source\repos\curl-7.61.1\CMakeFiles\CMakeTmp\Debug\".
  Creating directory "cmTC_f4bbf.dir\Debug\cmTC_f4bbf.tlog\".
InitializeBuildStatus:
  Creating "cmTC_f4bbf.dir\Debug\cmTC_f4bbf.tlog\unsuccessfulbuild" because "AlwaysCreate" was specified.
ClCompile:
  C:\Program Files (x86)\Microsoft Visual Studio\2017\Community\VC\Tools\MSVC\14.15.26726\bin\HostX86\x86\CL.exe /c /Zi /W3 /WX- /diagnostics:classic /Od /Ob0 /Oy- /D WIN32 /D _WINDOWS /D _WINSOCKAPI_= /D "CMAKE_INTDIR=\"Debug\"" /D _MBCS /Gm- /RTC1 /MDd /GS /fp:precise /Zc:wchar_t /Zc:forScope /Zc:inline /Fo"cmTC_f4bbf.dir\Debug\\" /Fd"cmTC_f4bbf.dir\Debug\vc141.pdb" /Gd /TC /analyze- /FC /errorReport:queue "C:\Users\Nancy\source\repos\curl-7.61.1\CMakeFiles\CMakeTmp\CheckSymbolExists.c"
  Microsoft (R) C/C++ Optimizing Compiler Version 19.15.26730 for x86
  Copyright (C) Microsoft Corporation.  All rights reserved.
  
  cl /c /Zi /W3 /WX- /diagnostics:classic /Od /Ob0 /Oy- /D WIN32 /D _WINDOWS /D _WINSOCKAPI_= /D "CMAKE_INTDIR=\"Debug\"" /D _MBCS /Gm- /RTC1 /MDd /GS /fp:precise /Zc:wchar_t /Zc:forScope /Zc:inline /Fo"cmTC_f4bbf.dir\Debug\\" /Fd"cmTC_f4bbf.dir\Debug\vc141.pdb" /Gd /TC /analyze- /FC /errorReport:queue "C:\Users\Nancy\source\repos\curl-7.61.1\CMakeFiles\CMakeTmp\CheckSymbolExists.c"
  CheckSymbolExists.c
  
c:\users\nancy\source\repos\curl-7.61.1\cmakefiles\cmaketmp\checksymbolexists.c(31): error C2065: 'strerror_r': undeclared identifier [C:\Users\Nancy\source\repos\curl-7.61.1\CMakeFiles\CMakeTmp\cmTC_f4bbf.vcxproj]
Done Building Project "C:\Users\Nancy\source\repos\curl-7.61.1\CMakeFiles\CMakeTmp\cmTC_f4bbf.vcxproj" (default targets) -- FAILED.

Build FAILED.

"C:\Users\Nancy\source\repos\curl-7.61.1\CMakeFiles\CMakeTmp\cmTC_f4bbf.vcxproj" (default target) (1) ->
(ClCompile target) -> 
  c:\users\nancy\source\repos\curl-7.61.1\cmakefiles\cmaketmp\checksymbolexists.c(31): error C2065: 'strerror_r': undeclared identifier [C:\Users\Nancy\source\repos\curl-7.61.1\CMakeFiles\CMakeTmp\cmTC_f4bbf.vcxproj]

    0 Warning(s)
    1 Error(s)

Time Elapsed 00:00:01.09

File C:/Users/Nancy/source/repos/curl-7.61.1/CMakeFiles/CMakeTmp/CheckSymbolExists.c:
/* */
#include <windows.h>
#include <winsock.h>
#include <ws2tcpip.h>
#include <winsock2.h>
#include <stdio.h>
#include <sys/stat.h>
#include <sys/types.h>
#include <sys/utime.h>
#include <assert.h>
#include <errno.h>
#include <fcntl.h>
#include <io.h>
#include <locale.h>
#include <setjmp.h>
#include <signal.h>
#include <stdbool.h>
#include <stdio.h>
#include <stdlib.h>
#include <string.h>
#include <time.h>
#include <process.h>
#include <stddef.h>
#include <malloc.h>
#include <memory.h>

int main(int argc, char** argv)
{
  (void)argv;
#ifndef strerror_r
  return ((int*)(&strerror_r))[argc];
#else
  (void)argc;
  return 0;
#endif
}

Determining if the siginterrupt exist failed with the following output:
Change Dir: C:/Users/Nancy/source/repos/curl-7.61.1/CMakeFiles/CMakeTmp

Run Build Command:"C:/Program Files (x86)/Microsoft Visual Studio/2017/Community/MSBuild/15.0/Bin/MSBuild.exe" "cmTC_5bfa6.vcxproj" "/p:Configuration=Debug" "/p:VisualStudioVersion=15.0"
Microsoft (R) Build Engine version 15.8.169+g1ccb72aefa for .NET Framework
Copyright (C) Microsoft Corporation. All rights reserved.

Build started 10/28/2018 6:15:03 AM.
Project "C:\Users\Nancy\source\repos\curl-7.61.1\CMakeFiles\CMakeTmp\cmTC_5bfa6.vcxproj" on node 1 (default targets).
PrepareForBuild:
  Creating directory "cmTC_5bfa6.dir\Debug\".
  Creating directory "C:\Users\Nancy\source\repos\curl-7.61.1\CMakeFiles\CMakeTmp\Debug\".
  Creating directory "cmTC_5bfa6.dir\Debug\cmTC_5bfa6.tlog\".
InitializeBuildStatus:
  Creating "cmTC_5bfa6.dir\Debug\cmTC_5bfa6.tlog\unsuccessfulbuild" because "AlwaysCreate" was specified.
ClCompile:
  C:\Program Files (x86)\Microsoft Visual Studio\2017\Community\VC\Tools\MSVC\14.15.26726\bin\HostX86\x86\CL.exe /c /Zi /W3 /WX- /diagnostics:classic /Od /Ob0 /Oy- /D WIN32 /D _WINDOWS /D _WINSOCKAPI_= /D "CMAKE_INTDIR=\"Debug\"" /D _MBCS /Gm- /RTC1 /MDd /GS /fp:precise /Zc:wchar_t /Zc:forScope /Zc:inline /Fo"cmTC_5bfa6.dir\Debug\\" /Fd"cmTC_5bfa6.dir\Debug\vc141.pdb" /Gd /TC /analyze- /FC /errorReport:queue "C:\Users\Nancy\source\repos\curl-7.61.1\CMakeFiles\CMakeTmp\CheckSymbolExists.c"
  Microsoft (R) C/C++ Optimizing Compiler Version 19.15.26730 for x86
  Copyright (C) Microsoft Corporation.  All rights reserved.
  
  cl /c /Zi /W3 /WX- /diagnostics:classic /Od /Ob0 /Oy- /D WIN32 /D _WINDOWS /D _WINSOCKAPI_= /D "CMAKE_INTDIR=\"Debug\"" /D _MBCS /Gm- /RTC1 /MDd /GS /fp:precise /Zc:wchar_t /Zc:forScope /Zc:inline /Fo"cmTC_5bfa6.dir\Debug\\" /Fd"cmTC_5bfa6.dir\Debug\vc141.pdb" /Gd /TC /analyze- /FC /errorReport:queue "C:\Users\Nancy\source\repos\curl-7.61.1\CMakeFiles\CMakeTmp\CheckSymbolExists.c"
  CheckSymbolExists.c
  
c:\users\nancy\source\repos\curl-7.61.1\cmakefiles\cmaketmp\checksymbolexists.c(31): error C2065: 'siginterrupt': undeclared identifier [C:\Users\Nancy\source\repos\curl-7.61.1\CMakeFiles\CMakeTmp\cmTC_5bfa6.vcxproj]
Done Building Project "C:\Users\Nancy\source\repos\curl-7.61.1\CMakeFiles\CMakeTmp\cmTC_5bfa6.vcxproj" (default targets) -- FAILED.

Build FAILED.

"C:\Users\Nancy\source\repos\curl-7.61.1\CMakeFiles\CMakeTmp\cmTC_5bfa6.vcxproj" (default target) (1) ->
(ClCompile target) -> 
  c:\users\nancy\source\repos\curl-7.61.1\cmakefiles\cmaketmp\checksymbolexists.c(31): error C2065: 'siginterrupt': undeclared identifier [C:\Users\Nancy\source\repos\curl-7.61.1\CMakeFiles\CMakeTmp\cmTC_5bfa6.vcxproj]

    0 Warning(s)
    1 Error(s)

Time Elapsed 00:00:01.10

File C:/Users/Nancy/source/repos/curl-7.61.1/CMakeFiles/CMakeTmp/CheckSymbolExists.c:
/* */
#include <windows.h>
#include <winsock.h>
#include <ws2tcpip.h>
#include <winsock2.h>
#include <stdio.h>
#include <sys/stat.h>
#include <sys/types.h>
#include <sys/utime.h>
#include <assert.h>
#include <errno.h>
#include <fcntl.h>
#include <io.h>
#include <locale.h>
#include <setjmp.h>
#include <signal.h>
#include <stdbool.h>
#include <stdio.h>
#include <stdlib.h>
#include <string.h>
#include <time.h>
#include <process.h>
#include <stddef.h>
#include <malloc.h>
#include <memory.h>

int main(int argc, char** argv)
{
  (void)argv;
#ifndef siginterrupt
  return ((int*)(&siginterrupt))[argc];
#else
  (void)argc;
  return 0;
#endif
}

Determining if the fork exist failed with the following output:
Change Dir: C:/Users/Nancy/source/repos/curl-7.61.1/CMakeFiles/CMakeTmp

Run Build Command:"C:/Program Files (x86)/Microsoft Visual Studio/2017/Community/MSBuild/15.0/Bin/MSBuild.exe" "cmTC_475a4.vcxproj" "/p:Configuration=Debug" "/p:VisualStudioVersion=15.0"
Microsoft (R) Build Engine version 15.8.169+g1ccb72aefa for .NET Framework
Copyright (C) Microsoft Corporation. All rights reserved.

Build started 10/28/2018 6:15:04 AM.
Project "C:\Users\Nancy\source\repos\curl-7.61.1\CMakeFiles\CMakeTmp\cmTC_475a4.vcxproj" on node 1 (default targets).
PrepareForBuild:
  Creating directory "cmTC_475a4.dir\Debug\".
  Creating directory "C:\Users\Nancy\source\repos\curl-7.61.1\CMakeFiles\CMakeTmp\Debug\".
  Creating directory "cmTC_475a4.dir\Debug\cmTC_475a4.tlog\".
InitializeBuildStatus:
  Creating "cmTC_475a4.dir\Debug\cmTC_475a4.tlog\unsuccessfulbuild" because "AlwaysCreate" was specified.
ClCompile:
  C:\Program Files (x86)\Microsoft Visual Studio\2017\Community\VC\Tools\MSVC\14.15.26726\bin\HostX86\x86\CL.exe /c /Zi /W3 /WX- /diagnostics:classic /Od /Ob0 /Oy- /D WIN32 /D _WINDOWS /D _WINSOCKAPI_= /D "CMAKE_INTDIR=\"Debug\"" /D _MBCS /Gm- /RTC1 /MDd /GS /fp:precise /Zc:wchar_t /Zc:forScope /Zc:inline /Fo"cmTC_475a4.dir\Debug\\" /Fd"cmTC_475a4.dir\Debug\vc141.pdb" /Gd /TC /analyze- /FC /errorReport:queue "C:\Users\Nancy\source\repos\curl-7.61.1\CMakeFiles\CMakeTmp\CheckSymbolExists.c"
  Microsoft (R) C/C++ Optimizing Compiler Version 19.15.26730 for x86
  Copyright (C) Microsoft Corporation.  All rights reserved.
  
  cl /c /Zi /W3 /WX- /diagnostics:classic /Od /Ob0 /Oy- /D WIN32 /D _WINDOWS /D _WINSOCKAPI_= /D "CMAKE_INTDIR=\"Debug\"" /D _MBCS /Gm- /RTC1 /MDd /GS /fp:precise /Zc:wchar_t /Zc:forScope /Zc:inline /Fo"cmTC_475a4.dir\Debug\\" /Fd"cmTC_475a4.dir\Debug\vc141.pdb" /Gd /TC /analyze- /FC /errorReport:queue "C:\Users\Nancy\source\repos\curl-7.61.1\CMakeFiles\CMakeTmp\CheckSymbolExists.c"
  CheckSymbolExists.c
  
c:\users\nancy\source\repos\curl-7.61.1\cmakefiles\cmaketmp\checksymbolexists.c(31): error C2065: 'fork': undeclared identifier [C:\Users\Nancy\source\repos\curl-7.61.1\CMakeFiles\CMakeTmp\cmTC_475a4.vcxproj]
Done Building Project "C:\Users\Nancy\source\repos\curl-7.61.1\CMakeFiles\CMakeTmp\cmTC_475a4.vcxproj" (default targets) -- FAILED.

Build FAILED.

"C:\Users\Nancy\source\repos\curl-7.61.1\CMakeFiles\CMakeTmp\cmTC_475a4.vcxproj" (default target) (1) ->
(ClCompile target) -> 
  c:\users\nancy\source\repos\curl-7.61.1\cmakefiles\cmaketmp\checksymbolexists.c(31): error C2065: 'fork': undeclared identifier [C:\Users\Nancy\source\repos\curl-7.61.1\CMakeFiles\CMakeTmp\cmTC_475a4.vcxproj]

    0 Warning(s)
    1 Error(s)

Time Elapsed 00:00:01.09

File C:/Users/Nancy/source/repos/curl-7.61.1/CMakeFiles/CMakeTmp/CheckSymbolExists.c:
/* */
#include <windows.h>
#include <winsock.h>
#include <ws2tcpip.h>
#include <winsock2.h>
#include <stdio.h>
#include <sys/stat.h>
#include <sys/types.h>
#include <sys/utime.h>
#include <assert.h>
#include <errno.h>
#include <fcntl.h>
#include <io.h>
#include <locale.h>
#include <setjmp.h>
#include <signal.h>
#include <stdbool.h>
#include <stdio.h>
#include <stdlib.h>
#include <string.h>
#include <time.h>
#include <process.h>
#include <stddef.h>
#include <malloc.h>
#include <memory.h>

int main(int argc, char** argv)
{
  (void)argv;
#ifndef fork
  return ((int*)(&fork))[argc];
#else
  (void)argc;
  return 0;
#endif
}

Determining if the freeifaddrs exist failed with the following output:
Change Dir: C:/Users/Nancy/source/repos/curl-7.61.1/CMakeFiles/CMakeTmp

Run Build Command:"C:/Program Files (x86)/Microsoft Visual Studio/2017/Community/MSBuild/15.0/Bin/MSBuild.exe" "cmTC_00a11.vcxproj" "/p:Configuration=Debug" "/p:VisualStudioVersion=15.0"
Microsoft (R) Build Engine version 15.8.169+g1ccb72aefa for .NET Framework
Copyright (C) Microsoft Corporation. All rights reserved.

Build started 10/28/2018 6:15:08 AM.
Project "C:\Users\Nancy\source\repos\curl-7.61.1\CMakeFiles\CMakeTmp\cmTC_00a11.vcxproj" on node 1 (default targets).
PrepareForBuild:
  Creating directory "cmTC_00a11.dir\Debug\".
  Creating directory "C:\Users\Nancy\source\repos\curl-7.61.1\CMakeFiles\CMakeTmp\Debug\".
  Creating directory "cmTC_00a11.dir\Debug\cmTC_00a11.tlog\".
InitializeBuildStatus:
  Creating "cmTC_00a11.dir\Debug\cmTC_00a11.tlog\unsuccessfulbuild" because "AlwaysCreate" was specified.
ClCompile:
  C:\Program Files (x86)\Microsoft Visual Studio\2017\Community\VC\Tools\MSVC\14.15.26726\bin\HostX86\x86\CL.exe /c /Zi /W3 /WX- /diagnostics:classic /Od /Ob0 /Oy- /D WIN32 /D _WINDOWS /D _WINSOCKAPI_= /D "CMAKE_INTDIR=\"Debug\"" /D _MBCS /Gm- /RTC1 /MDd /GS /fp:precise /Zc:wchar_t /Zc:forScope /Zc:inline /Fo"cmTC_00a11.dir\Debug\\" /Fd"cmTC_00a11.dir\Debug\vc141.pdb" /Gd /TC /analyze- /FC /errorReport:queue "C:\Users\Nancy\source\repos\curl-7.61.1\CMakeFiles\CMakeTmp\CheckSymbolExists.c"
  Microsoft (R) C/C++ Optimizing Compiler Version 19.15.26730 for x86
  Copyright (C) Microsoft Corporation.  All rights reserved.
  
  cl /c /Zi /W3 /WX- /diagnostics:classic /Od /Ob0 /Oy- /D WIN32 /D _WINDOWS /D _WINSOCKAPI_= /D "CMAKE_INTDIR=\"Debug\"" /D _MBCS /Gm- /RTC1 /MDd /GS /fp:precise /Zc:wchar_t /Zc:forScope /Zc:inline /Fo"cmTC_00a11.dir\Debug\\" /Fd"cmTC_00a11.dir\Debug\vc141.pdb" /Gd /TC /analyze- /FC /errorReport:queue "C:\Users\Nancy\source\repos\curl-7.61.1\CMakeFiles\CMakeTmp\CheckSymbolExists.c"
  CheckSymbolExists.c
  
c:\users\nancy\source\repos\curl-7.61.1\cmakefiles\cmaketmp\checksymbolexists.c(31): error C2065: 'freeifaddrs': undeclared identifier [C:\Users\Nancy\source\repos\curl-7.61.1\CMakeFiles\CMakeTmp\cmTC_00a11.vcxproj]
Done Building Project "C:\Users\Nancy\source\repos\curl-7.61.1\CMakeFiles\CMakeTmp\cmTC_00a11.vcxproj" (default targets) -- FAILED.

Build FAILED.

"C:\Users\Nancy\source\repos\curl-7.61.1\CMakeFiles\CMakeTmp\cmTC_00a11.vcxproj" (default target) (1) ->
(ClCompile target) -> 
  c:\users\nancy\source\repos\curl-7.61.1\cmakefiles\cmaketmp\checksymbolexists.c(31): error C2065: 'freeifaddrs': undeclared identifier [C:\Users\Nancy\source\repos\curl-7.61.1\CMakeFiles\CMakeTmp\cmTC_00a11.vcxproj]

    0 Warning(s)
    1 Error(s)

Time Elapsed 00:00:01.10

File C:/Users/Nancy/source/repos/curl-7.61.1/CMakeFiles/CMakeTmp/CheckSymbolExists.c:
/* */
#include <windows.h>
#include <winsock.h>
#include <ws2tcpip.h>
#include <winsock2.h>
#include <stdio.h>
#include <sys/stat.h>
#include <sys/types.h>
#include <sys/utime.h>
#include <assert.h>
#include <errno.h>
#include <fcntl.h>
#include <io.h>
#include <locale.h>
#include <setjmp.h>
#include <signal.h>
#include <stdbool.h>
#include <stdio.h>
#include <stdlib.h>
#include <string.h>
#include <time.h>
#include <process.h>
#include <stddef.h>
#include <malloc.h>
#include <memory.h>

int main(int argc, char** argv)
{
  (void)argv;
#ifndef freeifaddrs
  return ((int*)(&freeifaddrs))[argc];
#else
  (void)argc;
  return 0;
#endif
}

Determining if the pipe exist failed with the following output:
Change Dir: C:/Users/Nancy/source/repos/curl-7.61.1/CMakeFiles/CMakeTmp

Run Build Command:"C:/Program Files (x86)/Microsoft Visual Studio/2017/Community/MSBuild/15.0/Bin/MSBuild.exe" "cmTC_31147.vcxproj" "/p:Configuration=Debug" "/p:VisualStudioVersion=15.0"
Microsoft (R) Build Engine version 15.8.169+g1ccb72aefa for .NET Framework
Copyright (C) Microsoft Corporation. All rights reserved.

Build started 10/28/2018 6:15:09 AM.
Project "C:\Users\Nancy\source\repos\curl-7.61.1\CMakeFiles\CMakeTmp\cmTC_31147.vcxproj" on node 1 (default targets).
PrepareForBuild:
  Creating directory "cmTC_31147.dir\Debug\".
  Creating directory "C:\Users\Nancy\source\repos\curl-7.61.1\CMakeFiles\CMakeTmp\Debug\".
  Creating directory "cmTC_31147.dir\Debug\cmTC_31147.tlog\".
InitializeBuildStatus:
  Creating "cmTC_31147.dir\Debug\cmTC_31147.tlog\unsuccessfulbuild" because "AlwaysCreate" was specified.
ClCompile:
  C:\Program Files (x86)\Microsoft Visual Studio\2017\Community\VC\Tools\MSVC\14.15.26726\bin\HostX86\x86\CL.exe /c /Zi /W3 /WX- /diagnostics:classic /Od /Ob0 /Oy- /D WIN32 /D _WINDOWS /D _WINSOCKAPI_= /D "CMAKE_INTDIR=\"Debug\"" /D _MBCS /Gm- /RTC1 /MDd /GS /fp:precise /Zc:wchar_t /Zc:forScope /Zc:inline /Fo"cmTC_31147.dir\Debug\\" /Fd"cmTC_31147.dir\Debug\vc141.pdb" /Gd /TC /analyze- /FC /errorReport:queue "C:\Users\Nancy\source\repos\curl-7.61.1\CMakeFiles\CMakeTmp\CheckSymbolExists.c"
  Microsoft (R) C/C++ Optimizing Compiler Version 19.15.26730 for x86
  Copyright (C) Microsoft Corporation.  All rights reserved.
  
  cl /c /Zi /W3 /WX- /diagnostics:classic /Od /Ob0 /Oy- /D WIN32 /D _WINDOWS /D _WINSOCKAPI_= /D "CMAKE_INTDIR=\"Debug\"" /D _MBCS /Gm- /RTC1 /MDd /GS /fp:precise /Zc:wchar_t /Zc:forScope /Zc:inline /Fo"cmTC_31147.dir\Debug\\" /Fd"cmTC_31147.dir\Debug\vc141.pdb" /Gd /TC /analyze- /FC /errorReport:queue "C:\Users\Nancy\source\repos\curl-7.61.1\CMakeFiles\CMakeTmp\CheckSymbolExists.c"
  CheckSymbolExists.c
  
c:\users\nancy\source\repos\curl-7.61.1\cmakefiles\cmaketmp\checksymbolexists.c(31): error C2065: 'pipe': undeclared identifier [C:\Users\Nancy\source\repos\curl-7.61.1\CMakeFiles\CMakeTmp\cmTC_31147.vcxproj]
Done Building Project "C:\Users\Nancy\source\repos\curl-7.61.1\CMakeFiles\CMakeTmp\cmTC_31147.vcxproj" (default targets) -- FAILED.

Build FAILED.

"C:\Users\Nancy\source\repos\curl-7.61.1\CMakeFiles\CMakeTmp\cmTC_31147.vcxproj" (default target) (1) ->
(ClCompile target) -> 
  c:\users\nancy\source\repos\curl-7.61.1\cmakefiles\cmaketmp\checksymbolexists.c(31): error C2065: 'pipe': undeclared identifier [C:\Users\Nancy\source\repos\curl-7.61.1\CMakeFiles\CMakeTmp\cmTC_31147.vcxproj]

    0 Warning(s)
    1 Error(s)

Time Elapsed 00:00:01.07

File C:/Users/Nancy/source/repos/curl-7.61.1/CMakeFiles/CMakeTmp/CheckSymbolExists.c:
/* */
#include <windows.h>
#include <winsock.h>
#include <ws2tcpip.h>
#include <winsock2.h>
#include <stdio.h>
#include <sys/stat.h>
#include <sys/types.h>
#include <sys/utime.h>
#include <assert.h>
#include <errno.h>
#include <fcntl.h>
#include <io.h>
#include <locale.h>
#include <setjmp.h>
#include <signal.h>
#include <stdbool.h>
#include <stdio.h>
#include <stdlib.h>
#include <string.h>
#include <time.h>
#include <process.h>
#include <stddef.h>
#include <malloc.h>
#include <memory.h>

int main(int argc, char** argv)
{
  (void)argv;
#ifndef pipe
  return ((int*)(&pipe))[argc];
#else
  (void)argc;
  return 0;
#endif
}

Determining if the ftruncate exist failed with the following output:
Change Dir: C:/Users/Nancy/source/repos/curl-7.61.1/CMakeFiles/CMakeTmp

Run Build Command:"C:/Program Files (x86)/Microsoft Visual Studio/2017/Community/MSBuild/15.0/Bin/MSBuild.exe" "cmTC_27d2f.vcxproj" "/p:Configuration=Debug" "/p:VisualStudioVersion=15.0"
Microsoft (R) Build Engine version 15.8.169+g1ccb72aefa for .NET Framework
Copyright (C) Microsoft Corporation. All rights reserved.

Build started 10/28/2018 6:15:11 AM.
Project "C:\Users\Nancy\source\repos\curl-7.61.1\CMakeFiles\CMakeTmp\cmTC_27d2f.vcxproj" on node 1 (default targets).
PrepareForBuild:
  Creating directory "cmTC_27d2f.dir\Debug\".
  Creating directory "C:\Users\Nancy\source\repos\curl-7.61.1\CMakeFiles\CMakeTmp\Debug\".
  Creating directory "cmTC_27d2f.dir\Debug\cmTC_27d2f.tlog\".
InitializeBuildStatus:
  Creating "cmTC_27d2f.dir\Debug\cmTC_27d2f.tlog\unsuccessfulbuild" because "AlwaysCreate" was specified.
ClCompile:
  C:\Program Files (x86)\Microsoft Visual Studio\2017\Community\VC\Tools\MSVC\14.15.26726\bin\HostX86\x86\CL.exe /c /Zi /W3 /WX- /diagnostics:classic /Od /Ob0 /Oy- /D WIN32 /D _WINDOWS /D _WINSOCKAPI_= /D "CMAKE_INTDIR=\"Debug\"" /D _MBCS /Gm- /RTC1 /MDd /GS /fp:precise /Zc:wchar_t /Zc:forScope /Zc:inline /Fo"cmTC_27d2f.dir\Debug\\" /Fd"cmTC_27d2f.dir\Debug\vc141.pdb" /Gd /TC /analyze- /FC /errorReport:queue "C:\Users\Nancy\source\repos\curl-7.61.1\CMakeFiles\CMakeTmp\CheckSymbolExists.c"
  Microsoft (R) C/C++ Optimizing Compiler Version 19.15.26730 for x86
  Copyright (C) Microsoft Corporation.  All rights reserved.
  
  cl /c /Zi /W3 /WX- /diagnostics:classic /Od /Ob0 /Oy- /D WIN32 /D _WINDOWS /D _WINSOCKAPI_= /D "CMAKE_INTDIR=\"Debug\"" /D _MBCS /Gm- /RTC1 /MDd /GS /fp:precise /Zc:wchar_t /Zc:forScope /Zc:inline /Fo"cmTC_27d2f.dir\Debug\\" /Fd"cmTC_27d2f.dir\Debug\vc141.pdb" /Gd /TC /analyze- /FC /errorReport:queue "C:\Users\Nancy\source\repos\curl-7.61.1\CMakeFiles\CMakeTmp\CheckSymbolExists.c"
  CheckSymbolExists.c
  
c:\users\nancy\source\repos\curl-7.61.1\cmakefiles\cmaketmp\checksymbolexists.c(31): error C2065: 'ftruncate': undeclared identifier [C:\Users\Nancy\source\repos\curl-7.61.1\CMakeFiles\CMakeTmp\cmTC_27d2f.vcxproj]
Done Building Project "C:\Users\Nancy\source\repos\curl-7.61.1\CMakeFiles\CMakeTmp\cmTC_27d2f.vcxproj" (default targets) -- FAILED.

Build FAILED.

"C:\Users\Nancy\source\repos\curl-7.61.1\CMakeFiles\CMakeTmp\cmTC_27d2f.vcxproj" (default target) (1) ->
(ClCompile target) -> 
  c:\users\nancy\source\repos\curl-7.61.1\cmakefiles\cmaketmp\checksymbolexists.c(31): error C2065: 'ftruncate': undeclared identifier [C:\Users\Nancy\source\repos\curl-7.61.1\CMakeFiles\CMakeTmp\cmTC_27d2f.vcxproj]

    0 Warning(s)
    1 Error(s)

Time Elapsed 00:00:01.09

File C:/Users/Nancy/source/repos/curl-7.61.1/CMakeFiles/CMakeTmp/CheckSymbolExists.c:
/* */
#include <windows.h>
#include <winsock.h>
#include <ws2tcpip.h>
#include <winsock2.h>
#include <stdio.h>
#include <sys/stat.h>
#include <sys/types.h>
#include <sys/utime.h>
#include <assert.h>
#include <errno.h>
#include <fcntl.h>
#include <io.h>
#include <locale.h>
#include <setjmp.h>
#include <signal.h>
#include <stdbool.h>
#include <stdio.h>
#include <stdlib.h>
#include <string.h>
#include <time.h>
#include <process.h>
#include <stddef.h>
#include <malloc.h>
#include <memory.h>

int main(int argc, char** argv)
{
  (void)argv;
#ifndef ftruncate
  return ((int*)(&ftruncate))[argc];
#else
  (void)argc;
  return 0;
#endif
}

Determining if the getrlimit exist failed with the following output:
Change Dir: C:/Users/Nancy/source/repos/curl-7.61.1/CMakeFiles/CMakeTmp

Run Build Command:"C:/Program Files (x86)/Microsoft Visual Studio/2017/Community/MSBuild/15.0/Bin/MSBuild.exe" "cmTC_d8021.vcxproj" "/p:Configuration=Debug" "/p:VisualStudioVersion=15.0"
Microsoft (R) Build Engine version 15.8.169+g1ccb72aefa for .NET Framework
Copyright (C) Microsoft Corporation. All rights reserved.

Build started 10/28/2018 6:15:14 AM.
Project "C:\Users\Nancy\source\repos\curl-7.61.1\CMakeFiles\CMakeTmp\cmTC_d8021.vcxproj" on node 1 (default targets).
PrepareForBuild:
  Creating directory "cmTC_d8021.dir\Debug\".
  Creating directory "C:\Users\Nancy\source\repos\curl-7.61.1\CMakeFiles\CMakeTmp\Debug\".
  Creating directory "cmTC_d8021.dir\Debug\cmTC_d8021.tlog\".
InitializeBuildStatus:
  Creating "cmTC_d8021.dir\Debug\cmTC_d8021.tlog\unsuccessfulbuild" because "AlwaysCreate" was specified.
ClCompile:
  C:\Program Files (x86)\Microsoft Visual Studio\2017\Community\VC\Tools\MSVC\14.15.26726\bin\HostX86\x86\CL.exe /c /Zi /W3 /WX- /diagnostics:classic /Od /Ob0 /Oy- /D WIN32 /D _WINDOWS /D _WINSOCKAPI_= /D "CMAKE_INTDIR=\"Debug\"" /D _MBCS /Gm- /RTC1 /MDd /GS /fp:precise /Zc:wchar_t /Zc:forScope /Zc:inline /Fo"cmTC_d8021.dir\Debug\\" /Fd"cmTC_d8021.dir\Debug\vc141.pdb" /Gd /TC /analyze- /FC /errorReport:queue "C:\Users\Nancy\source\repos\curl-7.61.1\CMakeFiles\CMakeTmp\CheckSymbolExists.c"
  Microsoft (R) C/C++ Optimizing Compiler Version 19.15.26730 for x86
  Copyright (C) Microsoft Corporation.  All rights reserved.
  
  cl /c /Zi /W3 /WX- /diagnostics:classic /Od /Ob0 /Oy- /D WIN32 /D _WINDOWS /D _WINSOCKAPI_= /D "CMAKE_INTDIR=\"Debug\"" /D _MBCS /Gm- /RTC1 /MDd /GS /fp:precise /Zc:wchar_t /Zc:forScope /Zc:inline /Fo"cmTC_d8021.dir\Debug\\" /Fd"cmTC_d8021.dir\Debug\vc141.pdb" /Gd /TC /analyze- /FC /errorReport:queue "C:\Users\Nancy\source\repos\curl-7.61.1\CMakeFiles\CMakeTmp\CheckSymbolExists.c"
  CheckSymbolExists.c
  
c:\users\nancy\source\repos\curl-7.61.1\cmakefiles\cmaketmp\checksymbolexists.c(31): error C2065: 'getrlimit': undeclared identifier [C:\Users\Nancy\source\repos\curl-7.61.1\CMakeFiles\CMakeTmp\cmTC_d8021.vcxproj]
Done Building Project "C:\Users\Nancy\source\repos\curl-7.61.1\CMakeFiles\CMakeTmp\cmTC_d8021.vcxproj" (default targets) -- FAILED.

Build FAILED.

"C:\Users\Nancy\source\repos\curl-7.61.1\CMakeFiles\CMakeTmp\cmTC_d8021.vcxproj" (default target) (1) ->
(ClCompile target) -> 
  c:\users\nancy\source\repos\curl-7.61.1\cmakefiles\cmaketmp\checksymbolexists.c(31): error C2065: 'getrlimit': undeclared identifier [C:\Users\Nancy\source\repos\curl-7.61.1\CMakeFiles\CMakeTmp\cmTC_d8021.vcxproj]

    0 Warning(s)
    1 Error(s)

Time Elapsed 00:00:01.09

File C:/Users/Nancy/source/repos/curl-7.61.1/CMakeFiles/CMakeTmp/CheckSymbolExists.c:
/* */
#include <windows.h>
#include <winsock.h>
#include <ws2tcpip.h>
#include <winsock2.h>
#include <stdio.h>
#include <sys/stat.h>
#include <sys/types.h>
#include <sys/utime.h>
#include <assert.h>
#include <errno.h>
#include <fcntl.h>
#include <io.h>
#include <locale.h>
#include <setjmp.h>
#include <signal.h>
#include <stdbool.h>
#include <stdio.h>
#include <stdlib.h>
#include <string.h>
#include <time.h>
#include <process.h>
#include <stddef.h>
#include <malloc.h>
#include <memory.h>

int main(int argc, char** argv)
{
  (void)argv;
#ifndef getrlimit
  return ((int*)(&getrlimit))[argc];
#else
  (void)argc;
  return 0;
#endif
}

Determining if the setrlimit exist failed with the following output:
Change Dir: C:/Users/Nancy/source/repos/curl-7.61.1/CMakeFiles/CMakeTmp

Run Build Command:"C:/Program Files (x86)/Microsoft Visual Studio/2017/Community/MSBuild/15.0/Bin/MSBuild.exe" "cmTC_6bb34.vcxproj" "/p:Configuration=Debug" "/p:VisualStudioVersion=15.0"
Microsoft (R) Build Engine version 15.8.169+g1ccb72aefa for .NET Framework
Copyright (C) Microsoft Corporation. All rights reserved.

Build started 10/28/2018 6:15:20 AM.
Project "C:\Users\Nancy\source\repos\curl-7.61.1\CMakeFiles\CMakeTmp\cmTC_6bb34.vcxproj" on node 1 (default targets).
PrepareForBuild:
  Creating directory "cmTC_6bb34.dir\Debug\".
  Creating directory "C:\Users\Nancy\source\repos\curl-7.61.1\CMakeFiles\CMakeTmp\Debug\".
  Creating directory "cmTC_6bb34.dir\Debug\cmTC_6bb34.tlog\".
InitializeBuildStatus:
  Creating "cmTC_6bb34.dir\Debug\cmTC_6bb34.tlog\unsuccessfulbuild" because "AlwaysCreate" was specified.
ClCompile:
  C:\Program Files (x86)\Microsoft Visual Studio\2017\Community\VC\Tools\MSVC\14.15.26726\bin\HostX86\x86\CL.exe /c /Zi /W3 /WX- /diagnostics:classic /Od /Ob0 /Oy- /D WIN32 /D _WINDOWS /D _WINSOCKAPI_= /D "CMAKE_INTDIR=\"Debug\"" /D _MBCS /Gm- /RTC1 /MDd /GS /fp:precise /Zc:wchar_t /Zc:forScope /Zc:inline /Fo"cmTC_6bb34.dir\Debug\\" /Fd"cmTC_6bb34.dir\Debug\vc141.pdb" /Gd /TC /analyze- /FC /errorReport:queue "C:\Users\Nancy\source\repos\curl-7.61.1\CMakeFiles\CMakeTmp\CheckSymbolExists.c"
  Microsoft (R) C/C++ Optimizing Compiler Version 19.15.26730 for x86
  Copyright (C) Microsoft Corporation.  All rights reserved.
  
  cl /c /Zi /W3 /WX- /diagnostics:classic /Od /Ob0 /Oy- /D WIN32 /D _WINDOWS /D _WINSOCKAPI_= /D "CMAKE_INTDIR=\"Debug\"" /D _MBCS /Gm- /RTC1 /MDd /GS /fp:precise /Zc:wchar_t /Zc:forScope /Zc:inline /Fo"cmTC_6bb34.dir\Debug\\" /Fd"cmTC_6bb34.dir\Debug\vc141.pdb" /Gd /TC /analyze- /FC /errorReport:queue "C:\Users\Nancy\source\repos\curl-7.61.1\CMakeFiles\CMakeTmp\CheckSymbolExists.c"
  CheckSymbolExists.c
  
c:\users\nancy\source\repos\curl-7.61.1\cmakefiles\cmaketmp\checksymbolexists.c(31): error C2065: 'setrlimit': undeclared identifier [C:\Users\Nancy\source\repos\curl-7.61.1\CMakeFiles\CMakeTmp\cmTC_6bb34.vcxproj]
Done Building Project "C:\Users\Nancy\source\repos\curl-7.61.1\CMakeFiles\CMakeTmp\cmTC_6bb34.vcxproj" (default targets) -- FAILED.

Build FAILED.

"C:\Users\Nancy\source\repos\curl-7.61.1\CMakeFiles\CMakeTmp\cmTC_6bb34.vcxproj" (default target) (1) ->
(ClCompile target) -> 
  c:\users\nancy\source\repos\curl-7.61.1\cmakefiles\cmaketmp\checksymbolexists.c(31): error C2065: 'setrlimit': undeclared identifier [C:\Users\Nancy\source\repos\curl-7.61.1\CMakeFiles\CMakeTmp\cmTC_6bb34.vcxproj]

    0 Warning(s)
    1 Error(s)

Time Elapsed 00:00:01.10

File C:/Users/Nancy/source/repos/curl-7.61.1/CMakeFiles/CMakeTmp/CheckSymbolExists.c:
/* */
#include <windows.h>
#include <winsock.h>
#include <ws2tcpip.h>
#include <winsock2.h>
#include <stdio.h>
#include <sys/stat.h>
#include <sys/types.h>
#include <sys/utime.h>
#include <assert.h>
#include <errno.h>
#include <fcntl.h>
#include <io.h>
#include <locale.h>
#include <setjmp.h>
#include <signal.h>
#include <stdbool.h>
#include <stdio.h>
#include <stdlib.h>
#include <string.h>
#include <time.h>
#include <process.h>
#include <stddef.h>
#include <malloc.h>
#include <memory.h>

int main(int argc, char** argv)
{
  (void)argv;
#ifndef setrlimit
  return ((int*)(&setrlimit))[argc];
#else
  (void)argc;
  return 0;
#endif
}

Determining if the fcntl exist failed with the following output:
Change Dir: C:/Users/Nancy/source/repos/curl-7.61.1/CMakeFiles/CMakeTmp

Run Build Command:"C:/Program Files (x86)/Microsoft Visual Studio/2017/Community/MSBuild/15.0/Bin/MSBuild.exe" "cmTC_a2905.vcxproj" "/p:Configuration=Debug" "/p:VisualStudioVersion=15.0"
Microsoft (R) Build Engine version 15.8.169+g1ccb72aefa for .NET Framework
Copyright (C) Microsoft Corporation. All rights reserved.

Build started 10/28/2018 6:15:21 AM.
Project "C:\Users\Nancy\source\repos\curl-7.61.1\CMakeFiles\CMakeTmp\cmTC_a2905.vcxproj" on node 1 (default targets).
PrepareForBuild:
  Creating directory "cmTC_a2905.dir\Debug\".
  Creating directory "C:\Users\Nancy\source\repos\curl-7.61.1\CMakeFiles\CMakeTmp\Debug\".
  Creating directory "cmTC_a2905.dir\Debug\cmTC_a2905.tlog\".
InitializeBuildStatus:
  Creating "cmTC_a2905.dir\Debug\cmTC_a2905.tlog\unsuccessfulbuild" because "AlwaysCreate" was specified.
ClCompile:
  C:\Program Files (x86)\Microsoft Visual Studio\2017\Community\VC\Tools\MSVC\14.15.26726\bin\HostX86\x86\CL.exe /c /Zi /W3 /WX- /diagnostics:classic /Od /Ob0 /Oy- /D WIN32 /D _WINDOWS /D _WINSOCKAPI_= /D "CMAKE_INTDIR=\"Debug\"" /D _MBCS /Gm- /RTC1 /MDd /GS /fp:precise /Zc:wchar_t /Zc:forScope /Zc:inline /Fo"cmTC_a2905.dir\Debug\\" /Fd"cmTC_a2905.dir\Debug\vc141.pdb" /Gd /TC /analyze- /FC /errorReport:queue "C:\Users\Nancy\source\repos\curl-7.61.1\CMakeFiles\CMakeTmp\CheckSymbolExists.c"
  Microsoft (R) C/C++ Optimizing Compiler Version 19.15.26730 for x86
  Copyright (C) Microsoft Corporation.  All rights reserved.
  
  cl /c /Zi /W3 /WX- /diagnostics:classic /Od /Ob0 /Oy- /D WIN32 /D _WINDOWS /D _WINSOCKAPI_= /D "CMAKE_INTDIR=\"Debug\"" /D _MBCS /Gm- /RTC1 /MDd /GS /fp:precise /Zc:wchar_t /Zc:forScope /Zc:inline /Fo"cmTC_a2905.dir\Debug\\" /Fd"cmTC_a2905.dir\Debug\vc141.pdb" /Gd /TC /analyze- /FC /errorReport:queue "C:\Users\Nancy\source\repos\curl-7.61.1\CMakeFiles\CMakeTmp\CheckSymbolExists.c"
  CheckSymbolExists.c
  
c:\users\nancy\source\repos\curl-7.61.1\cmakefiles\cmaketmp\checksymbolexists.c(31): error C2065: 'fcntl': undeclared identifier [C:\Users\Nancy\source\repos\curl-7.61.1\CMakeFiles\CMakeTmp\cmTC_a2905.vcxproj]
Done Building Project "C:\Users\Nancy\source\repos\curl-7.61.1\CMakeFiles\CMakeTmp\cmTC_a2905.vcxproj" (default targets) -- FAILED.

Build FAILED.

"C:\Users\Nancy\source\repos\curl-7.61.1\CMakeFiles\CMakeTmp\cmTC_a2905.vcxproj" (default target) (1) ->
(ClCompile target) -> 
  c:\users\nancy\source\repos\curl-7.61.1\cmakefiles\cmaketmp\checksymbolexists.c(31): error C2065: 'fcntl': undeclared identifier [C:\Users\Nancy\source\repos\curl-7.61.1\CMakeFiles\CMakeTmp\cmTC_a2905.vcxproj]

    0 Warning(s)
    1 Error(s)

Time Elapsed 00:00:01.09

File C:/Users/Nancy/source/repos/curl-7.61.1/CMakeFiles/CMakeTmp/CheckSymbolExists.c:
/* */
#include <windows.h>
#include <winsock.h>
#include <ws2tcpip.h>
#include <winsock2.h>
#include <stdio.h>
#include <sys/stat.h>
#include <sys/types.h>
#include <sys/utime.h>
#include <assert.h>
#include <errno.h>
#include <fcntl.h>
#include <io.h>
#include <locale.h>
#include <setjmp.h>
#include <signal.h>
#include <stdbool.h>
#include <stdio.h>
#include <stdlib.h>
#include <string.h>
#include <time.h>
#include <process.h>
#include <stddef.h>
#include <malloc.h>
#include <memory.h>

int main(int argc, char** argv)
{
  (void)argv;
#ifndef fcntl
  return ((int*)(&fcntl))[argc];
#else
  (void)argc;
  return 0;
#endif
}

Determining if the ioctl exist failed with the following output:
Change Dir: C:/Users/Nancy/source/repos/curl-7.61.1/CMakeFiles/CMakeTmp

Run Build Command:"C:/Program Files (x86)/Microsoft Visual Studio/2017/Community/MSBuild/15.0/Bin/MSBuild.exe" "cmTC_70c26.vcxproj" "/p:Configuration=Debug" "/p:VisualStudioVersion=15.0"
Microsoft (R) Build Engine version 15.8.169+g1ccb72aefa for .NET Framework
Copyright (C) Microsoft Corporation. All rights reserved.

Build started 10/28/2018 6:15:23 AM.
Project "C:\Users\Nancy\source\repos\curl-7.61.1\CMakeFiles\CMakeTmp\cmTC_70c26.vcxproj" on node 1 (default targets).
PrepareForBuild:
  Creating directory "cmTC_70c26.dir\Debug\".
  Creating directory "C:\Users\Nancy\source\repos\curl-7.61.1\CMakeFiles\CMakeTmp\Debug\".
  Creating directory "cmTC_70c26.dir\Debug\cmTC_70c26.tlog\".
InitializeBuildStatus:
  Creating "cmTC_70c26.dir\Debug\cmTC_70c26.tlog\unsuccessfulbuild" because "AlwaysCreate" was specified.
ClCompile:
  C:\Program Files (x86)\Microsoft Visual Studio\2017\Community\VC\Tools\MSVC\14.15.26726\bin\HostX86\x86\CL.exe /c /Zi /W3 /WX- /diagnostics:classic /Od /Ob0 /Oy- /D WIN32 /D _WINDOWS /D _WINSOCKAPI_= /D "CMAKE_INTDIR=\"Debug\"" /D _MBCS /Gm- /RTC1 /MDd /GS /fp:precise /Zc:wchar_t /Zc:forScope /Zc:inline /Fo"cmTC_70c26.dir\Debug\\" /Fd"cmTC_70c26.dir\Debug\vc141.pdb" /Gd /TC /analyze- /FC /errorReport:queue "C:\Users\Nancy\source\repos\curl-7.61.1\CMakeFiles\CMakeTmp\CheckSymbolExists.c"
  Microsoft (R) C/C++ Optimizing Compiler Version 19.15.26730 for x86
  Copyright (C) Microsoft Corporation.  All rights reserved.
  
  cl /c /Zi /W3 /WX- /diagnostics:classic /Od /Ob0 /Oy- /D WIN32 /D _WINDOWS /D _WINSOCKAPI_= /D "CMAKE_INTDIR=\"Debug\"" /D _MBCS /Gm- /RTC1 /MDd /GS /fp:precise /Zc:wchar_t /Zc:forScope /Zc:inline /Fo"cmTC_70c26.dir\Debug\\" /Fd"cmTC_70c26.dir\Debug\vc141.pdb" /Gd /TC /analyze- /FC /errorReport:queue "C:\Users\Nancy\source\repos\curl-7.61.1\CMakeFiles\CMakeTmp\CheckSymbolExists.c"
  CheckSymbolExists.c
  
c:\users\nancy\source\repos\curl-7.61.1\cmakefiles\cmaketmp\checksymbolexists.c(31): error C2065: 'ioctl': undeclared identifier [C:\Users\Nancy\source\repos\curl-7.61.1\CMakeFiles\CMakeTmp\cmTC_70c26.vcxproj]
Done Building Project "C:\Users\Nancy\source\repos\curl-7.61.1\CMakeFiles\CMakeTmp\cmTC_70c26.vcxproj" (default targets) -- FAILED.

Build FAILED.

"C:\Users\Nancy\source\repos\curl-7.61.1\CMakeFiles\CMakeTmp\cmTC_70c26.vcxproj" (default target) (1) ->
(ClCompile target) -> 
  c:\users\nancy\source\repos\curl-7.61.1\cmakefiles\cmaketmp\checksymbolexists.c(31): error C2065: 'ioctl': undeclared identifier [C:\Users\Nancy\source\repos\curl-7.61.1\CMakeFiles\CMakeTmp\cmTC_70c26.vcxproj]

    0 Warning(s)
    1 Error(s)

Time Elapsed 00:00:01.09

File C:/Users/Nancy/source/repos/curl-7.61.1/CMakeFiles/CMakeTmp/CheckSymbolExists.c:
/* */
#include <windows.h>
#include <winsock.h>
#include <ws2tcpip.h>
#include <winsock2.h>
#include <stdio.h>
#include <sys/stat.h>
#include <sys/types.h>
#include <sys/utime.h>
#include <assert.h>
#include <errno.h>
#include <fcntl.h>
#include <io.h>
#include <locale.h>
#include <setjmp.h>
#include <signal.h>
#include <stdbool.h>
#include <stdio.h>
#include <stdlib.h>
#include <string.h>
#include <time.h>
#include <process.h>
#include <stddef.h>
#include <malloc.h>
#include <memory.h>

int main(int argc, char** argv)
{
  (void)argv;
#ifndef ioctl
  return ((int*)(&ioctl))[argc];
#else
  (void)argc;
  return 0;
#endif
}

Determining if the function mach_absolute_time exists failed with the following output:
Change Dir: C:/Users/Nancy/source/repos/curl-7.61.1/CMakeFiles/CMakeTmp

Run Build Command:"C:/Program Files (x86)/Microsoft Visual Studio/2017/Community/MSBuild/15.0/Bin/MSBuild.exe" "cmTC_4555a.vcxproj" "/p:Configuration=Debug" "/p:VisualStudioVersion=15.0"
Microsoft (R) Build Engine version 15.8.169+g1ccb72aefa for .NET Framework
Copyright (C) Microsoft Corporation. All rights reserved.

Build started 10/28/2018 6:15:26 AM.
Project "C:\Users\Nancy\source\repos\curl-7.61.1\CMakeFiles\CMakeTmp\cmTC_4555a.vcxproj" on node 1 (default targets).
PrepareForBuild:
  Creating directory "cmTC_4555a.dir\Debug\".
  Creating directory "C:\Users\Nancy\source\repos\curl-7.61.1\CMakeFiles\CMakeTmp\Debug\".
  Creating directory "cmTC_4555a.dir\Debug\cmTC_4555a.tlog\".
InitializeBuildStatus:
  Creating "cmTC_4555a.dir\Debug\cmTC_4555a.tlog\unsuccessfulbuild" because "AlwaysCreate" was specified.
ClCompile:
  C:\Program Files (x86)\Microsoft Visual Studio\2017\Community\VC\Tools\MSVC\14.15.26726\bin\HostX86\x86\CL.exe /c /Zi /W3 /WX- /diagnostics:classic /Od /Ob0 /Oy- /D WIN32 /D _WINDOWS /D CHECK_FUNCTION_EXISTS=mach_absolute_time /D _WINSOCKAPI_= /D "CMAKE_INTDIR=\"Debug\"" /D _MBCS /Gm- /RTC1 /MDd /GS /fp:precise /Zc:wchar_t /Zc:forScope /Zc:inline /Fo"cmTC_4555a.dir\Debug\\" /Fd"cmTC_4555a.dir\Debug\vc141.pdb" /Gd /TC /analyze- /FC /errorReport:queue "C:\Program Files (x86)\Microsoft Visual Studio\2017\Community\Common7\IDE\CommonExtensions\Microsoft\CMake\CMake\share\cmake-3.11\Modules\CheckFunctionExists.c"
  Microsoft (R) C/C++ Optimizing Compiler Version 19.15.26730 for x86
  Copyright (C) Microsoft Corporation.  All rights reserved.
  
  cl /c /Zi /W3 /WX- /diagnostics:classic /Od /Ob0 /Oy- /D WIN32 /D _WINDOWS /D CHECK_FUNCTION_EXISTS=mach_absolute_time /D _WINSOCKAPI_= /D "CMAKE_INTDIR=\"Debug\"" /D _MBCS /Gm- /RTC1 /MDd /GS /fp:precise /Zc:wchar_t /Zc:forScope /Zc:inline /Fo"cmTC_4555a.dir\Debug\\" /Fd"cmTC_4555a.dir\Debug\vc141.pdb" /Gd /TC /analyze- /FC /errorReport:queue "C:\Program Files (x86)\Microsoft Visual Studio\2017\Community\Common7\IDE\CommonExtensions\Microsoft\CMake\CMake\share\cmake-3.11\Modules\CheckFunctionExists.c"
  CheckFunctionExists.c
  
Link:
  C:\Program Files (x86)\Microsoft Visual Studio\2017\Community\VC\Tools\MSVC\14.15.26726\bin\HostX86\x86\link.exe /ERRORREPORT:QUEUE /OUT:"C:\Users\Nancy\source\repos\curl-7.61.1\CMakeFiles\CMakeTmp\Debug\cmTC_4555a.exe" /INCREMENTAL /NOLOGO ws2_32.lib kernel32.lib user32.lib gdi32.lib winspool.lib shell32.lib ole32.lib oleaut32.lib uuid.lib comdlg32.lib advapi32.lib /MANIFEST /MANIFESTUAC:"level='asInvoker' uiAccess='false'" /manifest:embed /DEBUG /PDB:"C:/Users/Nancy/source/repos/curl-7.61.1/CMakeFiles/CMakeTmp/Debug/cmTC_4555a.pdb" /SUBSYSTEM:CONSOLE /TLBID:1 /DYNAMICBASE /NXCOMPAT /IMPLIB:"C:/Users/Nancy/source/repos/curl-7.61.1/CMakeFiles/CMakeTmp/Debug/cmTC_4555a.lib" /MACHINE:X86 /SAFESEH  /machine:X86 cmTC_4555a.dir\Debug\CheckFunctionExists.obj
CheckFunctionExists.obj : error LNK2019: unresolved external symbol _mach_absolute_time referenced in function _main [C:\Users\Nancy\source\repos\curl-7.61.1\CMakeFiles\CMakeTmp\cmTC_4555a.vcxproj]
C:\Users\Nancy\source\repos\curl-7.61.1\CMakeFiles\CMakeTmp\Debug\cmTC_4555a.exe : fatal error LNK1120: 1 unresolved externals [C:\Users\Nancy\source\repos\curl-7.61.1\CMakeFiles\CMakeTmp\cmTC_4555a.vcxproj]
Done Building Project "C:\Users\Nancy\source\repos\curl-7.61.1\CMakeFiles\CMakeTmp\cmTC_4555a.vcxproj" (default targets) -- FAILED.

Build FAILED.

"C:\Users\Nancy\source\repos\curl-7.61.1\CMakeFiles\CMakeTmp\cmTC_4555a.vcxproj" (default target) (1) ->
(Link target) -> 
  CheckFunctionExists.obj : error LNK2019: unresolved external symbol _mach_absolute_time referenced in function _main [C:\Users\Nancy\source\repos\curl-7.61.1\CMakeFiles\CMakeTmp\cmTC_4555a.vcxproj]
  C:\Users\Nancy\source\repos\curl-7.61.1\CMakeFiles\CMakeTmp\Debug\cmTC_4555a.exe : fatal error LNK1120: 1 unresolved externals [C:\Users\Nancy\source\repos\curl-7.61.1\CMakeFiles\CMakeTmp\cmTC_4555a.vcxproj]

    0 Warning(s)
    2 Error(s)

Time Elapsed 00:00:01.10


Determining if the function inet_pton exists failed with the following output:
Change Dir: C:/Users/Nancy/source/repos/curl-7.61.1/CMakeFiles/CMakeTmp

Run Build Command:"C:/Program Files (x86)/Microsoft Visual Studio/2017/Community/MSBuild/15.0/Bin/MSBuild.exe" "cmTC_6875d.vcxproj" "/p:Configuration=Debug" "/p:VisualStudioVersion=15.0"
Microsoft (R) Build Engine version 15.8.169+g1ccb72aefa for .NET Framework
Copyright (C) Microsoft Corporation. All rights reserved.

Build started 10/28/2018 6:15:28 AM.
Project "C:\Users\Nancy\source\repos\curl-7.61.1\CMakeFiles\CMakeTmp\cmTC_6875d.vcxproj" on node 1 (default targets).
PrepareForBuild:
  Creating directory "cmTC_6875d.dir\Debug\".
  Creating directory "C:\Users\Nancy\source\repos\curl-7.61.1\CMakeFiles\CMakeTmp\Debug\".
  Creating directory "cmTC_6875d.dir\Debug\cmTC_6875d.tlog\".
InitializeBuildStatus:
  Creating "cmTC_6875d.dir\Debug\cmTC_6875d.tlog\unsuccessfulbuild" because "AlwaysCreate" was specified.
ClCompile:
  C:\Program Files (x86)\Microsoft Visual Studio\2017\Community\VC\Tools\MSVC\14.15.26726\bin\HostX86\x86\CL.exe /c /Zi /W3 /WX- /diagnostics:classic /Od /Ob0 /Oy- /D WIN32 /D _WINDOWS /D CHECK_FUNCTION_EXISTS=inet_pton /D _WINSOCKAPI_= /D "CMAKE_INTDIR=\"Debug\"" /D _MBCS /Gm- /RTC1 /MDd /GS /fp:precise /Zc:wchar_t /Zc:forScope /Zc:inline /Fo"cmTC_6875d.dir\Debug\\" /Fd"cmTC_6875d.dir\Debug\vc141.pdb" /Gd /TC /analyze- /FC /errorReport:queue "C:\Program Files (x86)\Microsoft Visual Studio\2017\Community\Common7\IDE\CommonExtensions\Microsoft\CMake\CMake\share\cmake-3.11\Modules\CheckFunctionExists.c"
  Microsoft (R) C/C++ Optimizing Compiler Version 19.15.26730 for x86
  Copyright (C) Microsoft Corporation.  All rights reserved.
  
  cl /c /Zi /W3 /WX- /diagnostics:classic /Od /Ob0 /Oy- /D WIN32 /D _WINDOWS /D CHECK_FUNCTION_EXISTS=inet_pton /D _WINSOCKAPI_= /D "CMAKE_INTDIR=\"Debug\"" /D _MBCS /Gm- /RTC1 /MDd /GS /fp:precise /Zc:wchar_t /Zc:forScope /Zc:inline /Fo"cmTC_6875d.dir\Debug\\" /Fd"cmTC_6875d.dir\Debug\vc141.pdb" /Gd /TC /analyze- /FC /errorReport:queue "C:\Program Files (x86)\Microsoft Visual Studio\2017\Community\Common7\IDE\CommonExtensions\Microsoft\CMake\CMake\share\cmake-3.11\Modules\CheckFunctionExists.c"
  CheckFunctionExists.c
  
Link:
  C:\Program Files (x86)\Microsoft Visual Studio\2017\Community\VC\Tools\MSVC\14.15.26726\bin\HostX86\x86\link.exe /ERRORREPORT:QUEUE /OUT:"C:\Users\Nancy\source\repos\curl-7.61.1\CMakeFiles\CMakeTmp\Debug\cmTC_6875d.exe" /INCREMENTAL /NOLOGO ws2_32.lib kernel32.lib user32.lib gdi32.lib winspool.lib shell32.lib ole32.lib oleaut32.lib uuid.lib comdlg32.lib advapi32.lib /MANIFEST /MANIFESTUAC:"level='asInvoker' uiAccess='false'" /manifest:embed /DEBUG /PDB:"C:/Users/Nancy/source/repos/curl-7.61.1/CMakeFiles/CMakeTmp/Debug/cmTC_6875d.pdb" /SUBSYSTEM:CONSOLE /TLBID:1 /DYNAMICBASE /NXCOMPAT /IMPLIB:"C:/Users/Nancy/source/repos/curl-7.61.1/CMakeFiles/CMakeTmp/Debug/cmTC_6875d.lib" /MACHINE:X86 /SAFESEH  /machine:X86 cmTC_6875d.dir\Debug\CheckFunctionExists.obj
CheckFunctionExists.obj : error LNK2019: unresolved external symbol _inet_pton referenced in function _main [C:\Users\Nancy\source\repos\curl-7.61.1\CMakeFiles\CMakeTmp\cmTC_6875d.vcxproj]
C:\Users\Nancy\source\repos\curl-7.61.1\CMakeFiles\CMakeTmp\Debug\cmTC_6875d.exe : fatal error LNK1120: 1 unresolved externals [C:\Users\Nancy\source\repos\curl-7.61.1\CMakeFiles\CMakeTmp\cmTC_6875d.vcxproj]
Done Building Project "C:\Users\Nancy\source\repos\curl-7.61.1\CMakeFiles\CMakeTmp\cmTC_6875d.vcxproj" (default targets) -- FAILED.

Build FAILED.

"C:\Users\Nancy\source\repos\curl-7.61.1\CMakeFiles\CMakeTmp\cmTC_6875d.vcxproj" (default target) (1) ->
(Link target) -> 
  CheckFunctionExists.obj : error LNK2019: unresolved external symbol _inet_pton referenced in function _main [C:\Users\Nancy\source\repos\curl-7.61.1\CMakeFiles\CMakeTmp\cmTC_6875d.vcxproj]
  C:\Users\Nancy\source\repos\curl-7.61.1\CMakeFiles\CMakeTmp\Debug\cmTC_6875d.exe : fatal error LNK1120: 1 unresolved externals [C:\Users\Nancy\source\repos\curl-7.61.1\CMakeFiles\CMakeTmp\cmTC_6875d.vcxproj]

    0 Warning(s)
    2 Error(s)

Time Elapsed 00:00:01.07


Determining if the fsetxattr exist failed with the following output:
Change Dir: C:/Users/Nancy/source/repos/curl-7.61.1/CMakeFiles/CMakeTmp

Run Build Command:"C:/Program Files (x86)/Microsoft Visual Studio/2017/Community/MSBuild/15.0/Bin/MSBuild.exe" "cmTC_e9d4e.vcxproj" "/p:Configuration=Debug" "/p:VisualStudioVersion=15.0"
Microsoft (R) Build Engine version 15.8.169+g1ccb72aefa for .NET Framework
Copyright (C) Microsoft Corporation. All rights reserved.

Build started 10/28/2018 6:15:29 AM.
Project "C:\Users\Nancy\source\repos\curl-7.61.1\CMakeFiles\CMakeTmp\cmTC_e9d4e.vcxproj" on node 1 (default targets).
PrepareForBuild:
  Creating directory "cmTC_e9d4e.dir\Debug\".
  Creating directory "C:\Users\Nancy\source\repos\curl-7.61.1\CMakeFiles\CMakeTmp\Debug\".
  Creating directory "cmTC_e9d4e.dir\Debug\cmTC_e9d4e.tlog\".
InitializeBuildStatus:
  Creating "cmTC_e9d4e.dir\Debug\cmTC_e9d4e.tlog\unsuccessfulbuild" because "AlwaysCreate" was specified.
ClCompile:
  C:\Program Files (x86)\Microsoft Visual Studio\2017\Community\VC\Tools\MSVC\14.15.26726\bin\HostX86\x86\CL.exe /c /Zi /W3 /WX- /diagnostics:classic /Od /Ob0 /Oy- /D WIN32 /D _WINDOWS /D _WINSOCKAPI_= /D "CMAKE_INTDIR=\"Debug\"" /D _MBCS /Gm- /RTC1 /MDd /GS /fp:precise /Zc:wchar_t /Zc:forScope /Zc:inline /Fo"cmTC_e9d4e.dir\Debug\\" /Fd"cmTC_e9d4e.dir\Debug\vc141.pdb" /Gd /TC /analyze- /FC /errorReport:queue "C:\Users\Nancy\source\repos\curl-7.61.1\CMakeFiles\CMakeTmp\CheckSymbolExists.c"
  Microsoft (R) C/C++ Optimizing Compiler Version 19.15.26730 for x86
  Copyright (C) Microsoft Corporation.  All rights reserved.
  
  cl /c /Zi /W3 /WX- /diagnostics:classic /Od /Ob0 /Oy- /D WIN32 /D _WINDOWS /D _WINSOCKAPI_= /D "CMAKE_INTDIR=\"Debug\"" /D _MBCS /Gm- /RTC1 /MDd /GS /fp:precise /Zc:wchar_t /Zc:forScope /Zc:inline /Fo"cmTC_e9d4e.dir\Debug\\" /Fd"cmTC_e9d4e.dir\Debug\vc141.pdb" /Gd /TC /analyze- /FC /errorReport:queue "C:\Users\Nancy\source\repos\curl-7.61.1\CMakeFiles\CMakeTmp\CheckSymbolExists.c"
  CheckSymbolExists.c
  
c:\users\nancy\source\repos\curl-7.61.1\cmakefiles\cmaketmp\checksymbolexists.c(31): error C2065: 'fsetxattr': undeclared identifier [C:\Users\Nancy\source\repos\curl-7.61.1\CMakeFiles\CMakeTmp\cmTC_e9d4e.vcxproj]
Done Building Project "C:\Users\Nancy\source\repos\curl-7.61.1\CMakeFiles\CMakeTmp\cmTC_e9d4e.vcxproj" (default targets) -- FAILED.

Build FAILED.

"C:\Users\Nancy\source\repos\curl-7.61.1\CMakeFiles\CMakeTmp\cmTC_e9d4e.vcxproj" (default target) (1) ->
(ClCompile target) -> 
  c:\users\nancy\source\repos\curl-7.61.1\cmakefiles\cmaketmp\checksymbolexists.c(31): error C2065: 'fsetxattr': undeclared identifier [C:\Users\Nancy\source\repos\curl-7.61.1\CMakeFiles\CMakeTmp\cmTC_e9d4e.vcxproj]

    0 Warning(s)
    1 Error(s)

Time Elapsed 00:00:01.15

File C:/Users/Nancy/source/repos/curl-7.61.1/CMakeFiles/CMakeTmp/CheckSymbolExists.c:
/* */
#include <windows.h>
#include <winsock.h>
#include <ws2tcpip.h>
#include <winsock2.h>
#include <stdio.h>
#include <sys/stat.h>
#include <sys/types.h>
#include <sys/utime.h>
#include <assert.h>
#include <errno.h>
#include <fcntl.h>
#include <io.h>
#include <locale.h>
#include <setjmp.h>
#include <signal.h>
#include <stdbool.h>
#include <stdio.h>
#include <stdlib.h>
#include <string.h>
#include <time.h>
#include <process.h>
#include <stddef.h>
#include <malloc.h>
#include <memory.h>

int main(int argc, char** argv)
{
  (void)argv;
#ifndef fsetxattr
  return ((int*)(&fsetxattr))[argc];
#else
  (void)argc;
  return 0;
#endif
}

Performing Curl Test HAVE_FCNTL_O_NONBLOCK failed with the following output:
Change Dir: C:/Users/Nancy/source/repos/curl-7.61.1/CMakeFiles/CMakeTmp

Run Build Command:"C:/Program Files (x86)/Microsoft Visual Studio/2017/Community/MSBuild/15.0/Bin/MSBuild.exe" "cmTC_ea2b7.vcxproj" "/p:Configuration=Debug" "/p:VisualStudioVersion=15.0"
Microsoft (R) Build Engine version 15.8.169+g1ccb72aefa for .NET Framework
Copyright (C) Microsoft Corporation. All rights reserved.

Build started 10/28/2018 6:15:30 AM.
Project "C:\Users\Nancy\source\repos\curl-7.61.1\CMakeFiles\CMakeTmp\cmTC_ea2b7.vcxproj" on node 1 (default targets).
PrepareForBuild:
  Creating directory "cmTC_ea2b7.dir\Debug\".
  Creating directory "C:\Users\Nancy\source\repos\curl-7.61.1\CMakeFiles\CMakeTmp\Debug\".
  Creating directory "cmTC_ea2b7.dir\Debug\cmTC_ea2b7.tlog\".
InitializeBuildStatus:
  Creating "cmTC_ea2b7.dir\Debug\cmTC_ea2b7.tlog\unsuccessfulbuild" because "AlwaysCreate" was specified.
ClCompile:
  C:\Program Files (x86)\Microsoft Visual Studio\2017\Community\VC\Tools\MSVC\14.15.26726\bin\HostX86\x86\CL.exe /c /Zi /W3 /WX- /diagnostics:classic /Od /Ob0 /Oy- /D WIN32 /D _WINDOWS /D HAVE_FCNTL_O_NONBLOCK /D HAVE_WINDOWS_H /D HAVE_WINSOCK_H /D HAVE_WS2TCPIP_H /D HAVE_WINSOCK2_H /D HAVE_STDIO_H /D HAVE_SYS_STAT_H /D HAVE_SYS_TYPES_H /D HAVE_SYS_UTIME_H /D HAVE_ASSERT_H /D HAVE_ERRNO_H /D HAVE_FCNTL_H /D HAVE_IO_H /D HAVE_LOCALE_H /D HAVE_SETJMP_H /D HAVE_SIGNAL_H /D HAVE_STDBOOL_H /D HAVE_STDLIB_H /D HAVE_STRING_H /D HAVE_TIME_H /D HAVE_PROCESS_H /D HAVE_STDDEF_H /D HAVE_MALLOC_H /D HAVE_MEMORY_H /D "CMAKE_INTDIR=\"Debug\"" /D _MBCS /Gm- /RTC1 /MDd /GS /fp:precise /Zc:wchar_t /Zc:forScope /Zc:inline /Fo"cmTC_ea2b7.dir\Debug\\" /Fd"cmTC_ea2b7.dir\Debug\vc141.pdb" /Gd /TC /analyze- /FC /errorReport:queue "C:\Users\Nancy\source\repos\curl-7.61.1\CMake\CurlTests.c"
  Microsoft (R) C/C++ Optimizing Compiler Version 19.15.26730 for x86
  Copyright (C) Microsoft Corporation.  All rights reserved.
  
  cl /c /Zi /W3 /WX- /diagnostics:classic /Od /Ob0 /Oy- /D WIN32 /D _WINDOWS /D HAVE_FCNTL_O_NONBLOCK /D HAVE_WINDOWS_H /D HAVE_WINSOCK_H /D HAVE_WS2TCPIP_H /D HAVE_WINSOCK2_H /D HAVE_STDIO_H /D HAVE_SYS_STAT_H /D HAVE_SYS_TYPES_H /D HAVE_SYS_UTIME_H /D HAVE_ASSERT_H /D HAVE_ERRNO_H /D HAVE_FCNTL_H /D HAVE_IO_H /D HAVE_LOCALE_H /D HAVE_SETJMP_H /D HAVE_SIGNAL_H /D HAVE_STDBOOL_H /D HAVE_STDLIB_H /D HAVE_STRING_H /D HAVE_TIME_H /D HAVE_PROCESS_H /D HAVE_STDDEF_H /D HAVE_MALLOC_H /D HAVE_MEMORY_H /D "CMAKE_INTDIR=\"Debug\"" /D _MBCS /Gm- /RTC1 /MDd /GS /fp:precise /Zc:wchar_t /Zc:forScope /Zc:inline /Fo"cmTC_ea2b7.dir\Debug\\" /Fd"cmTC_ea2b7.dir\Debug\vc141.pdb" /Gd /TC /analyze- /FC /errorReport:queue "C:\Users\Nancy\source\repos\curl-7.61.1\CMake\CurlTests.c"
  
  CurlTests.c
c:\users\nancy\source\repos\curl-7.61.1\cmake\curltests.c(44): fatal error C1083: Cannot open include file: 'unistd.h': No such file or directory [C:\Users\Nancy\source\repos\curl-7.61.1\CMakeFiles\CMakeTmp\cmTC_ea2b7.vcxproj]
Done Building Project "C:\Users\Nancy\source\repos\curl-7.61.1\CMakeFiles\CMakeTmp\cmTC_ea2b7.vcxproj" (default targets) -- FAILED.

Build FAILED.

"C:\Users\Nancy\source\repos\curl-7.61.1\CMakeFiles\CMakeTmp\cmTC_ea2b7.vcxproj" (default target) (1) ->
(ClCompile target) -> 
  c:\users\nancy\source\repos\curl-7.61.1\cmake\curltests.c(44): fatal error C1083: Cannot open include file: 'unistd.h': No such file or directory [C:\Users\Nancy\source\repos\curl-7.61.1\CMakeFiles\CMakeTmp\cmTC_ea2b7.vcxproj]

    0 Warning(s)
    1 Error(s)

Time Elapsed 00:00:00.59

Performing Curl Test HAVE_IOCTLSOCKET_CAMEL failed with the following output:
Change Dir: C:/Users/Nancy/source/repos/curl-7.61.1/CMakeFiles/CMakeTmp

Run Build Command:"C:/Program Files (x86)/Microsoft Visual Studio/2017/Community/MSBuild/15.0/Bin/MSBuild.exe" "cmTC_4eb3c.vcxproj" "/p:Configuration=Debug" "/p:VisualStudioVersion=15.0"
Microsoft (R) Build Engine version 15.8.169+g1ccb72aefa for .NET Framework
Copyright (C) Microsoft Corporation. All rights reserved.

Build started 10/28/2018 6:15:33 AM.
Project "C:\Users\Nancy\source\repos\curl-7.61.1\CMakeFiles\CMakeTmp\cmTC_4eb3c.vcxproj" on node 1 (default targets).
PrepareForBuild:
  Creating directory "cmTC_4eb3c.dir\Debug\".
  Creating directory "C:\Users\Nancy\source\repos\curl-7.61.1\CMakeFiles\CMakeTmp\Debug\".
  Creating directory "cmTC_4eb3c.dir\Debug\cmTC_4eb3c.tlog\".
InitializeBuildStatus:
  Creating "cmTC_4eb3c.dir\Debug\cmTC_4eb3c.tlog\unsuccessfulbuild" because "AlwaysCreate" was specified.
ClCompile:
  C:\Program Files (x86)\Microsoft Visual Studio\2017\Community\VC\Tools\MSVC\14.15.26726\bin\HostX86\x86\CL.exe /c /Zi /W3 /WX- /diagnostics:classic /Od /Ob0 /Oy- /D WIN32 /D _WINDOWS /D HAVE_IOCTLSOCKET_CAMEL /D HAVE_WINDOWS_H /D HAVE_WINSOCK_H /D HAVE_WS2TCPIP_H /D HAVE_WINSOCK2_H /D HAVE_STDIO_H /D HAVE_SYS_STAT_H /D HAVE_SYS_TYPES_H /D HAVE_SYS_UTIME_H /D HAVE_ASSERT_H /D HAVE_ERRNO_H /D HAVE_FCNTL_H /D HAVE_IO_H /D HAVE_LOCALE_H /D HAVE_SETJMP_H /D HAVE_SIGNAL_H /D HAVE_STDBOOL_H /D HAVE_STDLIB_H /D HAVE_STRING_H /D HAVE_TIME_H /D HAVE_PROCESS_H /D HAVE_STDDEF_H /D HAVE_MALLOC_H /D HAVE_MEMORY_H /D "CMAKE_INTDIR=\"Debug\"" /D _MBCS /Gm- /RTC1 /MDd /GS /fp:precise /Zc:wchar_t /Zc:forScope /Zc:inline /Fo"cmTC_4eb3c.dir\Debug\\" /Fd"cmTC_4eb3c.dir\Debug\vc141.pdb" /Gd /TC /analyze- /FC /errorReport:queue "C:\Users\Nancy\source\repos\curl-7.61.1\CMake\CurlTests.c"
  Microsoft (R) C/C++ Optimizing Compiler Version 19.15.26730 for x86
  Copyright (C) Microsoft Corporation.  All rights reserved.
  
  cl /c /Zi /W3 /WX- /diagnostics:classic /Od /Ob0 /Oy- /D WIN32 /D _WINDOWS /D HAVE_IOCTLSOCKET_CAMEL /D HAVE_WINDOWS_H /D HAVE_WINSOCK_H /D HAVE_WS2TCPIP_H /D HAVE_WINSOCK2_H /D HAVE_STDIO_H /D HAVE_SYS_STAT_H /D HAVE_SYS_TYPES_H /D HAVE_SYS_UTIME_H /D HAVE_ASSERT_H /D HAVE_ERRNO_H /D HAVE_FCNTL_H /D HAVE_IO_H /D HAVE_LOCALE_H /D HAVE_SETJMP_H /D HAVE_SIGNAL_H /D HAVE_STDBOOL_H /D HAVE_STDLIB_H /D HAVE_STRING_H /D HAVE_TIME_H /D HAVE_PROCESS_H /D HAVE_STDDEF_H /D HAVE_MALLOC_H /D HAVE_MEMORY_H /D "CMAKE_INTDIR=\"Debug\"" /D _MBCS /Gm- /RTC1 /MDd /GS /fp:precise /Zc:wchar_t /Zc:forScope /Zc:inline /Fo"cmTC_4eb3c.dir\Debug\\" /Fd"cmTC_4eb3c.dir\Debug\vc141.pdb" /Gd /TC /analyze- /FC /errorReport:queue "C:\Users\Nancy\source\repos\curl-7.61.1\CMake\CurlTests.c"
  
  CurlTests.c
c:\users\nancy\source\repos\curl-7.61.1\cmake\curltests.c(350): warning C4013: 'IoctlSocket' undefined; assuming extern returning int [C:\Users\Nancy\source\repos\curl-7.61.1\CMakeFiles\CMakeTmp\cmTC_4eb3c.vcxproj]
Link:
  C:\Program Files (x86)\Microsoft Visual Studio\2017\Community\VC\Tools\MSVC\14.15.26726\bin\HostX86\x86\link.exe /ERRORREPORT:QUEUE /OUT:"C:\Users\Nancy\source\repos\curl-7.61.1\CMakeFiles\CMakeTmp\Debug\cmTC_4eb3c.exe" /INCREMENTAL /NOLOGO ws2_32.lib kernel32.lib user32.lib gdi32.lib winspool.lib shell32.lib ole32.lib oleaut32.lib uuid.lib comdlg32.lib advapi32.lib /MANIFEST /MANIFESTUAC:"level='asInvoker' uiAccess='false'" /manifest:embed /DEBUG /PDB:"C:/Users/Nancy/source/repos/curl-7.61.1/CMakeFiles/CMakeTmp/Debug/cmTC_4eb3c.pdb" /SUBSYSTEM:CONSOLE /TLBID:1 /DYNAMICBASE /NXCOMPAT /IMPLIB:"C:/Users/Nancy/source/repos/curl-7.61.1/CMakeFiles/CMakeTmp/Debug/cmTC_4eb3c.lib" /MACHINE:X86 /SAFESEH  /machine:X86 cmTC_4eb3c.dir\Debug\CurlTests.obj
CurlTests.obj : error LNK2019: unresolved external symbol _IoctlSocket referenced in function _main [C:\Users\Nancy\source\repos\curl-7.61.1\CMakeFiles\CMakeTmp\cmTC_4eb3c.vcxproj]
C:\Users\Nancy\source\repos\curl-7.61.1\CMakeFiles\CMakeTmp\Debug\cmTC_4eb3c.exe : fatal error LNK1120: 1 unresolved externals [C:\Users\Nancy\source\repos\curl-7.61.1\CMakeFiles\CMakeTmp\cmTC_4eb3c.vcxproj]
Done Building Project "C:\Users\Nancy\source\repos\curl-7.61.1\CMakeFiles\CMakeTmp\cmTC_4eb3c.vcxproj" (default targets) -- FAILED.

Build FAILED.

"C:\Users\Nancy\source\repos\curl-7.61.1\CMakeFiles\CMakeTmp\cmTC_4eb3c.vcxproj" (default target) (1) ->
(ClCompile target) -> 
  c:\users\nancy\source\repos\curl-7.61.1\cmake\curltests.c(350): warning C4013: 'IoctlSocket' undefined; assuming extern returning int [C:\Users\Nancy\source\repos\curl-7.61.1\CMakeFiles\CMakeTmp\cmTC_4eb3c.vcxproj]


"C:\Users\Nancy\source\repos\curl-7.61.1\CMakeFiles\CMakeTmp\cmTC_4eb3c.vcxproj" (default target) (1) ->
(Link target) -> 
  CurlTests.obj : error LNK2019: unresolved external symbol _IoctlSocket referenced in function _main [C:\Users\Nancy\source\repos\curl-7.61.1\CMakeFiles\CMakeTmp\cmTC_4eb3c.vcxproj]
  C:\Users\Nancy\source\repos\curl-7.61.1\CMakeFiles\CMakeTmp\Debug\cmTC_4eb3c.exe : fatal error LNK1120: 1 unresolved externals [C:\Users\Nancy\source\repos\curl-7.61.1\CMakeFiles\CMakeTmp\cmTC_4eb3c.vcxproj]

    1 Warning(s)
    2 Error(s)

Time Elapsed 00:00:01.29

Performing Curl Test HAVE_IOCTL_FIONBIO failed with the following output:
Change Dir: C:/Users/Nancy/source/repos/curl-7.61.1/CMakeFiles/CMakeTmp

Run Build Command:"C:/Program Files (x86)/Microsoft Visual Studio/2017/Community/MSBuild/15.0/Bin/MSBuild.exe" "cmTC_9a49f.vcxproj" "/p:Configuration=Debug" "/p:VisualStudioVersion=15.0"
Microsoft (R) Build Engine version 15.8.169+g1ccb72aefa for .NET Framework
Copyright (C) Microsoft Corporation. All rights reserved.

Build started 10/28/2018 6:15:38 AM.
Project "C:\Users\Nancy\source\repos\curl-7.61.1\CMakeFiles\CMakeTmp\cmTC_9a49f.vcxproj" on node 1 (default targets).
PrepareForBuild:
  Creating directory "cmTC_9a49f.dir\Debug\".
  Creating directory "C:\Users\Nancy\source\repos\curl-7.61.1\CMakeFiles\CMakeTmp\Debug\".
  Creating directory "cmTC_9a49f.dir\Debug\cmTC_9a49f.tlog\".
InitializeBuildStatus:
  Creating "cmTC_9a49f.dir\Debug\cmTC_9a49f.tlog\unsuccessfulbuild" because "AlwaysCreate" was specified.
ClCompile:
  C:\Program Files (x86)\Microsoft Visual Studio\2017\Community\VC\Tools\MSVC\14.15.26726\bin\HostX86\x86\CL.exe /c /Zi /W3 /WX- /diagnostics:classic /Od /Ob0 /Oy- /D WIN32 /D _WINDOWS /D HAVE_IOCTL_FIONBIO /D HAVE_WINDOWS_H /D HAVE_WINSOCK_H /D HAVE_WS2TCPIP_H /D HAVE_WINSOCK2_H /D HAVE_STDIO_H /D HAVE_SYS_STAT_H /D HAVE_SYS_TYPES_H /D HAVE_SYS_UTIME_H /D HAVE_ASSERT_H /D HAVE_ERRNO_H /D HAVE_FCNTL_H /D HAVE_IO_H /D HAVE_LOCALE_H /D HAVE_SETJMP_H /D HAVE_SIGNAL_H /D HAVE_STDBOOL_H /D HAVE_STDLIB_H /D HAVE_STRING_H /D HAVE_TIME_H /D HAVE_PROCESS_H /D HAVE_STDDEF_H /D HAVE_MALLOC_H /D HAVE_MEMORY_H /D "CMAKE_INTDIR=\"Debug\"" /D _MBCS /Gm- /RTC1 /MDd /GS /fp:precise /Zc:wchar_t /Zc:forScope /Zc:inline /Fo"cmTC_9a49f.dir\Debug\\" /Fd"cmTC_9a49f.dir\Debug\vc141.pdb" /Gd /TC /analyze- /FC /errorReport:queue "C:\Users\Nancy\source\repos\curl-7.61.1\CMake\CurlTests.c"
  Microsoft (R) C/C++ Optimizing Compiler Version 19.15.26730 for x86
  Copyright (C) Microsoft Corporation.  All rights reserved.
  
  cl /c /Zi /W3 /WX- /diagnostics:classic /Od /Ob0 /Oy- /D WIN32 /D _WINDOWS /D HAVE_IOCTL_FIONBIO /D HAVE_WINDOWS_H /D HAVE_WINSOCK_H /D HAVE_WS2TCPIP_H /D HAVE_WINSOCK2_H /D HAVE_STDIO_H /D HAVE_SYS_STAT_H /D HAVE_SYS_TYPES_H /D HAVE_SYS_UTIME_H /D HAVE_ASSERT_H /D HAVE_ERRNO_H /D HAVE_FCNTL_H /D HAVE_IO_H /D HAVE_LOCALE_H /D HAVE_SETJMP_H /D HAVE_SIGNAL_H /D HAVE_STDBOOL_H /D HAVE_STDLIB_H /D HAVE_STRING_H /D HAVE_TIME_H /D HAVE_PROCESS_H /D HAVE_STDDEF_H /D HAVE_MALLOC_H /D HAVE_MEMORY_H /D "CMAKE_INTDIR=\"Debug\"" /D _MBCS /Gm- /RTC1 /MDd /GS /fp:precise /Zc:wchar_t /Zc:forScope /Zc:inline /Fo"cmTC_9a49f.dir\Debug\\" /Fd"cmTC_9a49f.dir\Debug\vc141.pdb" /Gd /TC /analyze- /FC /errorReport:queue "C:\Users\Nancy\source\repos\curl-7.61.1\CMake\CurlTests.c"
  
  CurlTests.c
c:\users\nancy\source\repos\curl-7.61.1\cmake\curltests.c(436): warning C4013: 'ioctl' undefined; assuming extern returning int [C:\Users\Nancy\source\repos\curl-7.61.1\CMakeFiles\CMakeTmp\cmTC_9a49f.vcxproj]
c:\users\nancy\source\repos\curl-7.61.1\cmake\curltests.c(436): error C2065: 'FIONBIO': undeclared identifier [C:\Users\Nancy\source\repos\curl-7.61.1\CMakeFiles\CMakeTmp\cmTC_9a49f.vcxproj]
Done Building Project "C:\Users\Nancy\source\repos\curl-7.61.1\CMakeFiles\CMakeTmp\cmTC_9a49f.vcxproj" (default targets) -- FAILED.

Build FAILED.

"C:\Users\Nancy\source\repos\curl-7.61.1\CMakeFiles\CMakeTmp\cmTC_9a49f.vcxproj" (default target) (1) ->
(ClCompile target) -> 
  c:\users\nancy\source\repos\curl-7.61.1\cmake\curltests.c(436): warning C4013: 'ioctl' undefined; assuming extern returning int [C:\Users\Nancy\source\repos\curl-7.61.1\CMakeFiles\CMakeTmp\cmTC_9a49f.vcxproj]


"C:\Users\Nancy\source\repos\curl-7.61.1\CMakeFiles\CMakeTmp\cmTC_9a49f.vcxproj" (default target) (1) ->
(ClCompile target) -> 
  c:\users\nancy\source\repos\curl-7.61.1\cmake\curltests.c(436): error C2065: 'FIONBIO': undeclared identifier [C:\Users\Nancy\source\repos\curl-7.61.1\CMakeFiles\CMakeTmp\cmTC_9a49f.vcxproj]

    1 Warning(s)
    1 Error(s)

Time Elapsed 00:00:00.59

Performing Curl Test HAVE_IOCTL_SIOCGIFADDR failed with the following output:
Change Dir: C:/Users/Nancy/source/repos/curl-7.61.1/CMakeFiles/CMakeTmp

Run Build Command:"C:/Program Files (x86)/Microsoft Visual Studio/2017/Community/MSBuild/15.0/Bin/MSBuild.exe" "cmTC_338b3.vcxproj" "/p:Configuration=Debug" "/p:VisualStudioVersion=15.0"
Microsoft (R) Build Engine version 15.8.169+g1ccb72aefa for .NET Framework
Copyright (C) Microsoft Corporation. All rights reserved.

Build started 10/28/2018 6:15:39 AM.
Project "C:\Users\Nancy\source\repos\curl-7.61.1\CMakeFiles\CMakeTmp\cmTC_338b3.vcxproj" on node 1 (default targets).
PrepareForBuild:
  Creating directory "cmTC_338b3.dir\Debug\".
  Creating directory "C:\Users\Nancy\source\repos\curl-7.61.1\CMakeFiles\CMakeTmp\Debug\".
  Creating directory "cmTC_338b3.dir\Debug\cmTC_338b3.tlog\".
InitializeBuildStatus:
  Creating "cmTC_338b3.dir\Debug\cmTC_338b3.tlog\unsuccessfulbuild" because "AlwaysCreate" was specified.
ClCompile:
  C:\Program Files (x86)\Microsoft Visual Studio\2017\Community\VC\Tools\MSVC\14.15.26726\bin\HostX86\x86\CL.exe /c /Zi /W3 /WX- /diagnostics:classic /Od /Ob0 /Oy- /D WIN32 /D _WINDOWS /D HAVE_IOCTL_SIOCGIFADDR /D HAVE_WINDOWS_H /D HAVE_WINSOCK_H /D HAVE_WS2TCPIP_H /D HAVE_WINSOCK2_H /D HAVE_STDIO_H /D HAVE_SYS_STAT_H /D HAVE_SYS_TYPES_H /D HAVE_SYS_UTIME_H /D HAVE_ASSERT_H /D HAVE_ERRNO_H /D HAVE_FCNTL_H /D HAVE_IO_H /D HAVE_LOCALE_H /D HAVE_SETJMP_H /D HAVE_SIGNAL_H /D HAVE_STDBOOL_H /D HAVE_STDLIB_H /D HAVE_STRING_H /D HAVE_TIME_H /D HAVE_PROCESS_H /D HAVE_STDDEF_H /D HAVE_MALLOC_H /D HAVE_MEMORY_H /D "CMAKE_INTDIR=\"Debug\"" /D _MBCS /Gm- /RTC1 /MDd /GS /fp:precise /Zc:wchar_t /Zc:forScope /Zc:inline /Fo"cmTC_338b3.dir\Debug\\" /Fd"cmTC_338b3.dir\Debug\vc141.pdb" /Gd /TC /analyze- /FC /errorReport:queue "C:\Users\Nancy\source\repos\curl-7.61.1\CMake\CurlTests.c"
  Microsoft (R) C/C++ Optimizing Compiler Version 19.15.26730 for x86
  Copyright (C) Microsoft Corporation.  All rights reserved.
  
  cl /c /Zi /W3 /WX- /diagnostics:classic /Od /Ob0 /Oy- /D WIN32 /D _WINDOWS /D HAVE_IOCTL_SIOCGIFADDR /D HAVE_WINDOWS_H /D HAVE_WINSOCK_H /D HAVE_WS2TCPIP_H /D HAVE_WINSOCK2_H /D HAVE_STDIO_H /D HAVE_SYS_STAT_H /D HAVE_SYS_TYPES_H /D HAVE_SYS_UTIME_H /D HAVE_ASSERT_H /D HAVE_ERRNO_H /D HAVE_FCNTL_H /D HAVE_IO_H /D HAVE_LOCALE_H /D HAVE_SETJMP_H /D HAVE_SIGNAL_H /D HAVE_STDBOOL_H /D HAVE_STDLIB_H /D HAVE_STRING_H /D HAVE_TIME_H /D HAVE_PROCESS_H /D HAVE_STDDEF_H /D HAVE_MALLOC_H /D HAVE_MEMORY_H /D "CMAKE_INTDIR=\"Debug\"" /D _MBCS /Gm- /RTC1 /MDd /GS /fp:precise /Zc:wchar_t /Zc:forScope /Zc:inline /Fo"cmTC_338b3.dir\Debug\\" /Fd"cmTC_338b3.dir\Debug\vc141.pdb" /Gd /TC /analyze- /FC /errorReport:queue "C:\Users\Nancy\source\repos\curl-7.61.1\CMake\CurlTests.c"
  
  CurlTests.c
c:\users\nancy\source\repos\curl-7.61.1\cmake\curltests.c(461): fatal error C1083: Cannot open include file: 'net/if.h': No such file or directory [C:\Users\Nancy\source\repos\curl-7.61.1\CMakeFiles\CMakeTmp\cmTC_338b3.vcxproj]
Done Building Project "C:\Users\Nancy\source\repos\curl-7.61.1\CMakeFiles\CMakeTmp\cmTC_338b3.vcxproj" (default targets) -- FAILED.

Build FAILED.

"C:\Users\Nancy\source\repos\curl-7.61.1\CMakeFiles\CMakeTmp\cmTC_338b3.vcxproj" (default target) (1) ->
(ClCompile target) -> 
  c:\users\nancy\source\repos\curl-7.61.1\cmake\curltests.c(461): fatal error C1083: Cannot open include file: 'net/if.h': No such file or directory [C:\Users\Nancy\source\repos\curl-7.61.1\CMakeFiles\CMakeTmp\cmTC_338b3.vcxproj]

    0 Warning(s)
    1 Error(s)

Time Elapsed 00:00:00.59

Performing Curl Test HAVE_SETSOCKOPT_SO_NONBLOCK failed with the following output:
Change Dir: C:/Users/Nancy/source/repos/curl-7.61.1/CMakeFiles/CMakeTmp

Run Build Command:"C:/Program Files (x86)/Microsoft Visual Studio/2017/Community/MSBuild/15.0/Bin/MSBuild.exe" "cmTC_fb220.vcxproj" "/p:Configuration=Debug" "/p:VisualStudioVersion=15.0"
Microsoft (R) Build Engine version 15.8.169+g1ccb72aefa for .NET Framework
Copyright (C) Microsoft Corporation. All rights reserved.

Build started 10/28/2018 6:15:40 AM.
Project "C:\Users\Nancy\source\repos\curl-7.61.1\CMakeFiles\CMakeTmp\cmTC_fb220.vcxproj" on node 1 (default targets).
PrepareForBuild:
  Creating directory "cmTC_fb220.dir\Debug\".
  Creating directory "C:\Users\Nancy\source\repos\curl-7.61.1\CMakeFiles\CMakeTmp\Debug\".
  Creating directory "cmTC_fb220.dir\Debug\cmTC_fb220.tlog\".
InitializeBuildStatus:
  Creating "cmTC_fb220.dir\Debug\cmTC_fb220.tlog\unsuccessfulbuild" because "AlwaysCreate" was specified.
ClCompile:
  C:\Program Files (x86)\Microsoft Visual Studio\2017\Community\VC\Tools\MSVC\14.15.26726\bin\HostX86\x86\CL.exe /c /Zi /W3 /WX- /diagnostics:classic /Od /Ob0 /Oy- /D WIN32 /D _WINDOWS /D HAVE_SETSOCKOPT_SO_NONBLOCK /D HAVE_WINDOWS_H /D HAVE_WINSOCK_H /D HAVE_WS2TCPIP_H /D HAVE_WINSOCK2_H /D HAVE_STDIO_H /D HAVE_SYS_STAT_H /D HAVE_SYS_TYPES_H /D HAVE_SYS_UTIME_H /D HAVE_ASSERT_H /D HAVE_ERRNO_H /D HAVE_FCNTL_H /D HAVE_IO_H /D HAVE_LOCALE_H /D HAVE_SETJMP_H /D HAVE_SIGNAL_H /D HAVE_STDBOOL_H /D HAVE_STDLIB_H /D HAVE_STRING_H /D HAVE_TIME_H /D HAVE_PROCESS_H /D HAVE_STDDEF_H /D HAVE_MALLOC_H /D HAVE_MEMORY_H /D "CMAKE_INTDIR=\"Debug\"" /D _MBCS /Gm- /RTC1 /MDd /GS /fp:precise /Zc:wchar_t /Zc:forScope /Zc:inline /Fo"cmTC_fb220.dir\Debug\\" /Fd"cmTC_fb220.dir\Debug\vc141.pdb" /Gd /TC /analyze- /FC /errorReport:queue "C:\Users\Nancy\source\repos\curl-7.61.1\CMake\CurlTests.c"
  Microsoft (R) C/C++ Optimizing Compiler Version 19.15.26730 for x86
  Copyright (C) Microsoft Corporation.  All rights reserved.
  
  cl /c /Zi /W3 /WX- /diagnostics:classic /Od /Ob0 /Oy- /D WIN32 /D _WINDOWS /D HAVE_SETSOCKOPT_SO_NONBLOCK /D HAVE_WINDOWS_H /D HAVE_WINSOCK_H /D HAVE_WS2TCPIP_H /D HAVE_WINSOCK2_H /D HAVE_STDIO_H /D HAVE_SYS_STAT_H /D HAVE_SYS_TYPES_H /D HAVE_SYS_UTIME_H /D HAVE_ASSERT_H /D HAVE_ERRNO_H /D HAVE_FCNTL_H /D HAVE_IO_H /D HAVE_LOCALE_H /D HAVE_SETJMP_H /D HAVE_SIGNAL_H /D HAVE_STDBOOL_H /D HAVE_STDLIB_H /D HAVE_STRING_H /D HAVE_TIME_H /D HAVE_PROCESS_H /D HAVE_STDDEF_H /D HAVE_MALLOC_H /D HAVE_MEMORY_H /D "CMAKE_INTDIR=\"Debug\"" /D _MBCS /Gm- /RTC1 /MDd /GS /fp:precise /Zc:wchar_t /Zc:forScope /Zc:inline /Fo"cmTC_fb220.dir\Debug\\" /Fd"cmTC_fb220.dir\Debug\vc141.pdb" /Gd /TC /analyze- /FC /errorReport:queue "C:\Users\Nancy\source\repos\curl-7.61.1\CMake\CurlTests.c"
  
  CurlTests.c
c:\users\nancy\source\repos\curl-7.61.1\cmake\curltests.c(501): error C2065: 'SO_NONBLOCK': undeclared identifier [C:\Users\Nancy\source\repos\curl-7.61.1\CMakeFiles\CMakeTmp\cmTC_fb220.vcxproj]
Done Building Project "C:\Users\Nancy\source\repos\curl-7.61.1\CMakeFiles\CMakeTmp\cmTC_fb220.vcxproj" (default targets) -- FAILED.

Build FAILED.

"C:\Users\Nancy\source\repos\curl-7.61.1\CMakeFiles\CMakeTmp\cmTC_fb220.vcxproj" (default target) (1) ->
(ClCompile target) -> 
  c:\users\nancy\source\repos\curl-7.61.1\cmake\curltests.c(501): error C2065: 'SO_NONBLOCK': undeclared identifier [C:\Users\Nancy\source\repos\curl-7.61.1\CMakeFiles\CMakeTmp\cmTC_fb220.vcxproj]

    0 Warning(s)
    1 Error(s)

Time Elapsed 00:00:00.87

Performing Curl Test HAVE_SOCKADDR_IN6_SIN6_SCOPE_ID failed with the following output:
Change Dir: C:/Users/Nancy/source/repos/curl-7.61.1/CMakeFiles/CMakeTmp

Run Build Command:"C:/Program Files (x86)/Microsoft Visual Studio/2017/Community/MSBuild/15.0/Bin/MSBuild.exe" "cmTC_ab28e.vcxproj" "/p:Configuration=Debug" "/p:VisualStudioVersion=15.0"
Microsoft (R) Build Engine version 15.8.169+g1ccb72aefa for .NET Framework
Copyright (C) Microsoft Corporation. All rights reserved.

Build started 10/28/2018 6:16:10 AM.
Project "C:\Users\Nancy\source\repos\curl-7.61.1\CMakeFiles\CMakeTmp\cmTC_ab28e.vcxproj" on node 1 (default targets).
PrepareForBuild:
  Creating directory "cmTC_ab28e.dir\Debug\".
  Creating directory "C:\Users\Nancy\source\repos\curl-7.61.1\CMakeFiles\CMakeTmp\Debug\".
  Creating directory "cmTC_ab28e.dir\Debug\cmTC_ab28e.tlog\".
InitializeBuildStatus:
  Creating "cmTC_ab28e.dir\Debug\cmTC_ab28e.tlog\unsuccessfulbuild" because "AlwaysCreate" was specified.
ClCompile:
  C:\Program Files (x86)\Microsoft Visual Studio\2017\Community\VC\Tools\MSVC\14.15.26726\bin\HostX86\x86\CL.exe /c /Zi /W3 /WX- /diagnostics:classic /Od /Ob0 /Oy- /D WIN32 /D _WINDOWS /D HAVE_SOCKADDR_IN6_SIN6_SCOPE_ID /D HAVE_WINDOWS_H /D HAVE_WINSOCK_H /D HAVE_WS2TCPIP_H /D HAVE_WINSOCK2_H /D HAVE_STDIO_H /D HAVE_SYS_STAT_H /D HAVE_SYS_TYPES_H /D HAVE_SYS_UTIME_H /D HAVE_ASSERT_H /D HAVE_ERRNO_H /D HAVE_FCNTL_H /D HAVE_IO_H /D HAVE_LOCALE_H /D HAVE_SETJMP_H /D HAVE_SIGNAL_H /D HAVE_STDBOOL_H /D HAVE_STDLIB_H /D HAVE_STRING_H /D HAVE_TIME_H /D HAVE_PROCESS_H /D HAVE_STDDEF_H /D HAVE_MALLOC_H /D HAVE_MEMORY_H /D "CMAKE_INTDIR=\"Debug\"" /D _MBCS /Gm- /RTC1 /MDd /GS /fp:precise /Zc:wchar_t /Zc:forScope /Zc:inline /Fo"cmTC_ab28e.dir\Debug\\" /Fd"cmTC_ab28e.dir\Debug\vc141.pdb" /Gd /TC /analyze- /FC /errorReport:queue "C:\Users\Nancy\source\repos\curl-7.61.1\CMake\CurlTests.c"
  Microsoft (R) C/C++ Optimizing Compiler Version 19.15.26730 for x86
  Copyright (C) Microsoft Corporation.  All rights reserved.
  
  cl /c /Zi /W3 /WX- /diagnostics:classic /Od /Ob0 /Oy- /D WIN32 /D _WINDOWS /D HAVE_SOCKADDR_IN6_SIN6_SCOPE_ID /D HAVE_WINDOWS_H /D HAVE_WINSOCK_H /D HAVE_WS2TCPIP_H /D HAVE_WINSOCK2_H /D HAVE_STDIO_H /D HAVE_SYS_STAT_H /D HAVE_SYS_TYPES_H /D HAVE_SYS_UTIME_H /D HAVE_ASSERT_H /D HAVE_ERRNO_H /D HAVE_FCNTL_H /D HAVE_IO_H /D HAVE_LOCALE_H /D HAVE_SETJMP_H /D HAVE_SIGNAL_H /D HAVE_STDBOOL_H /D HAVE_STDLIB_H /D HAVE_STRING_H /D HAVE_TIME_H /D HAVE_PROCESS_H /D HAVE_STDDEF_H /D HAVE_MALLOC_H /D HAVE_MEMORY_H /D "CMAKE_INTDIR=\"Debug\"" /D _MBCS /Gm- /RTC1 /MDd /GS /fp:precise /Zc:wchar_t /Zc:forScope /Zc:inline /Fo"cmTC_ab28e.dir\Debug\\" /Fd"cmTC_ab28e.dir\Debug\vc141.pdb" /Gd /TC /analyze- /FC /errorReport:queue "C:\Users\Nancy\source\repos\curl-7.61.1\CMake\CurlTests.c"
  
  CurlTests.c
Link:
  C:\Program Files (x86)\Microsoft Visual Studio\2017\Community\VC\Tools\MSVC\14.15.26726\bin\HostX86\x86\link.exe /ERRORREPORT:QUEUE /OUT:"C:\Users\Nancy\source\repos\curl-7.61.1\CMakeFiles\CMakeTmp\Debug\cmTC_ab28e.exe" /INCREMENTAL /NOLOGO ws2_32.lib kernel32.lib user32.lib gdi32.lib winspool.lib shell32.lib ole32.lib oleaut32.lib uuid.lib comdlg32.lib advapi32.lib /MANIFEST /MANIFESTUAC:"level='asInvoker' uiAccess='false'" /manifest:embed /DEBUG /PDB:"C:/Users/Nancy/source/repos/curl-7.61.1/CMakeFiles/CMakeTmp/Debug/cmTC_ab28e.pdb" /SUBSYSTEM:CONSOLE /TLBID:1 /DYNAMICBASE /NXCOMPAT /IMPLIB:"C:/Users/Nancy/source/repos/curl-7.61.1/CMakeFiles/CMakeTmp/Debug/cmTC_ab28e.lib" /MACHINE:X86 /SAFESEH  /machine:X86 cmTC_ab28e.dir\Debug\CurlTests.obj
MSVCRTD.lib(exe_main.obj) : error LNK2019: unresolved external symbol _main referenced in function "int __cdecl invoke_main(void)" (?invoke_main@@YAHXZ) [C:\Users\Nancy\source\repos\curl-7.61.1\CMakeFiles\CMakeTmp\cmTC_ab28e.vcxproj]
C:\Users\Nancy\source\repos\curl-7.61.1\CMakeFiles\CMakeTmp\Debug\cmTC_ab28e.exe : fatal error LNK1120: 1 unresolved externals [C:\Users\Nancy\source\repos\curl-7.61.1\CMakeFiles\CMakeTmp\cmTC_ab28e.vcxproj]
Done Building Project "C:\Users\Nancy\source\repos\curl-7.61.1\CMakeFiles\CMakeTmp\cmTC_ab28e.vcxproj" (default targets) -- FAILED.

Build FAILED.

"C:\Users\Nancy\source\repos\curl-7.61.1\CMakeFiles\CMakeTmp\cmTC_ab28e.vcxproj" (default target) (1) ->
(Link target) -> 
  MSVCRTD.lib(exe_main.obj) : error LNK2019: unresolved external symbol _main referenced in function "int __cdecl invoke_main(void)" (?invoke_main@@YAHXZ) [C:\Users\Nancy\source\repos\curl-7.61.1\CMakeFiles\CMakeTmp\cmTC_ab28e.vcxproj]
  C:\Users\Nancy\source\repos\curl-7.61.1\CMakeFiles\CMakeTmp\Debug\cmTC_ab28e.exe : fatal error LNK1120: 1 unresolved externals [C:\Users\Nancy\source\repos\curl-7.61.1\CMakeFiles\CMakeTmp\cmTC_ab28e.vcxproj]

    0 Warning(s)
    2 Error(s)

Time Elapsed 00:00:01.00

Performing Curl Test HAVE_FILE_OFFSET_BITS failed with the following output:
Change Dir: C:/Users/Nancy/source/repos/curl-7.61.1/CMakeFiles/CMakeTmp

Run Build Command:"C:/Program Files (x86)/Microsoft Visual Studio/2017/Community/MSBuild/15.0/Bin/MSBuild.exe" "cmTC_5c443.vcxproj" "/p:Configuration=Debug" "/p:VisualStudioVersion=15.0"
Microsoft (R) Build Engine version 15.8.169+g1ccb72aefa for .NET Framework
Copyright (C) Microsoft Corporation. All rights reserved.

Build started 10/28/2018 6:16:14 AM.
Project "C:\Users\Nancy\source\repos\curl-7.61.1\CMakeFiles\CMakeTmp\cmTC_5c443.vcxproj" on node 1 (default targets).
PrepareForBuild:
  Creating directory "cmTC_5c443.dir\Debug\".
  Creating directory "C:\Users\Nancy\source\repos\curl-7.61.1\CMakeFiles\CMakeTmp\Debug\".
  Creating directory "cmTC_5c443.dir\Debug\cmTC_5c443.tlog\".
InitializeBuildStatus:
  Creating "cmTC_5c443.dir\Debug\cmTC_5c443.tlog\unsuccessfulbuild" because "AlwaysCreate" was specified.
ClCompile:
  C:\Program Files (x86)\Microsoft Visual Studio\2017\Community\VC\Tools\MSVC\14.15.26726\bin\HostX86\x86\CL.exe /c /Zi /W3 /WX- /diagnostics:classic /Od /Ob0 /Oy- /D WIN32 /D _WINDOWS /D HAVE_FILE_OFFSET_BITS /D HAVE_WINDOWS_H /D HAVE_WINSOCK_H /D HAVE_WS2TCPIP_H /D HAVE_WINSOCK2_H /D HAVE_STDIO_H /D HAVE_SYS_STAT_H /D HAVE_SYS_TYPES_H /D HAVE_SYS_UTIME_H /D HAVE_ASSERT_H /D HAVE_ERRNO_H /D HAVE_FCNTL_H /D HAVE_IO_H /D HAVE_LOCALE_H /D HAVE_SETJMP_H /D HAVE_SIGNAL_H /D HAVE_STDBOOL_H /D HAVE_STDLIB_H /D HAVE_STRING_H /D HAVE_TIME_H /D HAVE_PROCESS_H /D HAVE_STDDEF_H /D HAVE_MALLOC_H /D HAVE_MEMORY_H /D "CMAKE_INTDIR=\"Debug\"" /D _MBCS /Gm- /RTC1 /MDd /GS /fp:precise /Zc:wchar_t /Zc:forScope /Zc:inline /Fo"cmTC_5c443.dir\Debug\\" /Fd"cmTC_5c443.dir\Debug\vc141.pdb" /Gd /TC /analyze- /FC /errorReport:queue "C:\Users\Nancy\source\repos\curl-7.61.1\CMake\CurlTests.c"
  Microsoft (R) C/C++ Optimizing Compiler Version 19.15.26730 for x86
  Copyright (C) Microsoft Corporation.  All rights reserved.
  
  cl /c /Zi /W3 /WX- /diagnostics:classic /Od /Ob0 /Oy- /D WIN32 /D _WINDOWS /D HAVE_FILE_OFFSET_BITS /D HAVE_WINDOWS_H /D HAVE_WINSOCK_H /D HAVE_WS2TCPIP_H /D HAVE_WINSOCK2_H /D HAVE_STDIO_H /D HAVE_SYS_STAT_H /D HAVE_SYS_TYPES_H /D HAVE_SYS_UTIME_H /D HAVE_ASSERT_H /D HAVE_ERRNO_H /D HAVE_FCNTL_H /D HAVE_IO_H /D HAVE_LOCALE_H /D HAVE_SETJMP_H /D HAVE_SIGNAL_H /D HAVE_STDBOOL_H /D HAVE_STDLIB_H /D HAVE_STRING_H /D HAVE_TIME_H /D HAVE_PROCESS_H /D HAVE_STDDEF_H /D HAVE_MALLOC_H /D HAVE_MEMORY_H /D "CMAKE_INTDIR=\"Debug\"" /D _MBCS /Gm- /RTC1 /MDd /GS /fp:precise /Zc:wchar_t /Zc:forScope /Zc:inline /Fo"cmTC_5c443.dir\Debug\\" /Fd"cmTC_5c443.dir\Debug\vc141.pdb" /Gd /TC /analyze- /FC /errorReport:queue "C:\Users\Nancy\source\repos\curl-7.61.1\CMake\CurlTests.c"
  
  CurlTests.c
c:\users\nancy\source\repos\curl-7.61.1\cmake\curltests.c(295): warning C4293: '<<': shift count negative or too big, undefined behavior [C:\Users\Nancy\source\repos\curl-7.61.1\CMakeFiles\CMakeTmp\cmTC_5c443.vcxproj]
c:\users\nancy\source\repos\curl-7.61.1\cmake\curltests.c(296): warning C4293: '<<': shift count negative or too big, undefined behavior [C:\Users\Nancy\source\repos\curl-7.61.1\CMakeFiles\CMakeTmp\cmTC_5c443.vcxproj]
c:\users\nancy\source\repos\curl-7.61.1\cmake\curltests.c(297): error C2118: negative subscript [C:\Users\Nancy\source\repos\curl-7.61.1\CMakeFiles\CMakeTmp\cmTC_5c443.vcxproj]
Done Building Project "C:\Users\Nancy\source\repos\curl-7.61.1\CMakeFiles\CMakeTmp\cmTC_5c443.vcxproj" (default targets) -- FAILED.

Build FAILED.

"C:\Users\Nancy\source\repos\curl-7.61.1\CMakeFiles\CMakeTmp\cmTC_5c443.vcxproj" (default target) (1) ->
(ClCompile target) -> 
  c:\users\nancy\source\repos\curl-7.61.1\cmake\curltests.c(295): warning C4293: '<<': shift count negative or too big, undefined behavior [C:\Users\Nancy\source\repos\curl-7.61.1\CMakeFiles\CMakeTmp\cmTC_5c443.vcxproj]
  c:\users\nancy\source\repos\curl-7.61.1\cmake\curltests.c(296): warning C4293: '<<': shift count negative or too big, undefined behavior [C:\Users\Nancy\source\repos\curl-7.61.1\CMakeFiles\CMakeTmp\cmTC_5c443.vcxproj]


"C:\Users\Nancy\source\repos\curl-7.61.1\CMakeFiles\CMakeTmp\cmTC_5c443.vcxproj" (default target) (1) ->
(ClCompile target) -> 
  c:\users\nancy\source\repos\curl-7.61.1\cmake\curltests.c(297): error C2118: negative subscript [C:\Users\Nancy\source\repos\curl-7.61.1\CMakeFiles\CMakeTmp\cmTC_5c443.vcxproj]

    2 Warning(s)
    1 Error(s)

Time Elapsed 00:00:00.45

Performing Curl Test HAVE_GLIBC_STRERROR_R failed with the following output:
Change Dir: C:/Users/Nancy/source/repos/curl-7.61.1/CMakeFiles/CMakeTmp

Run Build Command:"C:/Program Files (x86)/Microsoft Visual Studio/2017/Community/MSBuild/15.0/Bin/MSBuild.exe" "cmTC_8881a.vcxproj" "/p:Configuration=Debug" "/p:VisualStudioVersion=15.0"
Microsoft (R) Build Engine version 15.8.169+g1ccb72aefa for .NET Framework
Copyright (C) Microsoft Corporation. All rights reserved.

Build started 10/28/2018 6:16:19 AM.
Project "C:\Users\Nancy\source\repos\curl-7.61.1\CMakeFiles\CMakeTmp\cmTC_8881a.vcxproj" on node 1 (default targets).
PrepareForBuild:
  Creating directory "cmTC_8881a.dir\Debug\".
  Creating directory "C:\Users\Nancy\source\repos\curl-7.61.1\CMakeFiles\CMakeTmp\Debug\".
  Creating directory "cmTC_8881a.dir\Debug\cmTC_8881a.tlog\".
InitializeBuildStatus:
  Creating "cmTC_8881a.dir\Debug\cmTC_8881a.tlog\unsuccessfulbuild" because "AlwaysCreate" was specified.
ClCompile:
  C:\Program Files (x86)\Microsoft Visual Studio\2017\Community\VC\Tools\MSVC\14.15.26726\bin\HostX86\x86\CL.exe /c /Zi /W3 /WX- /diagnostics:classic /Od /Ob0 /Oy- /D WIN32 /D _WINDOWS /D HAVE_GLIBC_STRERROR_R /D HAVE_WINDOWS_H /D HAVE_WINSOCK_H /D HAVE_WS2TCPIP_H /D HAVE_WINSOCK2_H /D HAVE_STDIO_H /D HAVE_SYS_STAT_H /D HAVE_SYS_TYPES_H /D HAVE_SYS_UTIME_H /D HAVE_ASSERT_H /D HAVE_ERRNO_H /D HAVE_FCNTL_H /D HAVE_IO_H /D HAVE_LOCALE_H /D HAVE_SETJMP_H /D HAVE_SIGNAL_H /D HAVE_STDBOOL_H /D HAVE_STDLIB_H /D HAVE_STRING_H /D HAVE_TIME_H /D HAVE_PROCESS_H /D HAVE_STDDEF_H /D HAVE_MALLOC_H /D HAVE_MEMORY_H /D "CMAKE_INTDIR=\"Debug\"" /D _MBCS /Gm- /RTC1 /MDd /GS /fp:precise /Zc:wchar_t /Zc:forScope /Zc:inline /Fo"cmTC_8881a.dir\Debug\\" /Fd"cmTC_8881a.dir\Debug\vc141.pdb" /Gd /TC /analyze- /FC /errorReport:queue "C:\Users\Nancy\source\repos\curl-7.61.1\CMake\CurlTests.c"
  Microsoft (R) C/C++ Optimizing Compiler Version 19.15.26730 for x86
  Copyright (C) Microsoft Corporation.  All rights reserved.
  
  cl /c /Zi /W3 /WX- /diagnostics:classic /Od /Ob0 /Oy- /D WIN32 /D _WINDOWS /D HAVE_GLIBC_STRERROR_R /D HAVE_WINDOWS_H /D HAVE_WINSOCK_H /D HAVE_WS2TCPIP_H /D HAVE_WINSOCK2_H /D HAVE_STDIO_H /D HAVE_SYS_STAT_H /D HAVE_SYS_TYPES_H /D HAVE_SYS_UTIME_H /D HAVE_ASSERT_H /D HAVE_ERRNO_H /D HAVE_FCNTL_H /D HAVE_IO_H /D HAVE_LOCALE_H /D HAVE_SETJMP_H /D HAVE_SIGNAL_H /D HAVE_STDBOOL_H /D HAVE_STDLIB_H /D HAVE_STRING_H /D HAVE_TIME_H /D HAVE_PROCESS_H /D HAVE_STDDEF_H /D HAVE_MALLOC_H /D HAVE_MEMORY_H /D "CMAKE_INTDIR=\"Debug\"" /D _MBCS /Gm- /RTC1 /MDd /GS /fp:precise /Zc:wchar_t /Zc:forScope /Zc:inline /Fo"cmTC_8881a.dir\Debug\\" /Fd"cmTC_8881a.dir\Debug\vc141.pdb" /Gd /TC /analyze- /FC /errorReport:queue "C:\Users\Nancy\source\repos\curl-7.61.1\CMake\CurlTests.c"
  CurlTests.c
  
c:\users\nancy\source\repos\curl-7.61.1\cmake\curltests.c(517): warning C4013: 'strerror_r' undefined; assuming extern returning int [C:\Users\Nancy\source\repos\curl-7.61.1\CMakeFiles\CMakeTmp\cmTC_8881a.vcxproj]
c:\users\nancy\source\repos\curl-7.61.1\cmake\curltests.c(517): error C2109: subscript requires array or pointer type [C:\Users\Nancy\source\repos\curl-7.61.1\CMakeFiles\CMakeTmp\cmTC_8881a.vcxproj]
c:\users\nancy\source\repos\curl-7.61.1\cmake\curltests.c(517): error C2198: 'check': too few arguments for call [C:\Users\Nancy\source\repos\curl-7.61.1\CMakeFiles\CMakeTmp\cmTC_8881a.vcxproj]
Done Building Project "C:\Users\Nancy\source\repos\curl-7.61.1\CMakeFiles\CMakeTmp\cmTC_8881a.vcxproj" (default targets) -- FAILED.

Build FAILED.

"C:\Users\Nancy\source\repos\curl-7.61.1\CMakeFiles\CMakeTmp\cmTC_8881a.vcxproj" (default target) (1) ->
(ClCompile target) -> 
  c:\users\nancy\source\repos\curl-7.61.1\cmake\curltests.c(517): warning C4013: 'strerror_r' undefined; assuming extern returning int [C:\Users\Nancy\source\repos\curl-7.61.1\CMakeFiles\CMakeTmp\cmTC_8881a.vcxproj]


"C:\Users\Nancy\source\repos\curl-7.61.1\CMakeFiles\CMakeTmp\cmTC_8881a.vcxproj" (default target) (1) ->
(ClCompile target) -> 
  c:\users\nancy\source\repos\curl-7.61.1\cmake\curltests.c(517): error C2109: subscript requires array or pointer type [C:\Users\Nancy\source\repos\curl-7.61.1\CMakeFiles\CMakeTmp\cmTC_8881a.vcxproj]
  c:\users\nancy\source\repos\curl-7.61.1\cmake\curltests.c(517): error C2198: 'check': too few arguments for call [C:\Users\Nancy\source\repos\curl-7.61.1\CMakeFiles\CMakeTmp\cmTC_8881a.vcxproj]

    1 Warning(s)
    2 Error(s)

Time Elapsed 00:00:00.82

Performing Curl Test HAVE_POSIX_STRERROR_R failed with the following output:
Change Dir: C:/Users/Nancy/source/repos/curl-7.61.1/CMakeFiles/CMakeTmp

Run Build Command:"C:/Program Files (x86)/Microsoft Visual Studio/2017/Community/MSBuild/15.0/Bin/MSBuild.exe" "cmTC_afad9.vcxproj" "/p:Configuration=Debug" "/p:VisualStudioVersion=15.0"
Microsoft (R) Build Engine version 15.8.169+g1ccb72aefa for .NET Framework
Copyright (C) Microsoft Corporation. All rights reserved.

Build started 10/28/2018 6:16:20 AM.
Project "C:\Users\Nancy\source\repos\curl-7.61.1\CMakeFiles\CMakeTmp\cmTC_afad9.vcxproj" on node 1 (default targets).
PrepareForBuild:
  Creating directory "cmTC_afad9.dir\Debug\".
  Creating directory "C:\Users\Nancy\source\repos\curl-7.61.1\CMakeFiles\CMakeTmp\Debug\".
  Creating directory "cmTC_afad9.dir\Debug\cmTC_afad9.tlog\".
InitializeBuildStatus:
  Creating "cmTC_afad9.dir\Debug\cmTC_afad9.tlog\unsuccessfulbuild" because "AlwaysCreate" was specified.
ClCompile:
  C:\Program Files (x86)\Microsoft Visual Studio\2017\Community\VC\Tools\MSVC\14.15.26726\bin\HostX86\x86\CL.exe /c /Zi /W3 /WX- /diagnostics:classic /Od /Ob0 /Oy- /D WIN32 /D _WINDOWS /D HAVE_POSIX_STRERROR_R /D HAVE_WINDOWS_H /D HAVE_WINSOCK_H /D HAVE_WS2TCPIP_H /D HAVE_WINSOCK2_H /D HAVE_STDIO_H /D HAVE_SYS_STAT_H /D HAVE_SYS_TYPES_H /D HAVE_SYS_UTIME_H /D HAVE_ASSERT_H /D HAVE_ERRNO_H /D HAVE_FCNTL_H /D HAVE_IO_H /D HAVE_LOCALE_H /D HAVE_SETJMP_H /D HAVE_SIGNAL_H /D HAVE_STDBOOL_H /D HAVE_STDLIB_H /D HAVE_STRING_H /D HAVE_TIME_H /D HAVE_PROCESS_H /D HAVE_STDDEF_H /D HAVE_MALLOC_H /D HAVE_MEMORY_H /D "CMAKE_INTDIR=\"Debug\"" /D _MBCS /Gm- /RTC1 /MDd /GS /fp:precise /Zc:wchar_t /Zc:forScope /Zc:inline /Fo"cmTC_afad9.dir\Debug\\" /Fd"cmTC_afad9.dir\Debug\vc141.pdb" /Gd /TC /analyze- /FC /errorReport:queue "C:\Users\Nancy\source\repos\curl-7.61.1\CMake\CurlTests.c"
  Microsoft (R) C/C++ Optimizing Compiler Version 19.15.26730 for x86
  Copyright (C) Microsoft Corporation.  All rights reserved.
  
  cl /c /Zi /W3 /WX- /diagnostics:classic /Od /Ob0 /Oy- /D WIN32 /D _WINDOWS /D HAVE_POSIX_STRERROR_R /D HAVE_WINDOWS_H /D HAVE_WINSOCK_H /D HAVE_WS2TCPIP_H /D HAVE_WINSOCK2_H /D HAVE_STDIO_H /D HAVE_SYS_STAT_H /D HAVE_SYS_TYPES_H /D HAVE_SYS_UTIME_H /D HAVE_ASSERT_H /D HAVE_ERRNO_H /D HAVE_FCNTL_H /D HAVE_IO_H /D HAVE_LOCALE_H /D HAVE_SETJMP_H /D HAVE_SIGNAL_H /D HAVE_STDBOOL_H /D HAVE_STDLIB_H /D HAVE_STRING_H /D HAVE_TIME_H /D HAVE_PROCESS_H /D HAVE_STDDEF_H /D HAVE_MALLOC_H /D HAVE_MEMORY_H /D "CMAKE_INTDIR=\"Debug\"" /D _MBCS /Gm- /RTC1 /MDd /GS /fp:precise /Zc:wchar_t /Zc:forScope /Zc:inline /Fo"cmTC_afad9.dir\Debug\\" /Fd"cmTC_afad9.dir\Debug\vc141.pdb" /Gd /TC /analyze- /FC /errorReport:queue "C:\Users\Nancy\source\repos\curl-7.61.1\CMake\CurlTests.c"
  CurlTests.c
  
c:\users\nancy\source\repos\curl-7.61.1\cmake\curltests.c(532): warning C4013: 'strerror_r' undefined; assuming extern returning int [C:\Users\Nancy\source\repos\curl-7.61.1\CMakeFiles\CMakeTmp\cmTC_afad9.vcxproj]
c:\users\nancy\source\repos\curl-7.61.1\cmake\curltests.c(532): warning C4244: 'function': conversion from 'int' to 'float', possible loss of data [C:\Users\Nancy\source\repos\curl-7.61.1\CMakeFiles\CMakeTmp\cmTC_afad9.vcxproj]
Link:
  C:\Program Files (x86)\Microsoft Visual Studio\2017\Community\VC\Tools\MSVC\14.15.26726\bin\HostX86\x86\link.exe /ERRORREPORT:QUEUE /OUT:"C:\Users\Nancy\source\repos\curl-7.61.1\CMakeFiles\CMakeTmp\Debug\cmTC_afad9.exe" /INCREMENTAL /NOLOGO ws2_32.lib kernel32.lib user32.lib gdi32.lib winspool.lib shell32.lib ole32.lib oleaut32.lib uuid.lib comdlg32.lib advapi32.lib /MANIFEST /MANIFESTUAC:"level='asInvoker' uiAccess='false'" /manifest:embed /DEBUG /PDB:"C:/Users/Nancy/source/repos/curl-7.61.1/CMakeFiles/CMakeTmp/Debug/cmTC_afad9.pdb" /SUBSYSTEM:CONSOLE /TLBID:1 /DYNAMICBASE /NXCOMPAT /IMPLIB:"C:/Users/Nancy/source/repos/curl-7.61.1/CMakeFiles/CMakeTmp/Debug/cmTC_afad9.lib" /MACHINE:X86 /SAFESEH  /machine:X86 cmTC_afad9.dir\Debug\CurlTests.obj
CurlTests.obj : error LNK2019: unresolved external symbol _strerror_r referenced in function _main [C:\Users\Nancy\source\repos\curl-7.61.1\CMakeFiles\CMakeTmp\cmTC_afad9.vcxproj]
C:\Users\Nancy\source\repos\curl-7.61.1\CMakeFiles\CMakeTmp\Debug\cmTC_afad9.exe : fatal error LNK1120: 1 unresolved externals [C:\Users\Nancy\source\repos\curl-7.61.1\CMakeFiles\CMakeTmp\cmTC_afad9.vcxproj]
Done Building Project "C:\Users\Nancy\source\repos\curl-7.61.1\CMakeFiles\CMakeTmp\cmTC_afad9.vcxproj" (default targets) -- FAILED.

Build FAILED.

"C:\Users\Nancy\source\repos\curl-7.61.1\CMakeFiles\CMakeTmp\cmTC_afad9.vcxproj" (default target) (1) ->
(ClCompile target) -> 
  c:\users\nancy\source\repos\curl-7.61.1\cmake\curltests.c(532): warning C4013: 'strerror_r' undefined; assuming extern returning int [C:\Users\Nancy\source\repos\curl-7.61.1\CMakeFiles\CMakeTmp\cmTC_afad9.vcxproj]
  c:\users\nancy\source\repos\curl-7.61.1\cmake\curltests.c(532): warning C4244: 'function': conversion from 'int' to 'float', possible loss of data [C:\Users\Nancy\source\repos\curl-7.61.1\CMakeFiles\CMakeTmp\cmTC_afad9.vcxproj]


"C:\Users\Nancy\source\repos\curl-7.61.1\CMakeFiles\CMakeTmp\cmTC_afad9.vcxproj" (default target) (1) ->
(Link target) -> 
  CurlTests.obj : error LNK2019: unresolved external symbol _strerror_r referenced in function _main [C:\Users\Nancy\source\repos\curl-7.61.1\CMakeFiles\CMakeTmp\cmTC_afad9.vcxproj]
  C:\Users\Nancy\source\repos\curl-7.61.1\CMakeFiles\CMakeTmp\Debug\cmTC_afad9.exe : fatal error LNK1120: 1 unresolved externals [C:\Users\Nancy\source\repos\curl-7.61.1\CMakeFiles\CMakeTmp\cmTC_afad9.vcxproj]

    2 Warning(s)
    2 Error(s)

Time Elapsed 00:00:01.31

Performing C SOURCE FILE Test HAVE_MSG_NOSIGNAL failed with the following output:
Change Dir: C:/Users/Nancy/source/repos/curl-7.61.1/CMakeFiles/CMakeTmp

Run Build Command:"C:/Program Files (x86)/Microsoft Visual Studio/2017/Community/MSBuild/15.0/Bin/MSBuild.exe" "cmTC_7c5fa.vcxproj" "/p:Configuration=Debug" "/p:VisualStudioVersion=15.0"
Microsoft (R) Build Engine version 15.8.169+g1ccb72aefa for .NET Framework
Copyright (C) Microsoft Corporation. All rights reserved.

Build started 10/28/2018 6:16:34 AM.
Project "C:\Users\Nancy\source\repos\curl-7.61.1\CMakeFiles\CMakeTmp\cmTC_7c5fa.vcxproj" on node 1 (default targets).
PrepareForBuild:
  Creating directory "cmTC_7c5fa.dir\Debug\".
  Creating directory "C:\Users\Nancy\source\repos\curl-7.61.1\CMakeFiles\CMakeTmp\Debug\".
  Creating directory "cmTC_7c5fa.dir\Debug\cmTC_7c5fa.tlog\".
InitializeBuildStatus:
  Creating "cmTC_7c5fa.dir\Debug\cmTC_7c5fa.tlog\unsuccessfulbuild" because "AlwaysCreate" was specified.
ClCompile:
  C:\Program Files (x86)\Microsoft Visual Studio\2017\Community\VC\Tools\MSVC\14.15.26726\bin\HostX86\x86\CL.exe /c /I"C:\Users\Nancy\source\repos\curl-7.61.1\include" /Zi /W3 /WX- /diagnostics:classic /Od /Ob0 /Oy- /D WIN32 /D _WINDOWS /D HAVE_MSG_NOSIGNAL /D _WINSOCKAPI_= /D "CMAKE_INTDIR=\"Debug\"" /D _MBCS /Gm- /RTC1 /MDd /GS /fp:precise /Zc:wchar_t /Zc:forScope /Zc:inline /Fo"cmTC_7c5fa.dir\Debug\\" /Fd"cmTC_7c5fa.dir\Debug\vc141.pdb" /Gd /TC /analyze- /FC /errorReport:queue "C:\Users\Nancy\source\repos\curl-7.61.1\CMakeFiles\CMakeTmp\src.c"
  Microsoft (R) C/C++ Optimizing Compiler Version 19.15.26730 for x86
  Copyright (C) Microsoft Corporation.  All rights reserved.
  
  cl /c /I"C:\Users\Nancy\source\repos\curl-7.61.1\include" /Zi /W3 /WX- /diagnostics:classic /Od /Ob0 /Oy- /D WIN32 /D _WINDOWS /D HAVE_MSG_NOSIGNAL /D _WINSOCKAPI_= /D "CMAKE_INTDIR=\"Debug\"" /D _MBCS /Gm- /RTC1 /MDd /GS /fp:precise /Zc:wchar_t /Zc:forScope /Zc:inline /Fo"cmTC_7c5fa.dir\Debug\\" /Fd"cmTC_7c5fa.dir\Debug\vc141.pdb" /Gd /TC /analyze- /FC /errorReport:queue "C:\Users\Nancy\source\repos\curl-7.61.1\CMakeFiles\CMakeTmp\src.c"
  src.c
  
c:\users\nancy\source\repos\curl-7.61.1\cmakefiles\cmaketmp\src.c(9): error C2065: 'MSG_NOSIGNAL': undeclared identifier [C:\Users\Nancy\source\repos\curl-7.61.1\CMakeFiles\CMakeTmp\cmTC_7c5fa.vcxproj]
Done Building Project "C:\Users\Nancy\source\repos\curl-7.61.1\CMakeFiles\CMakeTmp\cmTC_7c5fa.vcxproj" (default targets) -- FAILED.

Build FAILED.

"C:\Users\Nancy\source\repos\curl-7.61.1\CMakeFiles\CMakeTmp\cmTC_7c5fa.vcxproj" (default target) (1) ->
(ClCompile target) -> 
  c:\users\nancy\source\repos\curl-7.61.1\cmakefiles\cmaketmp\src.c(9): error C2065: 'MSG_NOSIGNAL': undeclared identifier [C:\Users\Nancy\source\repos\curl-7.61.1\CMakeFiles\CMakeTmp\cmTC_7c5fa.vcxproj]

    0 Warning(s)
    1 Error(s)

Time Elapsed 00:00:01.07

Source file was:
#undef inline
#include <winsock2.h>
#include <windows.h>
#include <winsock.h>
#ifndef WIN32_LEAN_AND_MEAN
#define WIN32_LEAN_AND_MEAN
#endif
  int main(void) {
    int flag = MSG_NOSIGNAL;
    (void)flag;
    return 0;
  }
Performing C SOURCE FILE Test HAVE_POLL_FINE failed with the following output:
Change Dir: C:/Users/Nancy/source/repos/curl-7.61.1/CMakeFiles/CMakeTmp

Run Build Command:"C:/Program Files (x86)/Microsoft Visual Studio/2017/Community/MSBuild/15.0/Bin/MSBuild.exe" "cmTC_63e9b.vcxproj" "/p:Configuration=Debug" "/p:VisualStudioVersion=15.0"
Microsoft (R) Build Engine version 15.8.169+g1ccb72aefa for .NET Framework
Copyright (C) Microsoft Corporation. All rights reserved.

Build started 10/28/2018 6:16:38 AM.
Project "C:\Users\Nancy\source\repos\curl-7.61.1\CMakeFiles\CMakeTmp\cmTC_63e9b.vcxproj" on node 1 (default targets).
PrepareForBuild:
  Creating directory "cmTC_63e9b.dir\Debug\".
  Creating directory "C:\Users\Nancy\source\repos\curl-7.61.1\CMakeFiles\CMakeTmp\Debug\".
  Creating directory "cmTC_63e9b.dir\Debug\cmTC_63e9b.tlog\".
InitializeBuildStatus:
  Creating "cmTC_63e9b.dir\Debug\cmTC_63e9b.tlog\unsuccessfulbuild" because "AlwaysCreate" was specified.
ClCompile:
  C:\Program Files (x86)\Microsoft Visual Studio\2017\Community\VC\Tools\MSVC\14.15.26726\bin\HostX86\x86\CL.exe /c /I"C:\Users\Nancy\source\repos\curl-7.61.1\include" /Zi /W3 /WX- /diagnostics:classic /Od /Ob0 /Oy- /D WIN32 /D _WINDOWS /D HAVE_POLL_FINE /D _WINSOCKAPI_= /D "CMAKE_INTDIR=\"Debug\"" /D _MBCS /Gm- /RTC1 /MDd /GS /fp:precise /Zc:wchar_t /Zc:forScope /Zc:inline /Fo"cmTC_63e9b.dir\Debug\\" /Fd"cmTC_63e9b.dir\Debug\vc141.pdb" /Gd /TC /analyze- /FC /errorReport:queue "C:\Users\Nancy\source\repos\curl-7.61.1\CMakeFiles\CMakeTmp\src.c"
  Microsoft (R) C/C++ Optimizing Compiler Version 19.15.26730 for x86
  Copyright (C) Microsoft Corporation.  All rights reserved.
  
  cl /c /I"C:\Users\Nancy\source\repos\curl-7.61.1\include" /Zi /W3 /WX- /diagnostics:classic /Od /Ob0 /Oy- /D WIN32 /D _WINDOWS /D HAVE_POLL_FINE /D _WINSOCKAPI_= /D "CMAKE_INTDIR=\"Debug\"" /D _MBCS /Gm- /RTC1 /MDd /GS /fp:precise /Zc:wchar_t /Zc:forScope /Zc:inline /Fo"cmTC_63e9b.dir\Debug\\" /Fd"cmTC_63e9b.dir\Debug\vc141.pdb" /Gd /TC /analyze- /FC /errorReport:queue "C:\Users\Nancy\source\repos\curl-7.61.1\CMakeFiles\CMakeTmp\src.c"
  src.c
  
c:\users\nancy\source\repos\curl-7.61.1\cmakefiles\cmaketmp\src.c(6): warning C4013: 'poll' undefined; assuming extern returning int [C:\Users\Nancy\source\repos\curl-7.61.1\CMakeFiles\CMakeTmp\cmTC_63e9b.vcxproj]
Link:
  C:\Program Files (x86)\Microsoft Visual Studio\2017\Community\VC\Tools\MSVC\14.15.26726\bin\HostX86\x86\link.exe /ERRORREPORT:QUEUE /OUT:"C:\Users\Nancy\source\repos\curl-7.61.1\CMakeFiles\CMakeTmp\Debug\cmTC_63e9b.exe" /INCREMENTAL /NOLOGO ws2_32.lib kernel32.lib user32.lib gdi32.lib winspool.lib shell32.lib ole32.lib oleaut32.lib uuid.lib comdlg32.lib advapi32.lib /MANIFEST /MANIFESTUAC:"level='asInvoker' uiAccess='false'" /manifest:embed /DEBUG /PDB:"C:/Users/Nancy/source/repos/curl-7.61.1/CMakeFiles/CMakeTmp/Debug/cmTC_63e9b.pdb" /SUBSYSTEM:CONSOLE /TLBID:1 /DYNAMICBASE /NXCOMPAT /IMPLIB:"C:/Users/Nancy/source/repos/curl-7.61.1/CMakeFiles/CMakeTmp/Debug/cmTC_63e9b.lib" /MACHINE:X86 /SAFESEH  /machine:X86 cmTC_63e9b.dir\Debug\src.obj
src.obj : error LNK2019: unresolved external symbol _poll referenced in function _main [C:\Users\Nancy\source\repos\curl-7.61.1\CMakeFiles\CMakeTmp\cmTC_63e9b.vcxproj]
C:\Users\Nancy\source\repos\curl-7.61.1\CMakeFiles\CMakeTmp\Debug\cmTC_63e9b.exe : fatal error LNK1120: 1 unresolved externals [C:\Users\Nancy\source\repos\curl-7.61.1\CMakeFiles\CMakeTmp\cmTC_63e9b.vcxproj]
Done Building Project "C:\Users\Nancy\source\repos\curl-7.61.1\CMakeFiles\CMakeTmp\cmTC_63e9b.vcxproj" (default targets) -- FAILED.

Build FAILED.

"C:\Users\Nancy\source\repos\curl-7.61.1\CMakeFiles\CMakeTmp\cmTC_63e9b.vcxproj" (default target) (1) ->
(ClCompile target) -> 
  c:\users\nancy\source\repos\curl-7.61.1\cmakefiles\cmaketmp\src.c(6): warning C4013: 'poll' undefined; assuming extern returning int [C:\Users\Nancy\source\repos\curl-7.61.1\CMakeFiles\CMakeTmp\cmTC_63e9b.vcxproj]


"C:\Users\Nancy\source\repos\curl-7.61.1\CMakeFiles\CMakeTmp\cmTC_63e9b.vcxproj" (default target) (1) ->
(Link target) -> 
  src.obj : error LNK2019: unresolved external symbol _poll referenced in function _main [C:\Users\Nancy\source\repos\curl-7.61.1\CMakeFiles\CMakeTmp\cmTC_63e9b.vcxproj]
  C:\Users\Nancy\source\repos\curl-7.61.1\CMakeFiles\CMakeTmp\Debug\cmTC_63e9b.exe : fatal error LNK1120: 1 unresolved externals [C:\Users\Nancy\source\repos\curl-7.61.1\CMakeFiles\CMakeTmp\cmTC_63e9b.vcxproj]

    1 Warning(s)
    2 Error(s)

Time Elapsed 00:00:01.10

Return value: 1
Source file was:

    #ifdef HAVE_SYS_POLL_H
    #  include <sys/poll.h>
    #endif
    int main(void) {
      return poll((void *)0, 0, 10 /*ms*/);
    }
